Log file open, 12/04/18 14:34:42
LogWindows: Failed to load 'aqProf.dll' (GetLastError=126)
LogWindows: File 'aqProf.dll' does not exist
LogWindows: Failed to load 'VSPerf140.dll' (GetLastError=126)
LogWindows: File 'VSPerf140.dll' does not exist
LogWindows: Failed to load 'VtuneApi.dll' (GetLastError=126)
LogWindows: File 'VtuneApi.dll' does not exist
LogWindows: Failed to load 'VtuneApi32e.dll' (GetLastError=126)
LogWindows: File 'VtuneApi32e.dll' does not exist
LogInit: Display: Running engine for game: AsteroidsEvolution
LogPlatformFile: Not using cached read wrapper
LogTaskGraph: Started task graph with 5 named threads and 35 total threads with 3 sets of task threads.
LogStats: Stats thread started at 0.397936
LogD3D11RHI: Loaded GFSDK_Aftermath_Lib.x64.dll
LogICUInternationalization: Display: ICU TimeZone Detection - Raw Offset: +1:00, Platform Override: ''
LogPluginManager: Mounting plugin Paper2D
LogPluginManager: Mounting plugin AISupport
LogPluginManager: Mounting plugin LightPropagationVolume
LogPluginManager: Mounting plugin CLionSourceCodeAccess
LogPluginManager: Mounting plugin CodeLiteSourceCodeAccess
LogPluginManager: Mounting plugin GitSourceControl
LogPluginManager: Mounting plugin KDevelopSourceCodeAccess
LogPluginManager: Mounting plugin NullSourceCodeAccess
LogPluginManager: Mounting plugin PerforceSourceControl
LogPluginManager: Mounting plugin SubversionSourceControl
LogPluginManager: Mounting plugin UObjectPlugin
LogPluginManager: Mounting plugin VisualStudioCodeSourceCodeAccess
LogPluginManager: Mounting plugin VisualStudioSourceCodeAccess
LogPluginManager: Mounting plugin XCodeSourceCodeAccess
LogPluginManager: Mounting plugin AssetManagerEditor
LogPluginManager: Mounting plugin CryptoKeys
LogPluginManager: Mounting plugin DataValidation
LogPluginManager: Mounting plugin FacialAnimation
LogPluginManager: Mounting plugin GameplayTagsEditor
LogPluginManager: Mounting plugin MacGraphicsSwitching
LogPluginManager: Mounting plugin MeshEditor
LogPluginManager: Mounting plugin MobileLauncherProfileWizard
LogPluginManager: Mounting plugin PluginBrowser
LogPluginManager: Mounting plugin SpeedTreeImporter
LogPluginManager: Mounting plugin DatasmithContent
LogPluginManager: Mounting plugin AlembicImporter
LogPluginManager: Mounting plugin AppleImageUtils
LogPluginManager: Mounting plugin AppleVision
LogPluginManager: Mounting plugin BackChannel
LogPluginManager: Mounting plugin CharacterAI
LogPluginManager: Mounting plugin GeometryCache
LogPluginManager: Mounting plugin HTML5Networking
LogPluginManager: Mounting plugin ProxyLODPlugin
LogPluginManager: Mounting plugin MagicLeap
LogPluginManager: Mounting plugin MagicLeapEmulator
LogPluginManager: Mounting plugin MagicLeapMedia
LogPluginManager: Mounting plugin AndroidMedia
LogPluginManager: Mounting plugin AvfMedia
LogPluginManager: Mounting plugin ImgMedia
LogPluginManager: Mounting plugin LinearTimecode
LogPluginManager: Mounting plugin MediaCompositing
LogPluginManager: Mounting plugin MediaPlayerEditor
LogPluginManager: Mounting plugin WmfMedia
LogPluginManager: Mounting plugin TcpMessaging
LogPluginManager: Mounting plugin UdpMessaging
LogPluginManager: Mounting plugin ActorSequence
LogPluginManager: Mounting plugin LevelSequenceEditor
LogPluginManager: Mounting plugin MatineeToLevelSequence
LogPluginManager: Mounting plugin NetcodeUnitTest
LogPluginManager: Mounting plugin NUTUnrealEngine4
LogPluginManager: Mounting plugin OnlineSubsystemGooglePlay
LogPluginManager: Mounting plugin OnlineSubsystemIOS
LogPluginManager: Mounting plugin OnlineSubsystem
LogPluginManager: Mounting plugin OnlineSubsystemNull
LogPluginManager: Mounting plugin OnlineSubsystemUtils
LogPluginManager: Mounting plugin LauncherChunkInstaller
LogPluginManager: Mounting plugin AndroidDeviceProfileSelector
LogPluginManager: Mounting plugin AndroidMoviePlayer
LogPluginManager: Mounting plugin AndroidPermission
LogPluginManager: Mounting plugin AppleMoviePlayer
LogPluginManager: Mounting plugin ArchVisCharacter
LogPluginManager: Mounting plugin AudioCapture
LogPluginManager: Mounting plugin CableComponent
LogPluginManager: Mounting plugin CustomMeshComponent
LogPluginManager: Mounting plugin EditableMesh
LogPluginManager: Mounting plugin ExampleDeviceProfileSelector
LogPluginManager: Mounting plugin GoogleCloudMessaging
LogPluginManager: Mounting plugin ImmediatePhysics
LogPluginManager: Mounting plugin IOSDeviceProfileSelector
LogPluginManager: Mounting plugin LinuxDeviceProfileSelector
LogPluginManager: Mounting plugin LocationServicesBPLibrary
LogPluginManager: Mounting plugin MobilePatchingUtils
LogPluginManager: Mounting plugin OculusVR
LogPluginManager: Plugin shader directory ../../../Engine/Plugins/Runtime/Oculus/OculusVR/Shaders found
LogPluginManager: Mapping shader source directory ../../../Engine/Plugins/Runtime/Oculus/OculusVR/Shaders to virtual directory /Plugin/OculusVR
LogPluginManager: Mounting plugin PhysXVehicles
LogPluginManager: Mounting plugin ProceduralMeshComponent
LogPluginManager: Mounting plugin RuntimePhysXCooking
LogPluginManager: Mounting plugin SteamVR
LogPluginManager: Mounting plugin WindowsMoviePlayer
LogStreaming: Display: Took  0.097s to configure plugins.
LogInit: Using libcurl 7.55.1-DEV
LogInit:  - built for x86_64-pc-win32
LogInit:  - supports SSL with OpenSSL/1.0.2h
LogInit:  - supports HTTP deflate (compression) using libz 1.2.8
LogInit:  - other features:
LogInit:      CURL_VERSION_SSL
LogInit:      CURL_VERSION_LIBZ
LogInit:      CURL_VERSION_IPV6
LogInit:      CURL_VERSION_ASYNCHDNS
LogInit:      CURL_VERSION_LARGEFILE
LogInit:      CURL_VERSION_IDN
LogInit:  CurlRequestOptions (configurable via config and command line):
LogInit:  - bVerifyPeer = false  - Libcurl will NOT verify peer certificate
LogInit:  - bUseHttpProxy = false  - Libcurl will NOT use HTTP proxy
LogInit:  - bDontReuseConnections = false  - Libcurl will reuse connections
LogInit:  - CertBundlePath = nullptr  - Libcurl will use whatever was configured at build time.
LogInit:  - MaxHostConnections = 16  - Libcurl will limit the number of connections to a host
LogInit:  - LocalHostAddr = Default
LogInit:  - BufferSize = 65536
LogInit: WinSock: version 1.1 (2.2), MaxSocks=32767, MaxUdp=65467
LogInit: Build: ++UE4+Release-4.20-CL-4369336
LogInit: Engine Version: 4.20.3-4369336+++UE4+Release-4.20
LogInit: Compatible Engine Version: 4.20.0-4212847+++UE4+Release-4.20
LogInit: Net CL: 4212847
LogInit: OS: Windows 10 (), CPU: Intel(R) Core(TM) i7-8750H CPU @ 2.20GHz, GPU: Intel(R) UHD Graphics 630
LogInit: Compiled (64-bit): Sep 17 2018 12:26:19
LogInit: Compiled with Visual C++: 19.13.26129.00
LogInit: Build Configuration: Development
LogInit: Branch Name: ++UE4+Release-4.20
LogInit: Command Line: 
LogInit: Base Directory: D:/Programmes/Epic Games/UE_4.20/Engine/Binaries/Win64/
LogInit: Installed Engine Build: 1
LogDevObjectVersion: Number of dev versions registered: 20
LogDevObjectVersion:   Dev-Blueprints (B0D832E4-1F89-4F0D-ACCF-7EB736FD4AA2): 10
LogDevObjectVersion:   Dev-Build (E1C64328-A22C-4D53-A36C-8E866417BD8C): 0
LogDevObjectVersion:   Dev-Core (375EC13C-06E4-48FB-B500-84F0262A717E): 2
LogDevObjectVersion:   Dev-Editor (E4B068ED-F494-42E9-A231-DA0B2E46BB41): 24
LogDevObjectVersion:   Dev-Framework (CFFC743F-43B0-4480-9391-14DF171D2073): 34
LogDevObjectVersion:   Dev-Mobile (B02B49B5-BB20-44E9-A304-32B752E40360): 2
LogDevObjectVersion:   Dev-Networking (A4E4105C-59A1-49B5-A7C5-40C4547EDFEE): 0
LogDevObjectVersion:   Dev-Online (39C831C9-5AE6-47DC-9A44-9C173E1C8E7C): 0
LogDevObjectVersion:   Dev-Physics (78F01B33-EBEA-4F98-B9B4-84EACCB95AA2): 0
LogDevObjectVersion:   Dev-Platform (6631380F-2D4D-43E0-8009-CF276956A95A): 0
LogDevObjectVersion:   Dev-Rendering (12F88B9F-8875-4AFC-A67C-D90C383ABD29): 26
LogDevObjectVersion:   Dev-Sequencer (7B5AE74C-D270-4C10-A958-57980B212A5A): 9
LogDevObjectVersion:   Dev-VR (D7296918-1DD6-4BDD-9DE2-64A83CC13884): 2
LogDevObjectVersion:   Dev-LoadTimes (C2A15278-BFE7-4AFE-6C17-90FF531DF755): 1
LogDevObjectVersion:   Private-Geometry (6EACA3D4-40EC-4CC1-B786-8BED09428FC5): 3
LogDevObjectVersion:   Dev-AnimPhys (29E575DD-E0A3-4627-9D10-D276232CDCEA): 17
LogDevObjectVersion:   Dev-ReflectionCapture (6B266CEC-1EC7-4B8F-A30B-E4D90942FC07): 1
LogDevObjectVersion:   Dev-Automation (0DF73D61-A23F-47EA-B727-89E90C41499A): 1
LogDevObjectVersion:   FortniteMain (601D1886-AC64-4F84-AA16-D3DE0DEAC7D6): 12
LogDevObjectVersion:   Dev-Enterprise (9DFFBCD6-494F-0158-E221-12823C92A888): 1
LogStreaming: Display: Took  0.000s to delete old logs.
LogInit: Presizing for max 8388607 objects, including 0 objects not considered by GC, pre-allocating 0 bytes for permanent pool.
LogInit: Object subsystem initialized
[2018.12.04-13.34.43:206][  0]LogInit: Selected Device Profile: [Windows]
[2018.12.04-13.34.43:206][  0]LogInit: Applying CVar settings loaded from the selected device profile: [Windows]
[2018.12.04-13.34.43:213][  0]LogHAL: Display: Platform has ~ 16 GB [17032716288 / 17179869184 / 16], which maps to Larger [LargestMinGB=32, LargerMinGB=12, DefaultMinGB=8, SmallerMinGB=6, SmallestMinGB=0)
[2018.12.04-13.34.43:213][  0]LogInit: Setting Device Profile CVar: [[r.Vulkan.UseRealUBs:1]]
[2018.12.04-13.34.43:213][  0]LogInit: Going up to parent DeviceProfile []
[2018.12.04-13.34.43:213][  0]LogInit: Computer: DESKTOP-2U8UHNV
[2018.12.04-13.34.43:213][  0]LogInit: User: benji
[2018.12.04-13.34.43:213][  0]LogInit: CPU Page size=4096, Cores=6
[2018.12.04-13.34.43:213][  0]LogInit: High frequency timer resolution =2.156254 MHz
[2018.12.04-13.34.43:214][  0]LogMemory: Memory total: Physical=15.9GB (16GB approx)
[2018.12.04-13.34.43:214][  0]LogMemory: Platform Memory Stats for Windows
[2018.12.04-13.34.43:214][  0]LogMemory: Process Physical Memory: 102.32 MB used, 102.32 MB peak
[2018.12.04-13.34.43:214][  0]LogMemory: Process Virtual Memory: 93.96 MB used, 93.96 MB peak
[2018.12.04-13.34.43:214][  0]LogMemory: Physical Memory: 6431.69 MB used,  9811.97 MB free, 16243.66 MB total
[2018.12.04-13.34.43:214][  0]LogMemory: Virtual Memory: 4660.43 MB used,  9811.97 MB free, 134217728.00 MB total
[2018.12.04-13.34.43:230][  0]LogInit: Using OS detected language (fr-FR).
[2018.12.04-13.34.43:230][  0]LogInit: Using OS detected locale (fr-FR).
[2018.12.04-13.34.43:230][  0]LogTextLocalizationManager: No specific localization for 'fr-FR' exists, so the 'fr' localization will be used.
[2018.12.04-13.34.43:231][  0]LogStreaming: Display: Took  0.001s to InitEngineTextLocalization.
[2018.12.04-13.34.43:231][  0]LogInit: Setting process to per monitor DPI aware
[2018.12.04-13.34.43:260][  0]LogSlate: New Slate User Created.  User Index 0, Is Virtual User: 0
[2018.12.04-13.34.43:260][  0]LogSlate: Slate User Registered.  User Index 0, Is Virtual User: 0
[2018.12.04-13.34.43:431][  0]LogHMD: Failed to initialize OpenVR with code 110
[2018.12.04-13.34.43:431][  0]LogD3D11RHI: D3D11 adapters:
[2018.12.04-13.34.43:949][  0]LogD3D11RHI:    0. 'NVIDIA GeForce GTX 1060 with Max-Q Design' (Feature Level 11_0)
[2018.12.04-13.34.43:949][  0]LogD3D11RHI:       6052/0/8121 MB DedicatedVideo/DedicatedSystem/SharedSystem, Outputs:1, VendorId:0x10de
[2018.12.04-13.34.43:962][  0]LogD3D11RHI:    1. 'Intel(R) UHD Graphics 630' (Feature Level 11_0)
[2018.12.04-13.34.43:962][  0]LogD3D11RHI:       128/0/8121 MB DedicatedVideo/DedicatedSystem/SharedSystem, Outputs:0, VendorId:0x8086
[2018.12.04-13.34.43:964][  0]LogD3D11RHI:    2. 'Microsoft Basic Render Driver' (Feature Level 11_0)
[2018.12.04-13.34.43:964][  0]LogD3D11RHI:       0/0/8121 MB DedicatedVideo/DedicatedSystem/SharedSystem, Outputs:0, VendorId:0x1414
[2018.12.04-13.34.43:964][  0]LogD3D11RHI: Chosen D3D11 Adapter: 0
[2018.12.04-13.34.43:987][  0]LogD3D11RHI: Creating new Direct3DDevice
[2018.12.04-13.34.43:987][  0]LogD3D11RHI:     GPU DeviceId: 0x1c20 (for the marketing name, search the web for "GPU Device Id")
[2018.12.04-13.34.43:987][  0]LogWindows: EnumDisplayDevices:
[2018.12.04-13.34.43:987][  0]LogWindows:    0. 'Intel(R) UHD Graphics 630' (P:1 D:1)
[2018.12.04-13.34.43:988][  0]LogWindows:    1. 'Intel(R) UHD Graphics 630' (P:0 D:0)
[2018.12.04-13.34.43:988][  0]LogWindows:    2. 'Intel(R) UHD Graphics 630' (P:0 D:0)
[2018.12.04-13.34.43:988][  0]LogWindows:    3. 'NVIDIA GeForce GTX 1060 with Max-Q Design' (P:0 D:0)
[2018.12.04-13.34.43:988][  0]LogWindows: DebugString: PrimaryIsNotTheChoosenAdapter PrimaryIsNotTheChoosenAdapter PrimaryIsNotTheChoosenAdapter 
[2018.12.04-13.34.43:988][  0]LogD3D11RHI:     Adapter Name: NVIDIA GeForce GTX 1060 with Max-Q Design
[2018.12.04-13.34.43:988][  0]LogD3D11RHI:   Driver Version: 411.63 (internal:24.21.14.1163, unified:411.63)
[2018.12.04-13.34.43:988][  0]LogD3D11RHI:      Driver Date: 9-18-2018
[2018.12.04-13.34.43:988][  0]LogRHI: Texture pool is 4236 MB (70% of 6052 MB)
[2018.12.04-13.34.44:023][  0]LogD3D11RHI: Async texture creation enabled
[2018.12.04-13.34.44:042][  0]LogD3D11RHI: GPU Timing Frequency: 1000.000000 (Debug: 2 2)
[2018.12.04-13.34.44:043][  0]LogShaderCompilers: Guid format shader working directory is -51 characters bigger than the processId version (../../../../../../Projets/Unreal/Unreal_AsteroidsEvolution/asteroids-evolution/AsteroidsEvolution/Intermediate/Shaders/WorkingDirectory/5348/).
[2018.12.04-13.34.44:043][  0]LogShaderCompilers: Cleaned the shader compiler working directory 'C:/Users/benji/AppData/Local/Temp/UnrealShaderWorkingDir/2C632FB647DD3F819E68AE81721B569C/'.
[2018.12.04-13.34.44:270][  0]LogTemp: Display: Loaded TP AllDesktopTargetPlatform
[2018.12.04-13.34.44:281][  0]LogTemp: Display: Loaded TP MacClientTargetPlatform
[2018.12.04-13.34.44:292][  0]LogTemp: Display: Loaded TP MacNoEditorTargetPlatform
[2018.12.04-13.34.44:302][  0]LogTemp: Display: Loaded TP MacServerTargetPlatform
[2018.12.04-13.34.44:314][  0]LogTemp: Display: Loaded TP MacTargetPlatform
[2018.12.04-13.34.44:324][  0]LogTemp: Display: Loaded TP WindowsClientTargetPlatform
[2018.12.04-13.34.44:335][  0]LogTemp: Display: Loaded TP WindowsNoEditorTargetPlatform
[2018.12.04-13.34.44:346][  0]LogTemp: Display: Loaded TP WindowsServerTargetPlatform
[2018.12.04-13.34.44:351][  0]LogTemp: Display: Loaded TP WindowsTargetPlatform
[2018.12.04-13.34.44:420][  0]LogTemp: Display: Loaded TP AndroidTargetPlatform
[2018.12.04-13.34.44:420][  0]LogTemp: Display: Loaded TP AndroidTargetPlatform
[2018.12.04-13.34.44:420][  0]LogTemp: Display: Loaded TP AndroidTargetPlatform
[2018.12.04-13.34.44:420][  0]LogTemp: Display: Loaded TP AndroidTargetPlatform
[2018.12.04-13.34.44:420][  0]LogTemp: Display: Loaded TP AndroidTargetPlatform
[2018.12.04-13.34.44:420][  0]LogTemp: Display: Loaded TP AndroidTargetPlatform
[2018.12.04-13.34.44:420][  0]LogTemp: Display: Loaded TP AndroidTargetPlatform
[2018.12.04-13.34.44:420][  0]LogTemp: Display: Loaded TP AndroidTargetPlatform
[2018.12.04-13.34.44:420][  0]LogTemp: Display: Loaded TP AndroidTargetPlatform
[2018.12.04-13.34.44:420][  0]LogTemp: Display: Loaded TP AndroidTargetPlatform
[2018.12.04-13.34.44:420][  0]LogTemp: Display: Loaded TP AndroidTargetPlatform
[2018.12.04-13.34.44:420][  0]LogTemp: Display: Loaded TP AndroidTargetPlatform
[2018.12.04-13.34.44:420][  0]LogTemp: Display: Loaded TP AndroidTargetPlatform
[2018.12.04-13.34.44:420][  0]LogTemp: Display: Loaded TP AndroidTargetPlatform
[2018.12.04-13.34.44:420][  0]LogTemp: Display: Loaded TP AndroidTargetPlatform
[2018.12.04-13.34.44:420][  0]LogTemp: Display: Loaded TP AndroidTargetPlatform
[2018.12.04-13.34.44:420][  0]LogTemp: Display: Loaded TP AndroidTargetPlatform
[2018.12.04-13.34.44:420][  0]LogTemp: Display: Loaded TP AndroidTargetPlatform
[2018.12.04-13.34.44:421][  0]LogTemp: Display: Loaded TP HTML5TargetPlatform
[2018.12.04-13.34.44:482][  0]LogTemp: Display: Loaded TP IOSTargetPlatform
[2018.12.04-13.34.44:482][  0]LogTemp: Display: Loaded TP IOSTargetPlatform
[2018.12.04-13.34.44:501][  0]LogTemp: Display: Loaded TP TVOSTargetPlatform
[2018.12.04-13.34.44:501][  0]LogTemp: Display: Loaded TP TVOSTargetPlatform
[2018.12.04-13.34.44:511][  0]LogTemp: Display: Loaded TP LinuxClientTargetPlatform
[2018.12.04-13.34.44:522][  0]LogTemp: Display: Loaded TP LinuxNoEditorTargetPlatform
[2018.12.04-13.34.44:532][  0]LogTemp: Display: Loaded TP LinuxServerTargetPlatform
[2018.12.04-13.34.44:542][  0]LogTemp: Display: Loaded TP LinuxTargetPlatform
[2018.12.04-13.34.44:550][  0]LogTemp: Display: Loaded TP LuminTargetPlatform
[2018.12.04-13.34.44:550][  0]LogTargetPlatformManager: Display: Building Assets For Windows
[2018.12.04-13.34.44:586][  0]LogXGEController: Cleaning working directory: C:/Users/benji/AppData/Local/Temp/UnrealXGEWorkingDir/
[2018.12.04-13.34.44:586][  0]LogXGEController: Cannot use XGE Controller as Incredibuild is not installed on this machine.
[2018.12.04-13.34.44:586][  0]LogShaderCompilers: Cannot use XGE Shader Compiler as Incredibuild is not installed on this machine.
[2018.12.04-13.34.44:586][  0]LogShaderCompilers: Display: Using Local Shader Compiler.
[2018.12.04-13.34.45:148][  0]LogDerivedDataCache: Display: Max Cache Size: 512 MB
[2018.12.04-13.34.45:198][  0]LogDerivedDataCache: Loaded boot cache 0.05s 71MB C:/Users/benji/AppData/Local/UnrealEngine/4.20/DerivedDataCache/Boot.ddc.
[2018.12.04-13.34.45:198][  0]LogDerivedDataCache: Display: Loaded Boot cache: C:/Users/benji/AppData/Local/UnrealEngine/4.20/DerivedDataCache/Boot.ddc
[2018.12.04-13.34.45:198][  0]LogDerivedDataCache: FDerivedDataBackendGraph:  Pak pak cache file ../../../../../../Projets/Unreal/Unreal_AsteroidsEvolution/asteroids-evolution/AsteroidsEvolution/DerivedDataCache/DDC.ddp not found, will not use a pak cache.
[2018.12.04-13.34.45:198][  0]LogDerivedDataCache: Unable to find inner node Pak for hierarchical cache Hierarchy.
[2018.12.04-13.34.45:198][  0]LogDerivedDataCache: FDerivedDataBackendGraph:  CompressedPak pak cache file ../../../../../../Projets/Unreal/Unreal_AsteroidsEvolution/asteroids-evolution/AsteroidsEvolution/DerivedDataCache/Compressed.ddp not found, will not use a pak cache.
[2018.12.04-13.34.45:198][  0]LogDerivedDataCache: Unable to find inner node CompressedPak for hierarchical cache Hierarchy.
[2018.12.04-13.34.45:209][  0]LogDerivedDataCache: Display: Pak cache opened for reading ../../../Engine/DerivedDataCache/Compressed.ddp.
[2018.12.04-13.34.45:222][  0]LogDerivedDataCache: Using Local data cache path C:/Users/benji/AppData/Local/UnrealEngine/Common/DerivedDataCache: Writable
[2018.12.04-13.34.45:222][  0]LogDerivedDataCache: Shared data cache path not found in *engine.ini, will not use an Shared cache.
[2018.12.04-13.34.45:222][  0]LogDerivedDataCache: Unable to find inner node Shared for hierarchical cache Hierarchy.
[2018.12.04-13.34.45:237][  0]LogMaterial: Verifying Global Shaders for PCD3D_SM5
[2018.12.04-13.34.45:238][  0]LogSlate: Using FreeType 2.6.0
[2018.12.04-13.34.45:239][  0]LogSlate: SlateFontServices - WITH_FREETYPE: 1, WITH_HARFBUZZ: 1
[2018.12.04-13.34.45:302][  0]LogAssetRegistry: FAssetRegistry took 0.0251 seconds to start up
[2018.12.04-13.34.45:558][  0]LogInit: Selected Device Profile: [Windows]
[2018.12.04-13.34.45:665][  0]LogSimplygon: Simplygon DLL not present - disabling.
[2018.12.04-13.34.45:667][  0]LogMeshReduction: Using SimplygonSwarm for distributed automatic mesh merging
[2018.12.04-13.34.45:667][  0]LogMeshReduction: Using ProxyLODMeshReduction for automatic mesh merging
[2018.12.04-13.34.45:667][  0]LogMeshReduction: Using QuadricMeshReduction for automatic static mesh reduction
[2018.12.04-13.34.45:667][  0]LogMeshReduction: No automatic skeletal mesh reduction module available
[2018.12.04-13.34.45:679][  0]LogNetVersion: AsteroidsEvolution 1.0.0, NetCL: 4212847, EngineNetVer: 5, GameNetVer: 0 (Checksum: 2510261473)
[2018.12.04-13.34.46:108][  0]LogPackageLocalizationCache: Processed 11 localized package path(s) for 2 prioritized culture(s) in 0.100730 seconds
[2018.12.04-13.34.46:113][  0]LogUObjectArray: 38425 objects as part of root set at end of initial load.
[2018.12.04-13.34.46:113][  0]LogUObjectAllocator: 6690864 out of 0 bytes used by permanent object pool.
[2018.12.04-13.34.46:113][  0]LogUObjectArray: CloseDisregardForGC: 0/0 objects in disregard for GC pool
[2018.12.04-13.34.46:800][  0]LogTcpMessaging: Initializing TcpMessaging bridge
[2018.12.04-13.34.46:814][  0]LogUdpMessaging: Initializing bridge on interface 0.0.0.0:0 to multicast group 230.0.0.1:6666.
[2018.12.04-13.34.46:957][  0]SourceControl: Source control is disabled
[2018.12.04-13.34.46:957][  0]SourceControl: Source control is disabled
[2018.12.04-13.34.46:958][  0]SourceControl: Source control is disabled
[2018.12.04-13.34.46:959][  0]SourceControl: Source control is disabled
[2018.12.04-13.34.47:105][  0]LogAndroidPermission: UAndroidPermissionCallbackProxy::GetInstance
[2018.12.04-13.34.47:175][  0]LogOcInput: OculusInput pre-init called
[2018.12.04-13.34.47:222][  0]LogEngine: Initializing Engine...
[2018.12.04-13.34.47:223][  0]LogHMD: Failed to initialize OpenVR with code 110
[2018.12.04-13.34.47:224][  0]LogStats: UGameplayTagsManager::ConstructGameplayTagTree: ImportINI prefixes -  0.000 s
[2018.12.04-13.34.47:224][  0]LogStats: UGameplayTagsManager::ConstructGameplayTagTree: Construct from data asset -  0.000 s
[2018.12.04-13.34.47:224][  0]LogStats: UGameplayTagsManager::ConstructGameplayTagTree: ImportINI -  0.000 s
[2018.12.04-13.34.47:224][  0]LogStats: UGameplayTagsManager::ConstructGameplayTagTree: GameplayTagTreeChangedEvent.Broadcast -  0.000 s
[2018.12.04-13.34.47:398][  0]LogInit: Initializing FReadOnlyCVARCache
[2018.12.04-13.34.47:406][  0]LogAIModule: Creating AISystem for world Untitled
[2018.12.04-13.34.47:416][  0]LogInit: XAudio2 using 'Headset Earphone (Razer Kraken 7.1 V2)' : 2 channels at 48 kHz using 16 bits per sample (channel mask 0x3)
[2018.12.04-13.34.47:460][  0]LogInit: FAudioDevice initialized.
[2018.12.04-13.34.47:460][  0]LogNetVersion: Set ProjectVersion to 1.0.0.0. Version Checksum will be recalculated on next use.
[2018.12.04-13.34.47:538][  0]LogDerivedDataCache: Saved boot cache 0.08s 71MB C:/Users/benji/AppData/Local/UnrealEngine/4.20/DerivedDataCache/Boot.ddc.
[2018.12.04-13.34.47:549][  0]LogInit: Texture streaming: Enabled
[2018.12.04-13.34.47:560][  0]LogEngineSessionManager: EngineSessionManager initialized
[2018.12.04-13.34.47:560][  0]LogEngineSessionManager: EngineSessionManager sent abnormal shutdown report. Type=Crashed, SessionId={03379617-45E6-E261-7EFE-88B28E0394A3}
[2018.12.04-13.34.47:570][  0]LogInit: Transaction tracking system initialized
[2018.12.04-13.34.47:582][  0]BlueprintLog: New page: Editor Load
[2018.12.04-13.34.47:637][  0]LocalizationService: Localization service is disabled
[2018.12.04-13.34.47:996][  0]LogCook: Display: Max memory allowance for cook 16384mb min free memory 0mb
[2018.12.04-13.34.47:996][  0]LogCook: Display: Mobile HDR setting 1
[2018.12.04-13.34.47:996][  0]LogGameplayTags: Display: UGameplayTagsManager::DoneAddingNativeTags. DelegateIsBound: 0
[2018.12.04-13.34.47:996][  0]LogStats: UGameplayTagsManager::ConstructGameplayTagTree: ImportINI prefixes -  0.000 s
[2018.12.04-13.34.47:996][  0]LogStats: UGameplayTagsManager::ConstructGameplayTagTree: Construct from data asset -  0.000 s
[2018.12.04-13.34.47:996][  0]LogStats: UGameplayTagsManager::ConstructGameplayTagTree: ImportINI -  0.000 s
[2018.12.04-13.34.47:996][  0]LogStats: UGameplayTagsManager::ConstructGameplayTagTree: GameplayTagTreeChangedEvent.Broadcast -  0.000 s
[2018.12.04-13.34.48:073][  0]LogFileCache: Scanning file cache for directory 'D:/Projets/Unreal/Unreal_AsteroidsEvolution/asteroids-evolution/AsteroidsEvolution/Content/' took 0.01s
[2018.12.04-13.34.48:073][  0]SourceControl: Source control is disabled
[2018.12.04-13.34.48:074][  0]LightingResults: New page: Lighting Build
[2018.12.04-13.34.48:075][  0]MapCheck: New page: Map Check
[2018.12.04-13.34.48:075][  0]LightingResults: New page: Lighting Build
[2018.12.04-13.34.48:324][  0]LogAIModule: Creating AISystem for world TwinStickExampleMap
[2018.12.04-13.34.48:329][  0]LogEditorServer: Finished looking for orphan Actors (0.000 secs)
[2018.12.04-13.34.48:351][  0]Cmd: MAP CHECKDEP NOCLEARLOG
[2018.12.04-13.34.48:390][  0]MapCheck: Map check complete: 0 Error(s), 0 Warning(s), took 37,782ms to complete.
[2018.12.04-13.34.48:390][  0]LogFileHelpers: Loading map 'TwinStickExampleMap' took 0.316
[2018.12.04-13.34.48:473][  0]LogSlate: Updating window title bar state: overlay mode, drag disabled, window buttons hidden, title bar hidden
[2018.12.04-13.34.48:478][  0]LogSlate: Updating window title bar state: overlay mode, drag disabled, window buttons hidden, title bar hidden
[2018.12.04-13.34.48:484][  0]LogSlate: Updating window title bar state: overlay mode, drag disabled, window buttons hidden, title bar hidden
[2018.12.04-13.34.48:490][  0]LogSlate: Updating window title bar state: overlay mode, drag disabled, window buttons hidden, title bar hidden
[2018.12.04-13.34.48:494][  0]LogCollectionManager: Loaded 0 collections in 0.000758 seconds
[2018.12.04-13.34.48:534][  0]LogFileCache: Scanning file cache for directory 'D:/Projets/Unreal/Unreal_AsteroidsEvolution/asteroids-evolution/AsteroidsEvolution/Saved/Collections/' took 0.01s
[2018.12.04-13.34.48:534][  0]LogFileCache: Scanning file cache for directory 'D:/Projets/Unreal/Unreal_AsteroidsEvolution/asteroids-evolution/AsteroidsEvolution/Content/Developers/benji/Collections/' took 0.01s
[2018.12.04-13.34.48:534][  0]LogFileCache: Scanning file cache for directory 'D:/Projets/Unreal/Unreal_AsteroidsEvolution/asteroids-evolution/AsteroidsEvolution/Content/Collections/' took 0.01s
[2018.12.04-13.34.48:534][  0]LogCollectionManager: Rebuilt the GUID cache for 0 collections in 0.000000 seconds
[2018.12.04-13.34.48:541][  0]LogContentBrowser: Native class hierarchy populated in 0.0075 seconds. Added 2572 classes and 603 folders.
[2018.12.04-13.34.48:549][  0]LogContentBrowser: Native class hierarchy updated for 'WidgetCarousel' in 0.0002 seconds. Added 0 classes and 0 folders.
[2018.12.04-13.34.48:577][  0]LogContentBrowser: Native class hierarchy updated for 'AddContentDialog' in 0.0002 seconds. Added 0 classes and 0 folders.
[2018.12.04-13.34.48:582][  0]LogContentBrowser: Native class hierarchy updated for 'SceneOutliner' in 0.0002 seconds. Added 1 classes and 2 folders.
[2018.12.04-13.34.48:599][  0]LogSlate: Took 0.000136 seconds to synchronously load lazily loaded font '../../../Engine/Content/Slate/Fonts/Roboto-Regular.ttf' (155K)
[2018.12.04-13.34.48:603][  0]LogSlate: Took 0.000141 seconds to synchronously load lazily loaded font '../../../Engine/Content/Slate/Fonts/Roboto-Bold.ttf' (160K)
[2018.12.04-13.34.48:605][  0]LogSlate: Took 0.000186 seconds to synchronously load lazily loaded font '../../../Engine/Content/Editor/Slate/Fonts/FontAwesome.ttf' (139K)
[2018.12.04-13.34.48:659][  0]LogRenderer: Reallocating scene render targets to support 1528x532 Format 10 NumSamples 1 (Frame:1).
[2018.12.04-13.34.48:774][  0]LogContentBrowser: Native class hierarchy updated for 'HierarchicalLODOutliner' in 0.0006 seconds. Added 0 classes and 0 folders.
[2018.12.04-13.34.48:774][  0]LogLoad: (Engine Initialization) Total time: 7.03 seconds
[2018.12.04-13.34.48:774][  0]LogLoad: (Engine Initialization) Total Blueprint compile time: 0.00 seconds
[2018.12.04-13.34.48:793][  0]LogWindowsTextInputMethodSystem: Display: IME system now deactivated.
[2018.12.04-13.34.48:812][  0]LogContentStreaming: Texture pool size now 1000 MB
[2018.12.04-13.34.48:827][  0]LogSlate: Took 0.000100 seconds to synchronously load lazily loaded font '../../../Engine/Content/Slate/Fonts/Roboto-Light.ttf' (167K)
[2018.12.04-13.34.48:843][  1]LogAssetRegistry: Asset discovery search completed in 3.5631 seconds
[2018.12.04-13.34.48:844][  1]LogCollectionManager: Rebuilt the object cache for 0 collections in 0.000000 seconds (found 0 objects)
[2018.12.04-13.34.48:844][  1]LogCollectionManager: Fixed up redirectors for 0 collections in 0.000036 seconds (updated 0 objects)
[2018.12.04-13.34.49:803][ 54]LogSlate: Took 0.000287 seconds to synchronously load lazily loaded font '../../../Engine/Content/Slate/Fonts/Roboto-Light.ttf' (167K)
[2018.12.04-13.34.51:834][176]LogSlate: FSceneViewport::OnFocusLost() reason 0
[2018.12.04-13.34.57:929][537]LogAIModule: Creating AISystem for world BenjiLevel
[2018.12.04-13.34.57:937][537]LogAssetEditorManager: Opening Asset editor for World /Game/Levels/BenjiLevel.BenjiLevel
[2018.12.04-13.34.57:960][537]Cmd: MAP LOAD FILE="../../../../../../Projets/Unreal/Unreal_AsteroidsEvolution/asteroids-evolution/AsteroidsEvolution/Content/Levels/BenjiLevel.umap" TEMPLATE=0 SHOWPROGRESS=1 FEATURELEVEL=3
[2018.12.04-13.34.57:960][537]LightingResults: New page: Lighting Build
[2018.12.04-13.34.57:961][537]LoadErrors: New page: Loading map: BenjiLevel.umap
[2018.12.04-13.34.57:961][537]MapCheck: New page: Map Check
[2018.12.04-13.34.57:961][537]LightingResults: New page: Lighting Build
[2018.12.04-13.34.57:987][537]LogEditorServer: Finished looking for orphan Actors (0.000 secs)
[2018.12.04-13.34.58:025][537]Cmd: MAP CHECKDEP NOCLEARLOG
[2018.12.04-13.34.58:063][537]MapCheck: Map check complete: 0 Error(s), 0 Warning(s), took 38,4ms to complete.
[2018.12.04-13.34.58:064][537]LogFileHelpers: Loading map 'BenjiLevel' took 0.104
[2018.12.04-13.34.59:430][613]LogTemp: Repeating last play command: Selected Viewport
[2018.12.04-13.34.59:449][613]LogPlayLevel: PlayLevel: No blueprints needed recompiling
[2018.12.04-13.34.59:462][613]PIE: New page: PIE session: BenjiLevel (4 déc. 2018 15:34:59)
[2018.12.04-13.34.59:462][613]LogPlayLevel: Creating play world package: /Game/Levels/UEDPIE_0_BenjiLevel
[2018.12.04-13.34.59:464][613]LogPlayLevel: PIE: StaticDuplicateObject took: (0.001990s)
[2018.12.04-13.34.59:465][613]LogAIModule: Creating AISystem for world BenjiLevel
[2018.12.04-13.34.59:465][613]LogPlayLevel: PIE: World Init took: (0.000599s)
[2018.12.04-13.34.59:465][613]LogPlayLevel: PIE: Created PIE world by copying editor world from /Game/Levels/BenjiLevel.BenjiLevel to /Game/Levels/UEDPIE_0_BenjiLevel.BenjiLevel (0.002708s)
[2018.12.04-13.34.59:493][613]LogInit: XAudio2 using 'Headset Earphone (Razer Kraken 7.1 V2)' : 2 channels at 48 kHz using 16 bits per sample (channel mask 0x3)
[2018.12.04-13.34.59:528][613]LogInit: FAudioDevice initialized.
[2018.12.04-13.34.59:572][613]LogLoad: Game class is 'TwinStickGameMode_C'
[2018.12.04-13.34.59:574][613]LogWorld: Bringing World /Game/Levels/UEDPIE_0_BenjiLevel.BenjiLevel up for play (max tick rate 60) at 2018.12.04-14.34.59
[2018.12.04-13.34.59:574][613]LogWorld: Bringing up level for play took: 0.000779
[2018.12.04-13.34.59:589][613]LogContentBrowser: Native class hierarchy updated for 'MovieSceneCapture' in 0.0002 seconds. Added 10 classes and 0 folders.
[2018.12.04-13.34.59:590][613]PIE: Play in editor start time for /Game/Levels/UEDPIE_0_BenjiLevel -0,528
[2018.12.04-13.34.59:591][613]LogBlueprintUserMessages: [PlayerController_2] 0.0
[2018.12.04-13.34.59:615][614]LogBlueprintUserMessages: [PlayerController_2] 0.0
[2018.12.04-13.34.59:631][615]LogBlueprintUserMessages: [PlayerController_2] 0.0
[2018.12.04-13.34.59:647][616]LogBlueprintUserMessages: [PlayerController_2] 0.0
[2018.12.04-13.34.59:664][617]LogBlueprintUserMessages: [PlayerController_2] 0.0
[2018.12.04-13.34.59:681][618]LogBlueprintUserMessages: [PlayerController_2] 0.0
[2018.12.04-13.34.59:698][619]LogBlueprintUserMessages: [PlayerController_2] 0.0
[2018.12.04-13.34.59:714][620]LogBlueprintUserMessages: [PlayerController_2] 0.0
[2018.12.04-13.34.59:731][621]LogBlueprintUserMessages: [PlayerController_2] 0.0
[2018.12.04-13.34.59:748][622]LogBlueprintUserMessages: [PlayerController_2] 0.0
[2018.12.04-13.34.59:764][623]LogBlueprintUserMessages: [PlayerController_2] 0.0
[2018.12.04-13.34.59:781][624]LogBlueprintUserMessages: [PlayerController_2] 0.0
[2018.12.04-13.34.59:798][625]LogBlueprintUserMessages: [PlayerController_2] 0.0
[2018.12.04-13.34.59:815][626]LogBlueprintUserMessages: [PlayerController_2] 0.0
[2018.12.04-13.34.59:831][627]LogBlueprintUserMessages: [PlayerController_2] 0.0
[2018.12.04-13.34.59:848][628]LogBlueprintUserMessages: [PlayerController_2] 0.0
[2018.12.04-13.34.59:865][629]LogBlueprintUserMessages: [PlayerController_2] 0.0
[2018.12.04-13.34.59:881][630]LogBlueprintUserMessages: [PlayerController_2] 0.0
[2018.12.04-13.34.59:898][631]LogBlueprintUserMessages: [PlayerController_2] 0.0
[2018.12.04-13.34.59:915][632]LogBlueprintUserMessages: [PlayerController_2] 0.0
[2018.12.04-13.34.59:931][633]LogBlueprintUserMessages: [PlayerController_2] 0.0
[2018.12.04-13.34.59:948][634]LogBlueprintUserMessages: [PlayerController_2] 0.0
[2018.12.04-13.34.59:964][635]LogBlueprintUserMessages: [PlayerController_2] 0.0
[2018.12.04-13.34.59:981][636]LogBlueprintUserMessages: [PlayerController_2] 0.0
[2018.12.04-13.34.59:998][637]LogBlueprintUserMessages: [PlayerController_2] 0.0
[2018.12.04-13.35.00:014][638]LogBlueprintUserMessages: [PlayerController_2] 0.0
[2018.12.04-13.35.00:031][639]LogBlueprintUserMessages: [PlayerController_2] 0.0
[2018.12.04-13.35.00:048][640]LogBlueprintUserMessages: [PlayerController_2] 0.0
[2018.12.04-13.35.00:064][641]LogBlueprintUserMessages: [PlayerController_2] 0.0
[2018.12.04-13.35.00:081][642]LogBlueprintUserMessages: [PlayerController_2] 0.0
[2018.12.04-13.35.00:098][643]LogBlueprintUserMessages: [PlayerController_2] 0.0
[2018.12.04-13.35.00:115][644]LogBlueprintUserMessages: [PlayerController_2] 0.0
[2018.12.04-13.35.00:131][645]LogBlueprintUserMessages: [PlayerController_2] 0.0
[2018.12.04-13.35.00:148][646]LogBlueprintUserMessages: [PlayerController_2] 0.0
[2018.12.04-13.35.00:164][647]LogBlueprintUserMessages: [PlayerController_2] 0.0
[2018.12.04-13.35.00:181][648]LogBlueprintUserMessages: [PlayerController_2] 0.0
[2018.12.04-13.35.00:197][649]LogBlueprintUserMessages: [PlayerController_2] 0.0
[2018.12.04-13.35.00:214][650]LogBlueprintUserMessages: [PlayerController_2] 0.0
[2018.12.04-13.35.00:231][651]LogBlueprintUserMessages: [PlayerController_2] 0.0
[2018.12.04-13.35.00:248][652]LogBlueprintUserMessages: [PlayerController_2] 0.0
[2018.12.04-13.35.00:266][653]LogBlueprintUserMessages: [PlayerController_2] 0.0
[2018.12.04-13.35.00:281][654]LogBlueprintUserMessages: [PlayerController_2] 0.0
[2018.12.04-13.35.00:298][655]LogBlueprintUserMessages: [PlayerController_2] 0.0
[2018.12.04-13.35.00:315][656]LogBlueprintUserMessages: [PlayerController_2] 0.0
[2018.12.04-13.35.00:331][657]LogBlueprintUserMessages: [PlayerController_2] 0.0
[2018.12.04-13.35.00:348][658]LogBlueprintUserMessages: [PlayerController_2] 0.0
[2018.12.04-13.35.00:364][659]LogBlueprintUserMessages: [PlayerController_2] 0.0
[2018.12.04-13.35.00:381][660]LogBlueprintUserMessages: [PlayerController_2] 0.0
[2018.12.04-13.35.00:398][661]LogBlueprintUserMessages: [PlayerController_2] 0.0
[2018.12.04-13.35.00:415][662]LogBlueprintUserMessages: [PlayerController_2] 0.0
[2018.12.04-13.35.00:433][663]LogBlueprintUserMessages: [PlayerController_2] 0.0
[2018.12.04-13.35.00:449][664]LogBlueprintUserMessages: [PlayerController_2] 0.0
[2018.12.04-13.35.00:465][665]LogBlueprintUserMessages: [PlayerController_2] 0.0
[2018.12.04-13.35.00:482][666]LogBlueprintUserMessages: [PlayerController_2] 0.0
[2018.12.04-13.35.00:498][667]LogBlueprintUserMessages: [PlayerController_2] 0.0
[2018.12.04-13.35.00:515][668]LogBlueprintUserMessages: [PlayerController_2] 0.0
[2018.12.04-13.35.00:531][669]LogBlueprintUserMessages: [PlayerController_2] 0.0
[2018.12.04-13.35.00:548][670]LogBlueprintUserMessages: [PlayerController_2] 0.0
[2018.12.04-13.35.00:564][671]LogBlueprintUserMessages: [PlayerController_2] 0.0
[2018.12.04-13.35.00:581][672]LogBlueprintUserMessages: [PlayerController_2] 0.0
[2018.12.04-13.35.00:598][673]LogBlueprintUserMessages: [PlayerController_2] 0.0
[2018.12.04-13.35.00:614][674]LogBlueprintUserMessages: [PlayerController_2] 0.0
[2018.12.04-13.35.00:632][675]LogBlueprintUserMessages: [PlayerController_2] 0.0
[2018.12.04-13.35.00:648][676]LogBlueprintUserMessages: [PlayerController_2] 0.0
[2018.12.04-13.35.00:664][677]LogBlueprintUserMessages: [PlayerController_2] 0.0
[2018.12.04-13.35.00:681][678]LogBlueprintUserMessages: [PlayerController_2] 0.0
[2018.12.04-13.35.00:698][679]LogBlueprintUserMessages: [PlayerController_2] 0.0
[2018.12.04-13.35.00:714][680]LogBlueprintUserMessages: [PlayerController_2] 0.0
[2018.12.04-13.35.00:731][681]LogBlueprintUserMessages: [PlayerController_2] 0.0
[2018.12.04-13.35.00:748][682]LogBlueprintUserMessages: [PlayerController_2] 0.0
[2018.12.04-13.35.00:764][683]LogBlueprintUserMessages: [PlayerController_2] 0.0
[2018.12.04-13.35.00:781][684]LogBlueprintUserMessages: [PlayerController_2] 0.0
[2018.12.04-13.35.00:798][685]LogBlueprintUserMessages: [PlayerController_2] 0.0
[2018.12.04-13.35.00:815][686]LogBlueprintUserMessages: [PlayerController_2] 0.0
[2018.12.04-13.35.00:831][687]LogBlueprintUserMessages: [PlayerController_2] 0.0
[2018.12.04-13.35.00:848][688]LogBlueprintUserMessages: [PlayerController_2] 0.0
[2018.12.04-13.35.00:865][689]LogBlueprintUserMessages: [PlayerController_2] 0.0
[2018.12.04-13.35.00:881][690]LogBlueprintUserMessages: [PlayerController_2] 0.0
[2018.12.04-13.35.00:898][691]LogBlueprintUserMessages: [PlayerController_2] 0.0
[2018.12.04-13.35.00:915][692]LogBlueprintUserMessages: [PlayerController_2] 0.0
[2018.12.04-13.35.00:933][693]LogBlueprintUserMessages: [PlayerController_2] 0.0
[2018.12.04-13.35.00:949][694]LogBlueprintUserMessages: [PlayerController_2] 0.0
[2018.12.04-13.35.00:966][695]LogBlueprintUserMessages: [PlayerController_2] 0.0
[2018.12.04-13.35.00:982][696]LogBlueprintUserMessages: [PlayerController_2] 0.0
[2018.12.04-13.35.00:998][697]LogBlueprintUserMessages: [PlayerController_2] 0.0
[2018.12.04-13.35.01:015][698]LogBlueprintUserMessages: [PlayerController_2] 0.0
[2018.12.04-13.35.01:031][699]LogBlueprintUserMessages: [PlayerController_2] 0.0
[2018.12.04-13.35.01:049][700]LogBlueprintUserMessages: [PlayerController_2] 0.0
[2018.12.04-13.35.01:070][701]LogBlueprintUserMessages: [PlayerController_2] 0.0
[2018.12.04-13.35.01:082][702]LogBlueprintUserMessages: [PlayerController_2] 0.0
[2018.12.04-13.35.01:099][703]LogBlueprintUserMessages: [PlayerController_2] 0.0
[2018.12.04-13.35.01:116][704]LogBlueprintUserMessages: [PlayerController_2] 0.0
[2018.12.04-13.35.01:133][705]LogBlueprintUserMessages: [PlayerController_2] 0.0
[2018.12.04-13.35.01:148][706]LogBlueprintUserMessages: [PlayerController_2] 0.0
[2018.12.04-13.35.01:165][707]LogBlueprintUserMessages: [PlayerController_2] 0.0
[2018.12.04-13.35.01:181][708]LogBlueprintUserMessages: [PlayerController_2] 0.0
[2018.12.04-13.35.01:198][709]LogBlueprintUserMessages: [PlayerController_2] 0.0
[2018.12.04-13.35.01:214][710]LogBlueprintUserMessages: [PlayerController_2] 0.0
[2018.12.04-13.35.01:231][711]LogBlueprintUserMessages: [PlayerController_2] 0.0
[2018.12.04-13.35.01:247][712]LogBlueprintUserMessages: [PlayerController_2] 0.0
[2018.12.04-13.35.01:264][713]LogBlueprintUserMessages: [PlayerController_2] 0.0
[2018.12.04-13.35.01:398][721]LogBlueprintUserMessages: [PlayerController_2] 0.0
[2018.12.04-13.35.01:399][721]LogSlate: Updating window title bar state: overlay mode, drag disabled, window buttons hidden, title bar hidden
[2018.12.04-13.35.01:429][721]LogPlayLevel: Display: Shutting down PIE online subsystems
[2018.12.04-13.35.01:452][721]LogSlate: Updating window title bar state: overlay mode, drag disabled, window buttons hidden, title bar hidden
[2018.12.04-13.35.01:510][725]LogPlayLevel: Display: Destroying online subsystem :Context_1
[2018.12.04-13.35.03:832][864]LogSlate: Took 0.000167 seconds to synchronously load lazily loaded font '../../../Engine/Content/Slate/Fonts/Roboto-Italic.ttf' (157K)
[2018.12.04-13.35.25:927][186]LogSavePackage: Moving '../../../../../../Projets/Unreal/Unreal_AsteroidsEvolution/asteroids-evolution/AsteroidsEvolution/Saved/BenjiLevel48C083174FAC50F606A491834A3AC8FC.tmp' to '../../../../../../Projets/Unreal/Unreal_AsteroidsEvolution/asteroids-evolution/AsteroidsEvolution/Content/Levels/BenjiLevel.umap'
[2018.12.04-13.35.25:965][186]LogSavePackage: Moving '../../../../../../Projets/Unreal/Unreal_AsteroidsEvolution/asteroids-evolution/AsteroidsEvolution/Saved/BenjiLevel_BuiltDataA6BD4A0344F39D20F4DFDC8AA36FAC70.tmp' to '../../../../../../Projets/Unreal/Unreal_AsteroidsEvolution/asteroids-evolution/AsteroidsEvolution/Content/Levels/BenjiLevel_BuiltData.uasset'
[2018.12.04-13.35.31:029][490]LogTemp: Repeating last play command: Selected Viewport
[2018.12.04-13.35.31:041][490]LogPlayLevel: PlayLevel: No blueprints needed recompiling
[2018.12.04-13.35.31:041][490]PIE: New page: PIE session: BenjiLevel (4 déc. 2018 15:35:31)
[2018.12.04-13.35.31:041][490]LogPlayLevel: Creating play world package: /Game/Levels/UEDPIE_0_BenjiLevel
[2018.12.04-13.35.31:043][490]LogPlayLevel: PIE: StaticDuplicateObject took: (0.001707s)
[2018.12.04-13.35.31:043][490]LogAIModule: Creating AISystem for world BenjiLevel
[2018.12.04-13.35.31:043][490]LogPlayLevel: PIE: World Init took: (0.000475s)
[2018.12.04-13.35.31:043][490]LogPlayLevel: PIE: Created PIE world by copying editor world from /Game/Levels/BenjiLevel.BenjiLevel to /Game/Levels/UEDPIE_0_BenjiLevel.BenjiLevel (0.002264s)
[2018.12.04-13.35.31:070][490]LogInit: XAudio2 using 'Headset Earphone (Razer Kraken 7.1 V2)' : 2 channels at 48 kHz using 16 bits per sample (channel mask 0x3)
[2018.12.04-13.35.31:105][490]LogInit: FAudioDevice initialized.
[2018.12.04-13.35.31:137][490]LogLoad: Game class is 'TwinStickGameMode_C'
[2018.12.04-13.35.31:140][490]LogWorld: Bringing World /Game/Levels/UEDPIE_0_BenjiLevel.BenjiLevel up for play (max tick rate 60) at 2018.12.04-14.35.31
[2018.12.04-13.35.31:141][490]LogWorld: Bringing up level for play took: 0.001477
[2018.12.04-13.35.31:154][490]PIE: Play in editor start time for /Game/Levels/UEDPIE_0_BenjiLevel 1,037
[2018.12.04-13.35.31:155][490]LogBlueprintUserMessages: [PlayerController_2] 0.0
[2018.12.04-13.35.31:173][491]LogBlueprintUserMessages: [PlayerController_2] 0.0
[2018.12.04-13.35.31:190][492]LogBlueprintUserMessages: [PlayerController_2] 0.0
[2018.12.04-13.35.31:206][493]LogBlueprintUserMessages: [PlayerController_2] 0.0
[2018.12.04-13.35.31:224][494]LogBlueprintUserMessages: [PlayerController_2] 0.0
[2018.12.04-13.35.31:240][495]LogBlueprintUserMessages: [PlayerController_2] 0.0
[2018.12.04-13.35.31:256][496]LogBlueprintUserMessages: [PlayerController_2] 0.0
[2018.12.04-13.35.31:273][497]LogBlueprintUserMessages: [PlayerController_2] 0.0
[2018.12.04-13.35.31:289][498]LogBlueprintUserMessages: [PlayerController_2] 0.0
[2018.12.04-13.35.31:307][499]LogBlueprintUserMessages: [PlayerController_2] 0.0
[2018.12.04-13.35.31:323][500]LogBlueprintUserMessages: [PlayerController_2] 0.0
[2018.12.04-13.35.31:340][501]LogBlueprintUserMessages: [PlayerController_2] 0.0
[2018.12.04-13.35.31:356][502]LogBlueprintUserMessages: [PlayerController_2] 0.0
[2018.12.04-13.35.31:373][503]LogBlueprintUserMessages: [PlayerController_2] 0.0
[2018.12.04-13.35.31:390][504]LogBlueprintUserMessages: [PlayerController_2] 0.0
[2018.12.04-13.35.31:406][505]LogBlueprintUserMessages: [PlayerController_2] 0.0
[2018.12.04-13.35.31:423][506]LogBlueprintUserMessages: [PlayerController_2] 0.0
[2018.12.04-13.35.31:440][507]LogBlueprintUserMessages: [PlayerController_2] 0.0
[2018.12.04-13.35.31:457][508]LogBlueprintUserMessages: [PlayerController_2] 0.0
[2018.12.04-13.35.31:476][509]LogBlueprintUserMessages: [PlayerController_2] 0.0
[2018.12.04-13.35.31:490][510]LogBlueprintUserMessages: [PlayerController_2] 0.0
[2018.12.04-13.35.31:507][511]LogBlueprintUserMessages: [PlayerController_2] 0.0
[2018.12.04-13.35.31:524][512]LogBlueprintUserMessages: [PlayerController_2] 0.0
[2018.12.04-13.35.31:541][513]LogBlueprintUserMessages: [PlayerController_2] 0.0
[2018.12.04-13.35.31:557][514]LogBlueprintUserMessages: [PlayerController_2] 0.0
[2018.12.04-13.35.31:574][515]LogBlueprintUserMessages: [PlayerController_2] 0.0
[2018.12.04-13.35.31:593][516]LogBlueprintUserMessages: [PlayerController_2] 0.0
[2018.12.04-13.35.31:609][517]LogBlueprintUserMessages: [PlayerController_2] 0.0
[2018.12.04-13.35.31:626][518]LogBlueprintUserMessages: [PlayerController_2] 0.0
[2018.12.04-13.35.31:643][519]LogBlueprintUserMessages: [PlayerController_2] 0.0
[2018.12.04-13.35.31:659][520]LogBlueprintUserMessages: [PlayerController_2] 0.0
[2018.12.04-13.35.31:675][521]LogBlueprintUserMessages: [PlayerController_2] 0.0
[2018.12.04-13.35.31:692][522]LogBlueprintUserMessages: [PlayerController_2] 0.0
[2018.12.04-13.35.31:709][523]LogBlueprintUserMessages: [PlayerController_2] 0.0
[2018.12.04-13.35.31:725][524]LogBlueprintUserMessages: [PlayerController_2] 0.0
[2018.12.04-13.35.31:742][525]LogBlueprintUserMessages: [PlayerController_2] 0.0
[2018.12.04-13.35.31:760][526]LogBlueprintUserMessages: [PlayerController_2] 0.0
[2018.12.04-13.35.31:775][527]LogBlueprintUserMessages: [PlayerController_2] 0.0
[2018.12.04-13.35.31:792][528]LogBlueprintUserMessages: [PlayerController_2] 0.0
[2018.12.04-13.35.31:808][529]LogBlueprintUserMessages: [PlayerController_2] 0.0
[2018.12.04-13.35.31:825][530]LogBlueprintUserMessages: [PlayerController_2] 0.0
[2018.12.04-13.35.31:843][531]LogBlueprintUserMessages: [PlayerController_2] 0.0
[2018.12.04-13.35.31:859][532]LogBlueprintUserMessages: [PlayerController_2] 0.0
[2018.12.04-13.35.31:875][533]LogBlueprintUserMessages: [PlayerController_2] 0.0
[2018.12.04-13.35.31:892][534]LogBlueprintUserMessages: [PlayerController_2] 0.0
[2018.12.04-13.35.31:909][535]LogBlueprintUserMessages: [PlayerController_2] 0.0
[2018.12.04-13.35.31:925][536]LogBlueprintUserMessages: [PlayerController_2] 0.0
[2018.12.04-13.35.31:942][537]LogBlueprintUserMessages: [PlayerController_2] 0.0
[2018.12.04-13.35.31:958][538]LogBlueprintUserMessages: [PlayerController_2] 0.0
[2018.12.04-13.35.31:975][539]LogBlueprintUserMessages: [PlayerController_2] 0.0
[2018.12.04-13.35.31:992][540]LogBlueprintUserMessages: [PlayerController_2] 0.0
[2018.12.04-13.35.32:009][541]LogBlueprintUserMessages: [PlayerController_2] 0.0
[2018.12.04-13.35.32:025][542]LogBlueprintUserMessages: [PlayerController_2] 0.0
[2018.12.04-13.35.32:042][543]LogBlueprintUserMessages: [PlayerController_2] 0.0
[2018.12.04-13.35.32:058][544]LogBlueprintUserMessages: [PlayerController_2] 0.0
[2018.12.04-13.35.32:075][545]LogBlueprintUserMessages: [PlayerController_2] 0.0
[2018.12.04-13.35.32:092][546]LogBlueprintUserMessages: [PlayerController_2] 0.0
[2018.12.04-13.35.32:111][547]LogBlueprintUserMessages: [PlayerController_2] 0.0
[2018.12.04-13.35.32:126][548]LogBlueprintUserMessages: [PlayerController_2] 0.0
[2018.12.04-13.35.32:145][549]LogBlueprintUserMessages: [PlayerController_2] 0.0
[2018.12.04-13.35.32:161][550]LogBlueprintUserMessages: [PlayerController_2] 0.0
[2018.12.04-13.35.32:175][551]LogBlueprintUserMessages: [PlayerController_2] 0.0
[2018.12.04-13.35.32:191][552]LogBlueprintUserMessages: [PlayerController_2] 0.0
[2018.12.04-13.35.32:208][553]LogBlueprintUserMessages: [PlayerController_2] 0.0
[2018.12.04-13.35.32:225][554]LogBlueprintUserMessages: [PlayerController_2] 0.0
[2018.12.04-13.35.32:241][555]LogBlueprintUserMessages: [PlayerController_2] 0.0
[2018.12.04-13.35.32:258][556]LogBlueprintUserMessages: [PlayerController_2] 0.0
[2018.12.04-13.35.32:275][557]LogBlueprintUserMessages: [PlayerController_2] 0.0
[2018.12.04-13.35.32:292][558]LogBlueprintUserMessages: [PlayerController_2] 0.0
[2018.12.04-13.35.32:309][559]LogBlueprintUserMessages: [PlayerController_2] 0.0
[2018.12.04-13.35.32:325][560]LogBlueprintUserMessages: [PlayerController_2] 0.0
[2018.12.04-13.35.32:341][561]LogBlueprintUserMessages: [PlayerController_2] 0.0
[2018.12.04-13.35.32:358][562]LogBlueprintUserMessages: [PlayerController_2] 0.0
[2018.12.04-13.35.32:375][563]LogBlueprintUserMessages: [PlayerController_2] 0.0
[2018.12.04-13.35.32:392][564]LogBlueprintUserMessages: [PlayerController_2] 0.0
[2018.12.04-13.35.32:408][565]LogBlueprintUserMessages: [PlayerController_2] 0.0
[2018.12.04-13.35.32:425][566]LogBlueprintUserMessages: [PlayerController_2] 0.0
[2018.12.04-13.35.32:441][567]LogBlueprintUserMessages: [PlayerController_2] 0.0
[2018.12.04-13.35.32:458][568]LogBlueprintUserMessages: [PlayerController_2] 0.0
[2018.12.04-13.35.32:475][569]LogBlueprintUserMessages: [PlayerController_2] 0.0
[2018.12.04-13.35.32:493][570]LogBlueprintUserMessages: [PlayerController_2] 0.0
[2018.12.04-13.35.32:508][571]LogBlueprintUserMessages: [PlayerController_2] 0.0
[2018.12.04-13.35.32:525][572]LogBlueprintUserMessages: [PlayerController_2] 0.0
[2018.12.04-13.35.32:542][573]LogBlueprintUserMessages: [PlayerController_2] 0.0
[2018.12.04-13.35.32:558][574]LogBlueprintUserMessages: [PlayerController_2] 0.0
[2018.12.04-13.35.32:575][575]LogBlueprintUserMessages: [PlayerController_2] 0.0
[2018.12.04-13.35.32:592][576]LogBlueprintUserMessages: [PlayerController_2] 0.0
[2018.12.04-13.35.32:608][577]LogBlueprintUserMessages: [PlayerController_2] 0.0
[2018.12.04-13.35.32:625][578]LogBlueprintUserMessages: [PlayerController_2] 0.0
[2018.12.04-13.35.32:642][579]LogBlueprintUserMessages: [PlayerController_2] 0.0
[2018.12.04-13.35.32:659][580]LogBlueprintUserMessages: [PlayerController_2] 0.0
[2018.12.04-13.35.32:675][581]LogBlueprintUserMessages: [PlayerController_2] 0.0
[2018.12.04-13.35.32:693][582]LogBlueprintUserMessages: [PlayerController_2] 0.0
[2018.12.04-13.35.32:709][583]LogBlueprintUserMessages: [PlayerController_2] 0.0
[2018.12.04-13.35.32:725][584]LogBlueprintUserMessages: [PlayerController_2] 0.0
[2018.12.04-13.35.32:742][585]LogBlueprintUserMessages: [PlayerController_2] 0.0
[2018.12.04-13.35.32:758][586]LogBlueprintUserMessages: [PlayerController_2] 0.0
[2018.12.04-13.35.32:775][587]LogBlueprintUserMessages: [PlayerController_2] 0.0
[2018.12.04-13.35.32:942][597]LogBlueprintUserMessages: [PlayerController_2] 0.0
[2018.12.04-13.35.32:943][597]LogSlate: Updating window title bar state: overlay mode, drag disabled, window buttons hidden, title bar hidden
[2018.12.04-13.35.32:976][597]LogPlayLevel: Display: Shutting down PIE online subsystems
[2018.12.04-13.35.33:002][597]LogSlate: Updating window title bar state: overlay mode, drag disabled, window buttons hidden, title bar hidden
[2018.12.04-13.35.33:043][600]LogPlayLevel: Display: Destroying online subsystem :Context_2
[2018.12.04-13.36.01:396][289]LogAssetEditorManager: Opening Asset editor for Blueprint /Game/BluePrints/PlayerBP.PlayerBP
[2018.12.04-13.36.01:765][289]LogContentBrowser: Native class hierarchy updated for 'BlueprintGraph' in 0.0005 seconds. Added 116 classes and 0 folders.
[2018.12.04-13.36.02:378][289]LogSlate: Took 0.000144 seconds to synchronously load lazily loaded font '../../../Engine/Content/Slate/Fonts/Roboto-BoldCondensed.ttf' (158K)
[2018.12.04-13.36.28:209][831]LogClass: Warning: In asset 'None', there is an enum property of type 'EAutoReceiveInput' with an invalid value of ''
[2018.12.04-13.36.28:209][831]LogClass: Warning: In asset 'None', there is an enum property of type 'EAutoReceiveInput' with an invalid value of ''
[2018.12.04-13.36.28:209][831]LogClass: Warning: In asset 'None', there is an enum property of type 'EAutoReceiveInput' with an invalid value of ''
[2018.12.04-13.36.37:522][388]LogAssetEditorManager: Opening Asset editor for ObjectRedirector /Game/BluePrints/PlayerController.PlayerController
[2018.12.04-13.36.46:213][908]LogSlate: Window 'PlayerBP*' being destroyed
[2018.12.04-13.36.50:621][172]BlueprintLog: New page: Compile PlayerBP
[2018.12.04-13.38.01:098][380]LogTemp: Repeating last play command: Selected Viewport
[2018.12.04-13.38.01:119][380]LogPlayLevel: PlayLevel: No blueprints needed recompiling
[2018.12.04-13.38.01:119][380]PIE: New page: PIE session: BenjiLevel (4 déc. 2018 15:38:01)
[2018.12.04-13.38.01:119][380]LogPlayLevel: Creating play world package: /Game/Levels/UEDPIE_0_BenjiLevel
[2018.12.04-13.38.01:121][380]LogPlayLevel: PIE: StaticDuplicateObject took: (0.001700s)
[2018.12.04-13.38.01:121][380]LogAIModule: Creating AISystem for world BenjiLevel
[2018.12.04-13.38.01:121][380]LogPlayLevel: PIE: World Init took: (0.000542s)
[2018.12.04-13.38.01:121][380]LogPlayLevel: PIE: Created PIE world by copying editor world from /Game/Levels/BenjiLevel.BenjiLevel to /Game/Levels/UEDPIE_0_BenjiLevel.BenjiLevel (0.002330s)
[2018.12.04-13.38.01:152][380]LogInit: XAudio2 using 'Headset Earphone (Razer Kraken 7.1 V2)' : 2 channels at 48 kHz using 16 bits per sample (channel mask 0x3)
[2018.12.04-13.38.01:188][380]LogInit: FAudioDevice initialized.
[2018.12.04-13.38.01:216][380]LogLoad: Game class is 'TwinStickGameMode_C'
[2018.12.04-13.38.01:218][380]LogWorld: Bringing World /Game/Levels/UEDPIE_0_BenjiLevel.BenjiLevel up for play (max tick rate 60) at 2018.12.04-14.38.01
[2018.12.04-13.38.01:218][380]LogWorld: Bringing up level for play took: 0.000668
[2018.12.04-13.38.01:231][380]PIE: Play in editor start time for /Game/Levels/UEDPIE_0_BenjiLevel 1,113
[2018.12.04-13.38.01:231][380]LogBlueprintUserMessages: [PlayerController_2] 0.0
[2018.12.04-13.38.01:250][381]LogBlueprintUserMessages: [PlayerController_2] 0.0
[2018.12.04-13.38.01:267][382]LogBlueprintUserMessages: [PlayerController_2] 0.0
[2018.12.04-13.38.01:283][383]LogBlueprintUserMessages: [PlayerController_2] 0.0
[2018.12.04-13.38.01:300][384]LogBlueprintUserMessages: [PlayerController_2] 0.0
[2018.12.04-13.38.01:316][385]LogBlueprintUserMessages: [PlayerController_2] 0.0
[2018.12.04-13.38.01:333][386]LogBlueprintUserMessages: [PlayerController_2] 0.0
[2018.12.04-13.38.01:350][387]LogBlueprintUserMessages: [PlayerController_2] 0.0
[2018.12.04-13.38.01:366][388]LogBlueprintUserMessages: [PlayerController_2] 0.0
[2018.12.04-13.38.01:383][389]LogBlueprintUserMessages: [PlayerController_2] 0.0
[2018.12.04-13.38.01:400][390]LogBlueprintUserMessages: [PlayerController_2] 0.0
[2018.12.04-13.38.01:417][391]LogBlueprintUserMessages: [PlayerController_2] 0.0
[2018.12.04-13.38.01:433][392]LogBlueprintUserMessages: [PlayerController_2] 0.0
[2018.12.04-13.38.01:453][393]LogBlueprintUserMessages: [PlayerController_2] 0.0
[2018.12.04-13.38.01:468][394]LogBlueprintUserMessages: [PlayerController_2] 0.0
[2018.12.04-13.38.01:483][395]LogBlueprintUserMessages: [PlayerController_2] 0.0
[2018.12.04-13.38.01:500][396]LogBlueprintUserMessages: [PlayerController_2] 0.0
[2018.12.04-13.38.01:517][397]LogBlueprintUserMessages: [PlayerController_2] 0.0
[2018.12.04-13.38.01:534][398]LogBlueprintUserMessages: [PlayerController_2] 0.0
[2018.12.04-13.38.01:550][399]LogBlueprintUserMessages: [PlayerController_2] 0.0
[2018.12.04-13.38.01:567][400]LogBlueprintUserMessages: [PlayerController_2] 0.0
[2018.12.04-13.38.01:583][401]LogBlueprintUserMessages: [PlayerController_2] 0.0
[2018.12.04-13.38.01:600][402]LogBlueprintUserMessages: [PlayerController_2] 0.0
[2018.12.04-13.38.01:617][403]LogBlueprintUserMessages: [PlayerController_2] 0.0
[2018.12.04-13.38.01:634][404]LogBlueprintUserMessages: [PlayerController_2] 0.0
[2018.12.04-13.38.01:651][405]LogBlueprintUserMessages: [PlayerController_2] 0.0
[2018.12.04-13.38.01:667][406]LogBlueprintUserMessages: [PlayerController_2] 0.0
[2018.12.04-13.38.01:684][407]LogBlueprintUserMessages: [PlayerController_2] 0.0
[2018.12.04-13.38.01:700][408]LogBlueprintUserMessages: [PlayerController_2] 0.0
[2018.12.04-13.38.01:717][409]LogBlueprintUserMessages: [PlayerController_2] 0.0
[2018.12.04-13.38.01:734][410]LogBlueprintUserMessages: [PlayerController_2] 0.0
[2018.12.04-13.38.01:750][411]LogBlueprintUserMessages: [PlayerController_2] 0.0
[2018.12.04-13.38.01:767][412]LogBlueprintUserMessages: [PlayerController_2] 0.0
[2018.12.04-13.38.01:784][413]LogBlueprintUserMessages: [PlayerController_2] 0.0
[2018.12.04-13.38.01:800][414]LogBlueprintUserMessages: [PlayerController_2] 0.0
[2018.12.04-13.38.01:817][415]LogBlueprintUserMessages: [PlayerController_2] 0.0
[2018.12.04-13.38.01:834][416]LogBlueprintUserMessages: [PlayerController_2] 0.0
[2018.12.04-13.38.01:850][417]LogBlueprintUserMessages: [PlayerController_2] 0.0
[2018.12.04-13.38.01:867][418]LogBlueprintUserMessages: [PlayerController_2] 0.0
[2018.12.04-13.38.01:884][419]LogBlueprintUserMessages: [PlayerController_2] 0.0
[2018.12.04-13.38.01:900][420]LogBlueprintUserMessages: [PlayerController_2] 0.0
[2018.12.04-13.38.01:916][421]LogBlueprintUserMessages: [PlayerController_2] 0.0
[2018.12.04-13.38.01:933][422]LogBlueprintUserMessages: [PlayerController_2] 0.0
[2018.12.04-13.38.01:950][423]LogBlueprintUserMessages: [PlayerController_2] 0.0
[2018.12.04-13.38.01:966][424]LogBlueprintUserMessages: [PlayerController_2] 0.0
[2018.12.04-13.38.01:983][425]LogBlueprintUserMessages: [PlayerController_2] 0.0
[2018.12.04-13.38.02:000][426]LogBlueprintUserMessages: [PlayerController_2] 0.0
[2018.12.04-13.38.02:017][427]LogBlueprintUserMessages: [PlayerController_2] 0.0
[2018.12.04-13.38.02:034][428]LogBlueprintUserMessages: [PlayerController_2] 0.0
[2018.12.04-13.38.02:049][429]LogBlueprintUserMessages: [PlayerController_2] 0.0
[2018.12.04-13.38.02:066][430]LogBlueprintUserMessages: [PlayerController_2] 0.0
[2018.12.04-13.38.02:083][431]LogBlueprintUserMessages: [PlayerController_2] 0.0
[2018.12.04-13.38.02:100][432]LogBlueprintUserMessages: [PlayerController_2] 0.0
[2018.12.04-13.38.02:116][433]LogBlueprintUserMessages: [PlayerController_2] 0.0
[2018.12.04-13.38.02:133][434]LogBlueprintUserMessages: [PlayerController_2] 0.0
[2018.12.04-13.38.02:150][435]LogBlueprintUserMessages: [PlayerController_2] 0.0
[2018.12.04-13.38.02:167][436]LogBlueprintUserMessages: [PlayerController_2] 0.0
[2018.12.04-13.38.02:183][437]LogBlueprintUserMessages: [PlayerController_2] 0.0
[2018.12.04-13.38.02:200][438]LogBlueprintUserMessages: [PlayerController_2] 0.0
[2018.12.04-13.38.02:216][439]LogBlueprintUserMessages: [PlayerController_2] 0.0
[2018.12.04-13.38.02:233][440]LogBlueprintUserMessages: [PlayerController_2] 0.0
[2018.12.04-13.38.02:250][441]LogBlueprintUserMessages: [PlayerController_2] 0.0
[2018.12.04-13.38.02:267][442]LogBlueprintUserMessages: [PlayerController_2] 0.0
[2018.12.04-13.38.02:283][443]LogBlueprintUserMessages: [PlayerController_2] 0.0
[2018.12.04-13.38.02:301][444]LogBlueprintUserMessages: [PlayerController_2] 0.0
[2018.12.04-13.38.02:317][445]LogBlueprintUserMessages: [PlayerController_2] 0.0
[2018.12.04-13.38.02:334][446]LogBlueprintUserMessages: [PlayerController_2] 0.0
[2018.12.04-13.38.02:350][447]LogBlueprintUserMessages: [PlayerController_2] 0.0
[2018.12.04-13.38.02:367][448]LogBlueprintUserMessages: [PlayerController_2] 0.0
[2018.12.04-13.38.02:384][449]LogBlueprintUserMessages: [PlayerController_2] 0.0
[2018.12.04-13.38.02:400][450]LogBlueprintUserMessages: [PlayerController_2] 0.0
[2018.12.04-13.38.02:417][451]LogBlueprintUserMessages: [PlayerController_2] 0.0
[2018.12.04-13.38.02:433][452]LogBlueprintUserMessages: [PlayerController_2] 0.0
[2018.12.04-13.38.02:449][453]LogBlueprintUserMessages: [PlayerController_2] 0.0
[2018.12.04-13.38.02:466][454]LogBlueprintUserMessages: [PlayerController_2] 0.0
[2018.12.04-13.38.02:483][455]LogBlueprintUserMessages: [PlayerController_2] 0.0
[2018.12.04-13.38.02:500][456]LogBlueprintUserMessages: [PlayerController_2] 0.0
[2018.12.04-13.38.02:516][457]LogBlueprintUserMessages: [PlayerController_2] 0.0
[2018.12.04-13.38.02:534][458]LogBlueprintUserMessages: [PlayerController_2] 0.0
[2018.12.04-13.38.02:550][459]LogBlueprintUserMessages: [PlayerController_2] 0.0
[2018.12.04-13.38.02:566][460]LogBlueprintUserMessages: [PlayerController_2] 0.0
[2018.12.04-13.38.02:583][461]LogBlueprintUserMessages: [PlayerController_2] 0.0
[2018.12.04-13.38.02:600][462]LogBlueprintUserMessages: [PlayerController_2] 0.0
[2018.12.04-13.38.02:617][463]LogBlueprintUserMessages: [PlayerController_2] 0.0
[2018.12.04-13.38.02:633][464]LogBlueprintUserMessages: [PlayerController_2] 0.0
[2018.12.04-13.38.02:650][465]LogBlueprintUserMessages: [PlayerController_2] 0.0
[2018.12.04-13.38.02:666][466]LogBlueprintUserMessages: [PlayerController_2] 0.0
[2018.12.04-13.38.02:683][467]LogBlueprintUserMessages: [PlayerController_2] 0.0
[2018.12.04-13.38.02:700][468]LogBlueprintUserMessages: [PlayerController_2] 0.0
[2018.12.04-13.38.02:717][469]LogBlueprintUserMessages: [PlayerController_2] 0.0
[2018.12.04-13.38.02:733][470]LogBlueprintUserMessages: [PlayerController_2] 0.0
[2018.12.04-13.38.02:750][471]LogBlueprintUserMessages: [PlayerController_2] 0.0
[2018.12.04-13.38.02:766][472]LogBlueprintUserMessages: [PlayerController_2] 0.0
[2018.12.04-13.38.02:783][473]LogBlueprintUserMessages: [PlayerController_2] 0.0
[2018.12.04-13.38.02:800][474]LogBlueprintUserMessages: [PlayerController_2] 0.0
[2018.12.04-13.38.02:817][475]LogBlueprintUserMessages: [PlayerController_2] 0.0
[2018.12.04-13.38.02:833][476]LogBlueprintUserMessages: [PlayerController_2] 0.0
[2018.12.04-13.38.02:850][477]LogBlueprintUserMessages: [PlayerController_2] 0.0
[2018.12.04-13.38.02:867][478]LogBlueprintUserMessages: [PlayerController_2] 0.0
[2018.12.04-13.38.02:883][479]LogBlueprintUserMessages: [PlayerController_2] 0.0
[2018.12.04-13.38.02:900][480]LogBlueprintUserMessages: [PlayerController_2] 0.0
[2018.12.04-13.38.02:916][481]LogBlueprintUserMessages: [PlayerController_2] 0.0
[2018.12.04-13.38.02:933][482]LogBlueprintUserMessages: [PlayerController_2] 0.0
[2018.12.04-13.38.02:950][483]LogBlueprintUserMessages: [PlayerController_2] 0.0
[2018.12.04-13.38.02:966][484]LogBlueprintUserMessages: [PlayerController_2] 0.0
[2018.12.04-13.38.02:983][485]LogBlueprintUserMessages: [PlayerController_2] 0.0
[2018.12.04-13.38.03:000][486]LogBlueprintUserMessages: [PlayerController_2] 0.0
[2018.12.04-13.38.03:016][487]LogBlueprintUserMessages: [PlayerController_2] 0.0
[2018.12.04-13.38.03:033][488]LogBlueprintUserMessages: [PlayerController_2] 0.0
[2018.12.04-13.38.03:050][489]LogBlueprintUserMessages: [PlayerController_2] 0.0
[2018.12.04-13.38.03:067][490]LogBlueprintUserMessages: [PlayerController_2] 0.0
[2018.12.04-13.38.03:084][491]LogBlueprintUserMessages: [PlayerController_2] 0.0
[2018.12.04-13.38.03:100][492]LogBlueprintUserMessages: [PlayerController_2] 0.0
[2018.12.04-13.38.03:116][493]LogBlueprintUserMessages: [PlayerController_2] 0.0
[2018.12.04-13.38.03:133][494]LogBlueprintUserMessages: [PlayerController_2] 0.0
[2018.12.04-13.38.03:150][495]LogBlueprintUserMessages: [PlayerController_2] 0.0
[2018.12.04-13.38.03:166][496]LogBlueprintUserMessages: [PlayerController_2] 0.0
[2018.12.04-13.38.03:183][497]LogBlueprintUserMessages: [PlayerController_2] 0.0
[2018.12.04-13.38.03:200][498]LogBlueprintUserMessages: [PlayerController_2] 0.0
[2018.12.04-13.38.03:217][499]LogBlueprintUserMessages: [PlayerController_2] 0.0
[2018.12.04-13.38.03:233][500]LogBlueprintUserMessages: [PlayerController_2] 0.0
[2018.12.04-13.38.03:250][501]LogBlueprintUserMessages: [PlayerController_2] 0.0
[2018.12.04-13.38.03:266][502]LogBlueprintUserMessages: [PlayerController_2] 0.0
[2018.12.04-13.38.03:284][503]LogBlueprintUserMessages: [PlayerController_2] 0.0
[2018.12.04-13.38.03:300][504]LogBlueprintUserMessages: [PlayerController_2] 0.0
[2018.12.04-13.38.03:317][505]LogBlueprintUserMessages: [PlayerController_2] 0.0
[2018.12.04-13.38.03:333][506]LogBlueprintUserMessages: [PlayerController_2] 0.0
[2018.12.04-13.38.03:350][507]LogBlueprintUserMessages: [PlayerController_2] 0.0
[2018.12.04-13.38.03:367][508]LogBlueprintUserMessages: [PlayerController_2] 0.0
[2018.12.04-13.38.03:384][509]LogBlueprintUserMessages: [PlayerController_2] 0.0
[2018.12.04-13.38.03:400][510]LogBlueprintUserMessages: [PlayerController_2] 0.0
[2018.12.04-13.38.03:419][511]LogBlueprintUserMessages: [PlayerController_2] 0.0
[2018.12.04-13.38.03:434][512]LogBlueprintUserMessages: [PlayerController_2] 0.0
[2018.12.04-13.38.03:451][513]LogBlueprintUserMessages: [PlayerController_2] 0.0
[2018.12.04-13.38.03:466][514]LogBlueprintUserMessages: [PlayerController_2] 0.0
[2018.12.04-13.38.03:483][515]LogBlueprintUserMessages: [PlayerController_2] 0.0
[2018.12.04-13.38.03:500][516]LogBlueprintUserMessages: [PlayerController_2] 0.0
[2018.12.04-13.38.03:516][517]LogBlueprintUserMessages: [PlayerController_2] 0.0
[2018.12.04-13.38.03:534][518]LogBlueprintUserMessages: [PlayerController_2] 0.0
[2018.12.04-13.38.03:550][519]LogBlueprintUserMessages: [PlayerController_2] 0.0
[2018.12.04-13.38.03:566][520]LogBlueprintUserMessages: [PlayerController_2] 0.0
[2018.12.04-13.38.03:584][521]LogBlueprintUserMessages: [PlayerController_2] 0.0
[2018.12.04-13.38.03:600][522]LogBlueprintUserMessages: [PlayerController_2] 0.0
[2018.12.04-13.38.03:616][523]LogBlueprintUserMessages: [PlayerController_2] 0.0
[2018.12.04-13.38.03:633][524]LogBlueprintUserMessages: [PlayerController_2] 0.0
[2018.12.04-13.38.03:650][525]LogBlueprintUserMessages: [PlayerController_2] 0.0
[2018.12.04-13.38.03:667][526]LogBlueprintUserMessages: [PlayerController_2] 0.0
[2018.12.04-13.38.03:683][527]LogBlueprintUserMessages: [PlayerController_2] 0.0
[2018.12.04-13.38.03:700][528]LogBlueprintUserMessages: [PlayerController_2] 0.0
[2018.12.04-13.38.03:716][529]LogBlueprintUserMessages: [PlayerController_2] 0.0
[2018.12.04-13.38.03:733][530]LogBlueprintUserMessages: [PlayerController_2] 0.0
[2018.12.04-13.38.03:750][531]LogBlueprintUserMessages: [PlayerController_2] 0.0
[2018.12.04-13.38.03:767][532]LogBlueprintUserMessages: [PlayerController_2] 0.0
[2018.12.04-13.38.03:783][533]LogBlueprintUserMessages: [PlayerController_2] 0.0
[2018.12.04-13.38.03:800][534]LogBlueprintUserMessages: [PlayerController_2] 0.0
[2018.12.04-13.38.03:817][535]LogBlueprintUserMessages: [PlayerController_2] 0.0
[2018.12.04-13.38.03:833][536]LogBlueprintUserMessages: [PlayerController_2] 0.0
[2018.12.04-13.38.03:950][543]LogBlueprintUserMessages: [PlayerController_2] 0.0
[2018.12.04-13.38.03:951][543]LogSlate: Updating window title bar state: overlay mode, drag disabled, window buttons hidden, title bar hidden
[2018.12.04-13.38.03:988][543]LogPlayLevel: Display: Shutting down PIE online subsystems
[2018.12.04-13.38.04:015][543]LogSlate: Updating window title bar state: overlay mode, drag disabled, window buttons hidden, title bar hidden
[2018.12.04-13.38.04:058][546]LogPlayLevel: Display: Destroying online subsystem :Context_5
[2018.12.04-13.38.15:909][244]LogSavePackage: Moving '../../../../../../Projets/Unreal/Unreal_AsteroidsEvolution/asteroids-evolution/AsteroidsEvolution/Saved/BenjiLevel07683C44416133EC8EF408B319F01207.tmp' to '../../../../../../Projets/Unreal/Unreal_AsteroidsEvolution/asteroids-evolution/AsteroidsEvolution/Content/Levels/BenjiLevel.umap'
[2018.12.04-13.38.15:943][244]LogSavePackage: Moving '../../../../../../Projets/Unreal/Unreal_AsteroidsEvolution/asteroids-evolution/AsteroidsEvolution/Saved/BenjiLevel_BuiltDataD4EBD7CA4BAA0B66C7707394D086856D.tmp' to '../../../../../../Projets/Unreal/Unreal_AsteroidsEvolution/asteroids-evolution/AsteroidsEvolution/Content/Levels/BenjiLevel_BuiltData.uasset'
[2018.12.04-13.38.18:675][401]LogSavePackage: Moving '../../../../../../Projets/Unreal/Unreal_AsteroidsEvolution/asteroids-evolution/AsteroidsEvolution/Saved/PlayerBP9801C08543495C9B42F650BFAC0385A9.tmp' to '../../../../../../Projets/Unreal/Unreal_AsteroidsEvolution/asteroids-evolution/AsteroidsEvolution/Content/BluePrints/PlayerBP.uasset'
[2018.12.04-13.38.27:285][907]LogEditorActor: Deleted Actor: PlayerBP_C
[2018.12.04-13.38.27:317][907]LogEditorActor: Deleted 1 Actors (0.135 secs)
[2018.12.04-13.38.29:036][  6]LogTemp: Repeating last play command: Selected Viewport
[2018.12.04-13.38.29:050][  6]LogPlayLevel: PlayLevel: No blueprints needed recompiling
[2018.12.04-13.38.29:050][  6]PIE: New page: PIE session: BenjiLevel (4 déc. 2018 15:38:29)
[2018.12.04-13.38.29:050][  6]LogPlayLevel: Creating play world package: /Game/Levels/UEDPIE_0_BenjiLevel
[2018.12.04-13.38.29:051][  6]LogPlayLevel: PIE: StaticDuplicateObject took: (0.001459s)
[2018.12.04-13.38.29:052][  6]LogAIModule: Creating AISystem for world BenjiLevel
[2018.12.04-13.38.29:052][  6]LogPlayLevel: PIE: World Init took: (0.000521s)
[2018.12.04-13.38.29:052][  6]LogPlayLevel: PIE: Created PIE world by copying editor world from /Game/Levels/BenjiLevel.BenjiLevel to /Game/Levels/UEDPIE_0_BenjiLevel.BenjiLevel (0.002061s)
[2018.12.04-13.38.29:081][  6]LogInit: XAudio2 using 'Headset Earphone (Razer Kraken 7.1 V2)' : 2 channels at 48 kHz using 16 bits per sample (channel mask 0x3)
[2018.12.04-13.38.29:119][  6]LogInit: FAudioDevice initialized.
[2018.12.04-13.38.29:148][  6]LogLoad: Game class is 'TwinStickGameMode_C'
[2018.12.04-13.38.29:150][  6]LogWorld: Bringing World /Game/Levels/UEDPIE_0_BenjiLevel.BenjiLevel up for play (max tick rate 60) at 2018.12.04-14.38.29
[2018.12.04-13.38.29:150][  6]LogWorld: Bringing up level for play took: 0.000455
[2018.12.04-13.38.29:163][  6]PIE: Play in editor start time for /Game/Levels/UEDPIE_0_BenjiLevel 1,045
[2018.12.04-13.38.31:815][165]LogSlate: Updating window title bar state: overlay mode, drag disabled, window buttons hidden, title bar hidden
[2018.12.04-13.38.31:846][165]LogPlayLevel: Display: Shutting down PIE online subsystems
[2018.12.04-13.38.31:874][165]LogSlate: Updating window title bar state: overlay mode, drag disabled, window buttons hidden, title bar hidden
[2018.12.04-13.38.31:918][168]LogPlayLevel: Display: Destroying online subsystem :Context_6
[2018.12.04-13.38.39:791][640]Cmd: TRANSACTION UNDO
[2018.12.04-13.38.39:791][640]LogEditorTransaction: Undo Clicking on Actors
[2018.12.04-13.38.40:243][667]Cmd: TRANSACTION UNDO
[2018.12.04-13.38.40:243][667]LogEditorTransaction: Undo Delete selection
[2018.12.04-13.39.29:644][600]LogEditorViewport: Clicking on Actor (LMB): PlayerBP_C (PlayerController)
[2018.12.04-13.39.31:566][712]LogEditorViewport: Clicking on Actor (LMB): PlayerStart (PlayerStart)
[2018.12.04-13.41.57:238][657]LogSlate: FSceneViewport::OnFocusLost() reason 2
[2018.12.04-13.42.03:126][  5]LogSlate: FSceneViewport::OnFocusLost() reason 2
[2018.12.04-13.42.03:132][  5]LogAssetEditorManager: Opening Asset editor for Blueprint /Game/TwinStickBP/Blueprints/TwinStickGameMode.TwinStickGameMode
[2018.12.04-13.42.15:724][745]BlueprintLog: New page: Compile TwinStickGameMode
[2018.12.04-13.42.16:479][783]LogSavePackage: Moving '../../../../../../Projets/Unreal/Unreal_AsteroidsEvolution/asteroids-evolution/AsteroidsEvolution/Saved/TwinStickGameModeEC2ED4B149DB9C17E12CE49CB56B1A2E.tmp' to '../../../../../../Projets/Unreal/Unreal_AsteroidsEvolution/asteroids-evolution/AsteroidsEvolution/Content/TwinStickBP/Blueprints/TwinStickGameMode.uasset'
[2018.12.04-13.42.19:257][950]LogTemp: Repeating last play command: Selected Viewport
[2018.12.04-13.42.19:271][950]LogPlayLevel: PlayLevel: No blueprints needed recompiling
[2018.12.04-13.42.19:271][950]PIE: New page: PIE session: BenjiLevel (4 déc. 2018 15:42:19)
[2018.12.04-13.42.19:271][950]LogPlayLevel: Creating play world package: /Game/Levels/UEDPIE_0_BenjiLevel
[2018.12.04-13.42.19:273][950]LogPlayLevel: PIE: StaticDuplicateObject took: (0.001690s)
[2018.12.04-13.42.19:273][950]LogAIModule: Creating AISystem for world BenjiLevel
[2018.12.04-13.42.19:273][950]LogPlayLevel: PIE: World Init took: (0.000547s)
[2018.12.04-13.42.19:273][950]LogPlayLevel: PIE: Created PIE world by copying editor world from /Game/Levels/BenjiLevel.BenjiLevel to /Game/Levels/UEDPIE_0_BenjiLevel.BenjiLevel (0.002326s)
[2018.12.04-13.42.19:302][950]LogInit: XAudio2 using 'Headset Earphone (Razer Kraken 7.1 V2)' : 2 channels at 48 kHz using 16 bits per sample (channel mask 0x3)
[2018.12.04-13.42.19:340][950]LogInit: FAudioDevice initialized.
[2018.12.04-13.42.19:375][950]LogLoad: Game class is 'TwinStickGameMode_C'
[2018.12.04-13.42.19:377][950]LogWorld: Bringing World /Game/Levels/UEDPIE_0_BenjiLevel.BenjiLevel up for play (max tick rate 60) at 2018.12.04-14.42.19
[2018.12.04-13.42.19:377][950]LogWorld: Bringing up level for play took: 0.000781
[2018.12.04-13.42.19:389][950]LogPlayerController: Error: EnableInput can only be specified on a PlayerController for itself
[2018.12.04-13.42.19:389][950]LogSpawn: Warning: SpawnActor failed because of collision at the spawn location [X=0.000 Y=0.000 Z=0.000] for [PlayerBP_C]
[2018.12.04-13.42.19:390][950]LogWindows: Windows GetLastError: L’opération a réussi. (0)
[2018.12.04-13.42.20:296][950]LogWindows: Error: === Critical error: ===
[2018.12.04-13.42.20:296][950]LogWindows: Error: 
[2018.12.04-13.42.20:296][950]LogWindows: Error: Assertion failed: NewPlayer->PlayerState [File:D:\Build\++UE4\Sync\Engine\Source\Runtime\Engine\Private\GameSession.cpp] [Line: 235] 
[2018.12.04-13.42.20:296][950]LogWindows: Error: 
[2018.12.04-13.42.20:296][950]LogWindows: Error: 
[2018.12.04-13.42.20:296][950]LogWindows: Error: 
[2018.12.04-13.42.20:296][950]LogWindows: Error: [Callstack] 0x00007ffb8cfea388 KERNELBASE.dll!UnknownFunction []
[2018.12.04-13.42.20:296][950]LogWindows: Error: [Callstack] 0x00007ffb69716850 UE4Editor-ApplicationCore.dll!UnknownFunction []
[2018.12.04-13.42.20:296][950]LogWindows: Error: [Callstack] 0x00007ffb3f3062fc UE4Editor-Core.dll!UnknownFunction []
[2018.12.04-13.42.20:296][950]LogWindows: Error: [Callstack] 0x00007ffb3f2951db UE4Editor-Core.dll!UnknownFunction []
[2018.12.04-13.42.20:296][950]LogWindows: Error: [Callstack] 0x00007ffb0d8c6d5d UE4Editor-Engine.dll!UnknownFunction []
[2018.12.04-13.42.20:296][950]LogWindows: Error: [Callstack] 0x00007ffb0d8b720e UE4Editor-Engine.dll!UnknownFunction []
[2018.12.04-13.42.20:296][950]LogWindows: Error: [Callstack] 0x00007ffb0d8b96dc UE4Editor-Engine.dll!UnknownFunction []
[2018.12.04-13.42.20:296][950]LogWindows: Error: [Callstack] 0x00007ffb0db10f45 UE4Editor-Engine.dll!UnknownFunction []
[2018.12.04-13.42.20:296][950]LogWindows: Error: [Callstack] 0x00007ffb0db108ac UE4Editor-Engine.dll!UnknownFunction []
[2018.12.04-13.42.20:296][950]LogWindows: Error: [Callstack] 0x00007ffb0d8d1ec5 UE4Editor-Engine.dll!UnknownFunction []
[2018.12.04-13.42.20:296][950]LogWindows: Error: [Callstack] 0x00007ffb3822f989 UE4Editor-UnrealEd.dll!UnknownFunction []
[2018.12.04-13.42.20:296][950]LogWindows: Error: [Callstack] 0x00007ffb382501ac UE4Editor-UnrealEd.dll!UnknownFunction []
[2018.12.04-13.42.20:296][950]LogWindows: Error: [Callstack] 0x00007ffb3826e536 UE4Editor-UnrealEd.dll!UnknownFunction []
[2018.12.04-13.42.20:296][950]LogWindows: Error: [Callstack] 0x00007ffb37c86b41 UE4Editor-UnrealEd.dll!UnknownFunction []
[2018.12.04-13.42.20:296][950]LogWindows: Error: [Callstack] 0x00007ffb3857f666 UE4Editor-UnrealEd.dll!UnknownFunction []
[2018.12.04-13.42.20:296][950]LogWindows: Error: [Callstack] 0x00007ff6b66b5cbd UE4Editor.exe!UnknownFunction []
[2018.12.04-13.42.20:296][950]LogWindows: Error: [Callstack] 0x00007ff6b66c5b3c UE4Editor.exe!UnknownFunction []
[2018.12.04-13.42.20:296][950]LogWindows: Error: [Callstack] 0x00007ff6b66c5bba UE4Editor.exe!UnknownFunction []
[2018.12.04-13.42.20:296][950]LogWindows: Error: [Callstack] 0x00007ff6b66d3dac UE4Editor.exe!UnknownFunction []
[2018.12.04-13.42.20:296][950]LogWindows: Error: [Callstack] 0x00007ff6b66d5aaa UE4Editor.exe!UnknownFunction []
[2018.12.04-13.42.20:296][950]LogWindows: Error: [Callstack] 0x00007ffb90323034 KERNEL32.DLL!UnknownFunction []
[2018.12.04-13.42.20:296][950]LogWindows: Error: [Callstack] 0x00007ffb90ab1471 ntdll.dll!UnknownFunction []
[2018.12.04-13.42.20:296][950]LogWindows: Error: 
[2018.12.04-13.42.20:309][950]LogExit: Executing StaticShutdownAfterError
[2018.12.04-13.42.20:311][950]LogWindows: FPlatformMisc::RequestExit(1)
[2018.12.04-13.42.20:314][950]Log file closed, 12/04/18 14:42:20
