Log file open, 12/10/18 14:43:04
LogWindows: Failed to load 'aqProf.dll' (GetLastError=126)
LogWindows: File 'aqProf.dll' does not exist
LogWindows: Failed to load 'VSPerf140.dll' (GetLastError=126)
LogWindows: File 'VSPerf140.dll' does not exist
LogWindows: Failed to load 'VtuneApi.dll' (GetLastError=126)
LogWindows: File 'VtuneApi.dll' does not exist
LogWindows: Failed to load 'VtuneApi32e.dll' (GetLastError=126)
LogWindows: File 'VtuneApi32e.dll' does not exist
LogInit: Display: Running engine for game: AsteroidsEvolution
LogPlatformFile: Not using cached read wrapper
LogTaskGraph: Started task graph with 5 named threads and 35 total threads with 3 sets of task threads.
LogStats: Stats thread started at 0.398843
LogD3D11RHI: Loaded GFSDK_Aftermath_Lib.x64.dll
LogICUInternationalization: Display: ICU TimeZone Detection - Raw Offset: +1:00, Platform Override: ''
LogPluginManager: Mounting plugin Paper2D
LogPluginManager: Mounting plugin AISupport
LogPluginManager: Mounting plugin LightPropagationVolume
LogPluginManager: Mounting plugin CLionSourceCodeAccess
LogPluginManager: Mounting plugin CodeLiteSourceCodeAccess
LogPluginManager: Mounting plugin GitSourceControl
LogPluginManager: Mounting plugin KDevelopSourceCodeAccess
LogPluginManager: Mounting plugin NullSourceCodeAccess
LogPluginManager: Mounting plugin PerforceSourceControl
LogPluginManager: Mounting plugin SubversionSourceControl
LogPluginManager: Mounting plugin UObjectPlugin
LogPluginManager: Mounting plugin VisualStudioCodeSourceCodeAccess
LogPluginManager: Mounting plugin VisualStudioSourceCodeAccess
LogPluginManager: Mounting plugin XCodeSourceCodeAccess
LogPluginManager: Mounting plugin AssetManagerEditor
LogPluginManager: Mounting plugin CryptoKeys
LogPluginManager: Mounting plugin DataValidation
LogPluginManager: Mounting plugin FacialAnimation
LogPluginManager: Mounting plugin GameplayTagsEditor
LogPluginManager: Mounting plugin MacGraphicsSwitching
LogPluginManager: Mounting plugin MeshEditor
LogPluginManager: Mounting plugin MobileLauncherProfileWizard
LogPluginManager: Mounting plugin PluginBrowser
LogPluginManager: Mounting plugin SpeedTreeImporter
LogPluginManager: Mounting plugin DatasmithContent
LogPluginManager: Mounting plugin AlembicImporter
LogPluginManager: Mounting plugin AppleImageUtils
LogPluginManager: Mounting plugin AppleVision
LogPluginManager: Mounting plugin BackChannel
LogPluginManager: Mounting plugin CharacterAI
LogPluginManager: Mounting plugin GeometryCache
LogPluginManager: Mounting plugin HTML5Networking
LogPluginManager: Mounting plugin ProxyLODPlugin
LogPluginManager: Mounting plugin MagicLeap
LogPluginManager: Mounting plugin MagicLeapEmulator
LogPluginManager: Mounting plugin MagicLeapMedia
LogPluginManager: Mounting plugin AndroidMedia
LogPluginManager: Mounting plugin AvfMedia
LogPluginManager: Mounting plugin ImgMedia
LogPluginManager: Mounting plugin LinearTimecode
LogPluginManager: Mounting plugin MediaCompositing
LogPluginManager: Mounting plugin MediaPlayerEditor
LogPluginManager: Mounting plugin WmfMedia
LogPluginManager: Mounting plugin TcpMessaging
LogPluginManager: Mounting plugin UdpMessaging
LogPluginManager: Mounting plugin ActorSequence
LogPluginManager: Mounting plugin LevelSequenceEditor
LogPluginManager: Mounting plugin MatineeToLevelSequence
LogPluginManager: Mounting plugin NetcodeUnitTest
LogPluginManager: Mounting plugin NUTUnrealEngine4
LogPluginManager: Mounting plugin OnlineSubsystemGooglePlay
LogPluginManager: Mounting plugin OnlineSubsystemIOS
LogPluginManager: Mounting plugin OnlineSubsystem
LogPluginManager: Mounting plugin OnlineSubsystemNull
LogPluginManager: Mounting plugin OnlineSubsystemUtils
LogPluginManager: Mounting plugin LauncherChunkInstaller
LogPluginManager: Mounting plugin AndroidDeviceProfileSelector
LogPluginManager: Mounting plugin AndroidMoviePlayer
LogPluginManager: Mounting plugin AndroidPermission
LogPluginManager: Mounting plugin AppleMoviePlayer
LogPluginManager: Mounting plugin ArchVisCharacter
LogPluginManager: Mounting plugin AudioCapture
LogPluginManager: Mounting plugin CableComponent
LogPluginManager: Mounting plugin CustomMeshComponent
LogPluginManager: Mounting plugin EditableMesh
LogPluginManager: Mounting plugin ExampleDeviceProfileSelector
LogPluginManager: Mounting plugin GoogleCloudMessaging
LogPluginManager: Mounting plugin ImmediatePhysics
LogPluginManager: Mounting plugin IOSDeviceProfileSelector
LogPluginManager: Mounting plugin LinuxDeviceProfileSelector
LogPluginManager: Mounting plugin LocationServicesBPLibrary
LogPluginManager: Mounting plugin MobilePatchingUtils
LogPluginManager: Mounting plugin OculusVR
LogPluginManager: Plugin shader directory ../../../Engine/Plugins/Runtime/Oculus/OculusVR/Shaders found
LogPluginManager: Mapping shader source directory ../../../Engine/Plugins/Runtime/Oculus/OculusVR/Shaders to virtual directory /Plugin/OculusVR
LogPluginManager: Mounting plugin PhysXVehicles
LogPluginManager: Mounting plugin ProceduralMeshComponent
LogPluginManager: Mounting plugin RuntimePhysXCooking
LogPluginManager: Mounting plugin SteamVR
LogPluginManager: Mounting plugin WindowsMoviePlayer
LogStreaming: Display: Took  0.093s to configure plugins.
LogInit: Using libcurl 7.55.1-DEV
LogInit:  - built for x86_64-pc-win32
LogInit:  - supports SSL with OpenSSL/1.0.2h
LogInit:  - supports HTTP deflate (compression) using libz 1.2.8
LogInit:  - other features:
LogInit:      CURL_VERSION_SSL
LogInit:      CURL_VERSION_LIBZ
LogInit:      CURL_VERSION_IPV6
LogInit:      CURL_VERSION_ASYNCHDNS
LogInit:      CURL_VERSION_LARGEFILE
LogInit:      CURL_VERSION_IDN
LogInit:  CurlRequestOptions (configurable via config and command line):
LogInit:  - bVerifyPeer = false  - Libcurl will NOT verify peer certificate
LogInit:  - bUseHttpProxy = false  - Libcurl will NOT use HTTP proxy
LogInit:  - bDontReuseConnections = false  - Libcurl will reuse connections
LogInit:  - CertBundlePath = nullptr  - Libcurl will use whatever was configured at build time.
LogInit:  - MaxHostConnections = 16  - Libcurl will limit the number of connections to a host
LogInit:  - LocalHostAddr = Default
LogInit:  - BufferSize = 65536
LogInit: WinSock: version 1.1 (2.2), MaxSocks=32767, MaxUdp=65467
LogInit: Build: ++UE4+Release-4.20-CL-4369336
LogInit: Engine Version: 4.20.3-4369336+++UE4+Release-4.20
LogInit: Compatible Engine Version: 4.20.0-4212847+++UE4+Release-4.20
LogInit: Net CL: 4212847
LogInit: OS: Windows 10 (), CPU: Intel(R) Core(TM) i7-8750H CPU @ 2.20GHz, GPU: Intel(R) UHD Graphics 630
LogInit: Compiled (64-bit): Sep 17 2018 12:26:19
LogInit: Compiled with Visual C++: 19.13.26129.00
LogInit: Build Configuration: Development
LogInit: Branch Name: ++UE4+Release-4.20
LogInit: Command Line: -EpicPortal  -epicusername="benjilap" -epicuserid=2e0ce31fd6d8498ca34a08bbdecc522b -epiclocale=fr-FR
LogInit: Base Directory: D:/Programmes/Epic Games/UE_4.20/Engine/Binaries/Win64/
LogInit: Installed Engine Build: 1
LogDevObjectVersion: Number of dev versions registered: 20
LogDevObjectVersion:   Dev-Blueprints (B0D832E4-1F89-4F0D-ACCF-7EB736FD4AA2): 10
LogDevObjectVersion:   Dev-Build (E1C64328-A22C-4D53-A36C-8E866417BD8C): 0
LogDevObjectVersion:   Dev-Core (375EC13C-06E4-48FB-B500-84F0262A717E): 2
LogDevObjectVersion:   Dev-Editor (E4B068ED-F494-42E9-A231-DA0B2E46BB41): 24
LogDevObjectVersion:   Dev-Framework (CFFC743F-43B0-4480-9391-14DF171D2073): 34
LogDevObjectVersion:   Dev-Mobile (B02B49B5-BB20-44E9-A304-32B752E40360): 2
LogDevObjectVersion:   Dev-Networking (A4E4105C-59A1-49B5-A7C5-40C4547EDFEE): 0
LogDevObjectVersion:   Dev-Online (39C831C9-5AE6-47DC-9A44-9C173E1C8E7C): 0
LogDevObjectVersion:   Dev-Physics (78F01B33-EBEA-4F98-B9B4-84EACCB95AA2): 0
LogDevObjectVersion:   Dev-Platform (6631380F-2D4D-43E0-8009-CF276956A95A): 0
LogDevObjectVersion:   Dev-Rendering (12F88B9F-8875-4AFC-A67C-D90C383ABD29): 26
LogDevObjectVersion:   Dev-Sequencer (7B5AE74C-D270-4C10-A958-57980B212A5A): 9
LogDevObjectVersion:   Dev-VR (D7296918-1DD6-4BDD-9DE2-64A83CC13884): 2
LogDevObjectVersion:   Dev-LoadTimes (C2A15278-BFE7-4AFE-6C17-90FF531DF755): 1
LogDevObjectVersion:   Private-Geometry (6EACA3D4-40EC-4CC1-B786-8BED09428FC5): 3
LogDevObjectVersion:   Dev-AnimPhys (29E575DD-E0A3-4627-9D10-D276232CDCEA): 17
LogDevObjectVersion:   Dev-ReflectionCapture (6B266CEC-1EC7-4B8F-A30B-E4D90942FC07): 1
LogDevObjectVersion:   Dev-Automation (0DF73D61-A23F-47EA-B727-89E90C41499A): 1
LogDevObjectVersion:   FortniteMain (601D1886-AC64-4F84-AA16-D3DE0DEAC7D6): 12
LogDevObjectVersion:   Dev-Enterprise (9DFFBCD6-494F-0158-E221-12823C92A888): 1
LogStreaming: Display: Took  0.000s to delete old logs.
LogInit: Presizing for max 8388607 objects, including 0 objects not considered by GC, pre-allocating 0 bytes for permanent pool.
LogInit: Object subsystem initialized
[2018.12.10-13.43.04:799][  0]LogInit: Selected Device Profile: [Windows]
[2018.12.10-13.43.04:799][  0]LogInit: Applying CVar settings loaded from the selected device profile: [Windows]
[2018.12.10-13.43.04:835][  0]LogHAL: Display: Platform has ~ 16 GB [17032716288 / 17179869184 / 16], which maps to Larger [LargestMinGB=32, LargerMinGB=12, DefaultMinGB=8, SmallerMinGB=6, SmallestMinGB=0)
[2018.12.10-13.43.04:835][  0]LogInit: Setting Device Profile CVar: [[r.Vulkan.UseRealUBs:1]]
[2018.12.10-13.43.04:835][  0]LogInit: Going up to parent DeviceProfile []
[2018.12.10-13.43.04:836][  0]LogInit: Computer: DESKTOP-2U8UHNV
[2018.12.10-13.43.04:836][  0]LogInit: User: benji
[2018.12.10-13.43.04:837][  0]LogInit: CPU Page size=4096, Cores=6
[2018.12.10-13.43.04:837][  0]LogInit: High frequency timer resolution =2.156253 MHz
[2018.12.10-13.43.04:837][  0]LogMemory: Memory total: Physical=15.9GB (16GB approx)
[2018.12.10-13.43.04:838][  0]LogMemory: Platform Memory Stats for Windows
[2018.12.10-13.43.04:838][  0]LogMemory: Process Physical Memory: 101.69 MB used, 101.69 MB peak
[2018.12.10-13.43.04:838][  0]LogMemory: Process Virtual Memory: 94.07 MB used, 94.07 MB peak
[2018.12.10-13.43.04:838][  0]LogMemory: Physical Memory: 7358.20 MB used,  8885.47 MB free, 16243.66 MB total
[2018.12.10-13.43.04:838][  0]LogMemory: Virtual Memory: 4660.43 MB used,  8885.47 MB free, 134217728.00 MB total
[2018.12.10-13.43.04:864][  0]LogInit: Using OS detected language (fr-FR).
[2018.12.10-13.43.04:864][  0]LogInit: Using OS detected locale (fr-FR).
[2018.12.10-13.43.04:864][  0]LogTextLocalizationManager: No specific localization for 'fr-FR' exists, so the 'fr' localization will be used.
[2018.12.10-13.43.04:865][  0]LogStreaming: Display: Took  0.002s to InitEngineTextLocalization.
[2018.12.10-13.43.04:866][  0]LogInit: Setting process to per monitor DPI aware
[2018.12.10-13.43.04:887][  0]LogSlate: New Slate User Created.  User Index 0, Is Virtual User: 0
[2018.12.10-13.43.04:887][  0]LogSlate: Slate User Registered.  User Index 0, Is Virtual User: 0
[2018.12.10-13.43.05:048][  0]LogHMD: Failed to initialize OpenVR with code 110
[2018.12.10-13.43.05:048][  0]LogD3D11RHI: D3D11 adapters:
[2018.12.10-13.43.05:109][  0]LogD3D11RHI:    0. 'NVIDIA GeForce GTX 1060 with Max-Q Design' (Feature Level 11_0)
[2018.12.10-13.43.05:109][  0]LogD3D11RHI:       6052/0/8121 MB DedicatedVideo/DedicatedSystem/SharedSystem, Outputs:1, VendorId:0x10de
[2018.12.10-13.43.05:122][  0]LogD3D11RHI:    1. 'Intel(R) UHD Graphics 630' (Feature Level 11_0)
[2018.12.10-13.43.05:122][  0]LogD3D11RHI:       128/0/8121 MB DedicatedVideo/DedicatedSystem/SharedSystem, Outputs:0, VendorId:0x8086
[2018.12.10-13.43.05:123][  0]LogD3D11RHI:    2. 'Microsoft Basic Render Driver' (Feature Level 11_0)
[2018.12.10-13.43.05:123][  0]LogD3D11RHI:       0/0/8121 MB DedicatedVideo/DedicatedSystem/SharedSystem, Outputs:0, VendorId:0x1414
[2018.12.10-13.43.05:123][  0]LogD3D11RHI: Chosen D3D11 Adapter: 0
[2018.12.10-13.43.05:146][  0]LogD3D11RHI: Creating new Direct3DDevice
[2018.12.10-13.43.05:146][  0]LogD3D11RHI:     GPU DeviceId: 0x1c20 (for the marketing name, search the web for "GPU Device Id")
[2018.12.10-13.43.05:146][  0]LogWindows: EnumDisplayDevices:
[2018.12.10-13.43.05:146][  0]LogWindows:    0. 'Intel(R) UHD Graphics 630' (P:1 D:1)
[2018.12.10-13.43.05:147][  0]LogWindows:    1. 'Intel(R) UHD Graphics 630' (P:0 D:0)
[2018.12.10-13.43.05:147][  0]LogWindows:    2. 'Intel(R) UHD Graphics 630' (P:0 D:0)
[2018.12.10-13.43.05:148][  0]LogWindows:    3. 'NVIDIA GeForce GTX 1060 with Max-Q Design' (P:0 D:0)
[2018.12.10-13.43.05:148][  0]LogWindows: DebugString: PrimaryIsNotTheChoosenAdapter PrimaryIsNotTheChoosenAdapter PrimaryIsNotTheChoosenAdapter 
[2018.12.10-13.43.05:148][  0]LogD3D11RHI:     Adapter Name: NVIDIA GeForce GTX 1060 with Max-Q Design
[2018.12.10-13.43.05:148][  0]LogD3D11RHI:   Driver Version: 411.63 (internal:24.21.14.1163, unified:411.63)
[2018.12.10-13.43.05:148][  0]LogD3D11RHI:      Driver Date: 9-18-2018
[2018.12.10-13.43.05:148][  0]LogRHI: Texture pool is 4236 MB (70% of 6052 MB)
[2018.12.10-13.43.05:184][  0]LogD3D11RHI: Async texture creation enabled
[2018.12.10-13.43.05:204][  0]LogD3D11RHI: GPU Timing Frequency: 1000.000000 (Debug: 2 2)
[2018.12.10-13.43.05:205][  0]LogShaderCompilers: Guid format shader working directory is -52 characters bigger than the processId version (../../../../../../Projets/Unreal/Unreal_AsteroidsEvolution/asteroids-evolution/AsteroidsEvolution/Intermediate/Shaders/WorkingDirectory/15772/).
[2018.12.10-13.43.05:205][  0]LogShaderCompilers: Cleaned the shader compiler working directory 'C:/Users/benji/AppData/Local/Temp/UnrealShaderWorkingDir/696035E74A2A1B71E0CB38BED05486D8/'.
[2018.12.10-13.43.05:442][  0]LogTemp: Display: Loaded TP AllDesktopTargetPlatform
[2018.12.10-13.43.05:452][  0]LogTemp: Display: Loaded TP MacClientTargetPlatform
[2018.12.10-13.43.05:463][  0]LogTemp: Display: Loaded TP MacNoEditorTargetPlatform
[2018.12.10-13.43.05:474][  0]LogTemp: Display: Loaded TP MacServerTargetPlatform
[2018.12.10-13.43.05:484][  0]LogTemp: Display: Loaded TP MacTargetPlatform
[2018.12.10-13.43.05:495][  0]LogTemp: Display: Loaded TP WindowsClientTargetPlatform
[2018.12.10-13.43.05:506][  0]LogTemp: Display: Loaded TP WindowsNoEditorTargetPlatform
[2018.12.10-13.43.05:517][  0]LogTemp: Display: Loaded TP WindowsServerTargetPlatform
[2018.12.10-13.43.05:522][  0]LogTemp: Display: Loaded TP WindowsTargetPlatform
[2018.12.10-13.43.05:593][  0]LogTemp: Display: Loaded TP AndroidTargetPlatform
[2018.12.10-13.43.05:593][  0]LogTemp: Display: Loaded TP AndroidTargetPlatform
[2018.12.10-13.43.05:593][  0]LogTemp: Display: Loaded TP AndroidTargetPlatform
[2018.12.10-13.43.05:593][  0]LogTemp: Display: Loaded TP AndroidTargetPlatform
[2018.12.10-13.43.05:593][  0]LogTemp: Display: Loaded TP AndroidTargetPlatform
[2018.12.10-13.43.05:593][  0]LogTemp: Display: Loaded TP AndroidTargetPlatform
[2018.12.10-13.43.05:593][  0]LogTemp: Display: Loaded TP AndroidTargetPlatform
[2018.12.10-13.43.05:593][  0]LogTemp: Display: Loaded TP AndroidTargetPlatform
[2018.12.10-13.43.05:593][  0]LogTemp: Display: Loaded TP AndroidTargetPlatform
[2018.12.10-13.43.05:593][  0]LogTemp: Display: Loaded TP AndroidTargetPlatform
[2018.12.10-13.43.05:593][  0]LogTemp: Display: Loaded TP AndroidTargetPlatform
[2018.12.10-13.43.05:593][  0]LogTemp: Display: Loaded TP AndroidTargetPlatform
[2018.12.10-13.43.05:593][  0]LogTemp: Display: Loaded TP AndroidTargetPlatform
[2018.12.10-13.43.05:593][  0]LogTemp: Display: Loaded TP AndroidTargetPlatform
[2018.12.10-13.43.05:593][  0]LogTemp: Display: Loaded TP AndroidTargetPlatform
[2018.12.10-13.43.05:593][  0]LogTemp: Display: Loaded TP AndroidTargetPlatform
[2018.12.10-13.43.05:593][  0]LogTemp: Display: Loaded TP AndroidTargetPlatform
[2018.12.10-13.43.05:593][  0]LogTemp: Display: Loaded TP AndroidTargetPlatform
[2018.12.10-13.43.05:598][  0]LogTemp: Display: Loaded TP HTML5TargetPlatform
[2018.12.10-13.43.05:654][  0]LogTemp: Display: Loaded TP IOSTargetPlatform
[2018.12.10-13.43.05:654][  0]LogTemp: Display: Loaded TP IOSTargetPlatform
[2018.12.10-13.43.05:676][  0]LogTemp: Display: Loaded TP TVOSTargetPlatform
[2018.12.10-13.43.05:676][  0]LogTemp: Display: Loaded TP TVOSTargetPlatform
[2018.12.10-13.43.05:686][  0]LogTemp: Display: Loaded TP LinuxClientTargetPlatform
[2018.12.10-13.43.05:703][  0]LogTemp: Display: Loaded TP LinuxNoEditorTargetPlatform
[2018.12.10-13.43.05:713][  0]LogTemp: Display: Loaded TP LinuxServerTargetPlatform
[2018.12.10-13.43.05:724][  0]LogTemp: Display: Loaded TP LinuxTargetPlatform
[2018.12.10-13.43.05:731][  0]LogTemp: Display: Loaded TP LuminTargetPlatform
[2018.12.10-13.43.05:731][  0]LogTargetPlatformManager: Display: Building Assets For Windows
[2018.12.10-13.43.05:766][  0]LogXGEController: Cannot use XGE Controller as Incredibuild is not installed on this machine.
[2018.12.10-13.43.05:766][  0]LogShaderCompilers: Cannot use XGE Shader Compiler as Incredibuild is not installed on this machine.
[2018.12.10-13.43.05:766][  0]LogShaderCompilers: Display: Using Local Shader Compiler.
[2018.12.10-13.43.06:325][  0]LogDerivedDataCache: Display: Max Cache Size: 512 MB
[2018.12.10-13.43.06:370][  0]LogDerivedDataCache: Loaded boot cache 0.05s 71MB C:/Users/benji/AppData/Local/UnrealEngine/4.20/DerivedDataCache/Boot.ddc.
[2018.12.10-13.43.06:371][  0]LogDerivedDataCache: Display: Loaded Boot cache: C:/Users/benji/AppData/Local/UnrealEngine/4.20/DerivedDataCache/Boot.ddc
[2018.12.10-13.43.06:371][  0]LogDerivedDataCache: FDerivedDataBackendGraph:  Pak pak cache file ../../../../../../Projets/Unreal/Unreal_AsteroidsEvolution/asteroids-evolution/AsteroidsEvolution/DerivedDataCache/DDC.ddp not found, will not use a pak cache.
[2018.12.10-13.43.06:371][  0]LogDerivedDataCache: Unable to find inner node Pak for hierarchical cache Hierarchy.
[2018.12.10-13.43.06:371][  0]LogDerivedDataCache: FDerivedDataBackendGraph:  CompressedPak pak cache file ../../../../../../Projets/Unreal/Unreal_AsteroidsEvolution/asteroids-evolution/AsteroidsEvolution/DerivedDataCache/Compressed.ddp not found, will not use a pak cache.
[2018.12.10-13.43.06:371][  0]LogDerivedDataCache: Unable to find inner node CompressedPak for hierarchical cache Hierarchy.
[2018.12.10-13.43.06:384][  0]LogDerivedDataCache: Display: Pak cache opened for reading ../../../Engine/DerivedDataCache/Compressed.ddp.
[2018.12.10-13.43.06:402][  0]LogDerivedDataCache: Using Local data cache path C:/Users/benji/AppData/Local/UnrealEngine/Common/DerivedDataCache: Writable
[2018.12.10-13.43.06:402][  0]LogDerivedDataCache: Shared data cache path not found in *engine.ini, will not use an Shared cache.
[2018.12.10-13.43.06:402][  0]LogDerivedDataCache: Unable to find inner node Shared for hierarchical cache Hierarchy.
[2018.12.10-13.43.06:427][  0]LogMaterial: Verifying Global Shaders for PCD3D_SM5
[2018.12.10-13.43.06:428][  0]LogSlate: Using FreeType 2.6.0
[2018.12.10-13.43.06:428][  0]LogSlate: SlateFontServices - WITH_FREETYPE: 1, WITH_HARFBUZZ: 1
[2018.12.10-13.43.06:505][  0]LogAssetRegistry: FAssetRegistry took 0.0251 seconds to start up
[2018.12.10-13.43.06:753][  0]LogInit: Selected Device Profile: [Windows]
[2018.12.10-13.43.06:792][  0]LogSimplygon: Simplygon DLL not present - disabling.
[2018.12.10-13.43.06:794][  0]LogMeshReduction: Using SimplygonSwarm for distributed automatic mesh merging
[2018.12.10-13.43.06:794][  0]LogMeshReduction: Using ProxyLODMeshReduction for automatic mesh merging
[2018.12.10-13.43.06:794][  0]LogMeshReduction: Using QuadricMeshReduction for automatic static mesh reduction
[2018.12.10-13.43.06:794][  0]LogMeshReduction: No automatic skeletal mesh reduction module available
[2018.12.10-13.43.06:871][  0]LogNetVersion: AsteroidsEvolution 1.0.0, NetCL: 4212847, EngineNetVer: 5, GameNetVer: 0 (Checksum: 2510261473)
[2018.12.10-13.43.07:284][  0]LogPackageLocalizationCache: Processed 11 localized package path(s) for 2 prioritized culture(s) in 0.094601 seconds
[2018.12.10-13.43.07:289][  0]LogUObjectArray: 38425 objects as part of root set at end of initial load.
[2018.12.10-13.43.07:289][  0]LogUObjectAllocator: 6690864 out of 0 bytes used by permanent object pool.
[2018.12.10-13.43.07:289][  0]LogUObjectArray: CloseDisregardForGC: 0/0 objects in disregard for GC pool
[2018.12.10-13.43.07:940][  0]LogTcpMessaging: Initializing TcpMessaging bridge
[2018.12.10-13.43.07:954][  0]LogUdpMessaging: Initializing bridge on interface 0.0.0.0:0 to multicast group 230.0.0.1:6666.
[2018.12.10-13.43.08:098][  0]SourceControl: Source control is disabled
[2018.12.10-13.43.08:098][  0]SourceControl: Source control is disabled
[2018.12.10-13.43.08:099][  0]SourceControl: Source control is disabled
[2018.12.10-13.43.08:099][  0]SourceControl: Source control is disabled
[2018.12.10-13.43.08:245][  0]LogAndroidPermission: UAndroidPermissionCallbackProxy::GetInstance
[2018.12.10-13.43.08:301][  0]LogOcInput: OculusInput pre-init called
[2018.12.10-13.43.08:370][  0]LogEngine: Initializing Engine...
[2018.12.10-13.43.08:371][  0]LogHMD: Failed to initialize OpenVR with code 110
[2018.12.10-13.43.08:372][  0]LogStats: UGameplayTagsManager::ConstructGameplayTagTree: ImportINI prefixes -  0.000 s
[2018.12.10-13.43.08:372][  0]LogStats: UGameplayTagsManager::ConstructGameplayTagTree: Construct from data asset -  0.000 s
[2018.12.10-13.43.08:372][  0]LogStats: UGameplayTagsManager::ConstructGameplayTagTree: ImportINI -  0.000 s
[2018.12.10-13.43.08:372][  0]LogStats: UGameplayTagsManager::ConstructGameplayTagTree: GameplayTagTreeChangedEvent.Broadcast -  0.000 s
[2018.12.10-13.43.08:536][  0]LogInit: Initializing FReadOnlyCVARCache
[2018.12.10-13.43.08:546][  0]LogAIModule: Creating AISystem for world Untitled
[2018.12.10-13.43.08:571][  0]LogInit: XAudio2 using 'Headset Earphone (Razer Kraken 7.1 V2)' : 2 channels at 48 kHz using 16 bits per sample (channel mask 0x3)
[2018.12.10-13.43.08:621][  0]LogInit: FAudioDevice initialized.
[2018.12.10-13.43.08:621][  0]LogNetVersion: Set ProjectVersion to 1.0.0.0. Version Checksum will be recalculated on next use.
[2018.12.10-13.43.08:699][  0]LogDerivedDataCache: Saved boot cache 0.08s 71MB C:/Users/benji/AppData/Local/UnrealEngine/4.20/DerivedDataCache/Boot.ddc.
[2018.12.10-13.43.08:703][  0]LogInit: Texture streaming: Enabled
[2018.12.10-13.43.08:714][  0]LogEngineSessionManager: EngineSessionManager initialized
[2018.12.10-13.43.08:714][  0]LogEngineSessionManager: EngineSessionManager sent abnormal shutdown report. Type=AbnormalShutdown, SessionId={91CB3833-415C-646E-223D-C3966D98CADC}
[2018.12.10-13.43.08:723][  0]LogInit: Transaction tracking system initialized
[2018.12.10-13.43.08:735][  0]BlueprintLog: New page: Editor Load
[2018.12.10-13.43.08:777][  0]LocalizationService: Localization service is disabled
[2018.12.10-13.43.08:979][  0]LogCook: Display: Max memory allowance for cook 16384mb min free memory 0mb
[2018.12.10-13.43.08:979][  0]LogCook: Display: Mobile HDR setting 1
[2018.12.10-13.43.08:979][  0]LogGameplayTags: Display: UGameplayTagsManager::DoneAddingNativeTags. DelegateIsBound: 0
[2018.12.10-13.43.08:979][  0]LogStats: UGameplayTagsManager::ConstructGameplayTagTree: ImportINI prefixes -  0.000 s
[2018.12.10-13.43.08:979][  0]LogStats: UGameplayTagsManager::ConstructGameplayTagTree: Construct from data asset -  0.000 s
[2018.12.10-13.43.08:979][  0]LogStats: UGameplayTagsManager::ConstructGameplayTagTree: ImportINI -  0.000 s
[2018.12.10-13.43.08:979][  0]LogStats: UGameplayTagsManager::ConstructGameplayTagTree: GameplayTagTreeChangedEvent.Broadcast -  0.000 s
[2018.12.10-13.43.09:054][  0]LogFileCache: Scanning file cache for directory 'D:/Projets/Unreal/Unreal_AsteroidsEvolution/asteroids-evolution/AsteroidsEvolution/Content/' took 0.01s
[2018.12.10-13.43.09:054][  0]SourceControl: Source control is disabled
[2018.12.10-13.43.09:054][  0]Cmd: MAP LOAD FILE="../../../../../../Projets/Unreal/Unreal_AsteroidsEvolution/asteroids-evolution/AsteroidsEvolution/Content/Levels/BenjiLevel.umap" TEMPLATE=0 SHOWPROGRESS=1 FEATURELEVEL=3
[2018.12.10-13.43.09:055][  0]LightingResults: New page: Lighting Build
[2018.12.10-13.43.09:056][  0]MapCheck: New page: Map Check
[2018.12.10-13.43.09:056][  0]LightingResults: New page: Lighting Build
[2018.12.10-13.43.09:084][  0]LogAIModule: Creating AISystem for world BenjiLevel
[2018.12.10-13.43.09:087][  0]LogEditorServer: Finished looking for orphan Actors (0.000 secs)
[2018.12.10-13.43.09:110][  0]Cmd: MAP CHECKDEP NOCLEARLOG
[2018.12.10-13.43.09:145][  0]MapCheck: Map check complete: 0 Error(s), 0 Warning(s), took 34,713ms to complete.
[2018.12.10-13.43.09:145][  0]LogFileHelpers: Loading map 'BenjiLevel' took 0.092
[2018.12.10-13.43.09:244][  0]LogSlate: Updating window title bar state: overlay mode, drag disabled, window buttons hidden, title bar hidden
[2018.12.10-13.43.09:250][  0]LogSlate: Updating window title bar state: overlay mode, drag disabled, window buttons hidden, title bar hidden
[2018.12.10-13.43.09:256][  0]LogSlate: Updating window title bar state: overlay mode, drag disabled, window buttons hidden, title bar hidden
[2018.12.10-13.43.09:262][  0]LogSlate: Updating window title bar state: overlay mode, drag disabled, window buttons hidden, title bar hidden
[2018.12.10-13.43.09:266][  0]LogCollectionManager: Loaded 0 collections in 0.000720 seconds
[2018.12.10-13.43.09:311][  0]LogFileCache: Scanning file cache for directory 'D:/Projets/Unreal/Unreal_AsteroidsEvolution/asteroids-evolution/AsteroidsEvolution/Saved/Collections/' took 0.01s
[2018.12.10-13.43.09:311][  0]LogFileCache: Scanning file cache for directory 'D:/Projets/Unreal/Unreal_AsteroidsEvolution/asteroids-evolution/AsteroidsEvolution/Content/Developers/benji/Collections/' took 0.01s
[2018.12.10-13.43.09:311][  0]LogFileCache: Scanning file cache for directory 'D:/Projets/Unreal/Unreal_AsteroidsEvolution/asteroids-evolution/AsteroidsEvolution/Content/Collections/' took 0.01s
[2018.12.10-13.43.09:311][  0]LogCollectionManager: Rebuilt the GUID cache for 0 collections in 0.000001 seconds
[2018.12.10-13.43.09:322][  0]LogContentBrowser: Native class hierarchy populated in 0.0110 seconds. Added 2572 classes and 603 folders.
[2018.12.10-13.43.09:325][  0]LogContentBrowser: Native class hierarchy updated for 'WidgetCarousel' in 0.0002 seconds. Added 0 classes and 0 folders.
[2018.12.10-13.43.09:354][  0]LogContentBrowser: Native class hierarchy updated for 'AddContentDialog' in 0.0002 seconds. Added 0 classes and 0 folders.
[2018.12.10-13.43.09:359][  0]LogContentBrowser: Native class hierarchy updated for 'SceneOutliner' in 0.0002 seconds. Added 1 classes and 2 folders.
[2018.12.10-13.43.09:374][  0]LogSlate: Took 0.000154 seconds to synchronously load lazily loaded font '../../../Engine/Content/Slate/Fonts/Roboto-Regular.ttf' (155K)
[2018.12.10-13.43.09:377][  0]LogSlate: Took 0.000132 seconds to synchronously load lazily loaded font '../../../Engine/Content/Slate/Fonts/Roboto-Bold.ttf' (160K)
[2018.12.10-13.43.09:379][  0]LogSlate: Took 0.000216 seconds to synchronously load lazily loaded font '../../../Engine/Content/Editor/Slate/Fonts/FontAwesome.ttf' (139K)
[2018.12.10-13.43.09:432][  0]LogRenderer: Reallocating scene render targets to support 1528x532 Format 10 NumSamples 1 (Frame:1).
[2018.12.10-13.43.09:610][  0]LogContentBrowser: Native class hierarchy updated for 'HierarchicalLODOutliner' in 0.0002 seconds. Added 0 classes and 0 folders.
[2018.12.10-13.43.09:610][  0]LogLoad: (Engine Initialization) Total time: 6.56 seconds
[2018.12.10-13.43.09:610][  0]LogLoad: (Engine Initialization) Total Blueprint compile time: 0.00 seconds
[2018.12.10-13.43.09:632][  0]LogWindowsTextInputMethodSystem: Display: IME system now deactivated.
[2018.12.10-13.43.09:652][  0]LogContentStreaming: Texture pool size now 1000 MB
[2018.12.10-13.43.09:664][  0]LogSlate: Took 0.000198 seconds to synchronously load lazily loaded font '../../../Engine/Content/Slate/Fonts/Roboto-Light.ttf' (167K)
[2018.12.10-13.43.09:687][  1]LogAssetRegistry: Asset discovery search completed in 3.2045 seconds
[2018.12.10-13.43.09:689][  1]LogCollectionManager: Rebuilt the object cache for 0 collections in 0.000000 seconds (found 0 objects)
[2018.12.10-13.43.09:689][  1]LogCollectionManager: Fixed up redirectors for 0 collections in 0.000039 seconds (updated 0 objects)
[2018.12.10-13.43.10:646][ 58]LogSlate: Took 0.000156 seconds to synchronously load lazily loaded font '../../../Engine/Content/Slate/Fonts/Roboto-Light.ttf' (167K)
[2018.12.10-13.43.12:605][176]LogSlate: FSceneViewport::OnFocusLost() reason 0
[2018.12.10-13.43.13:382][218]LogAssetEditorManager: Opening Asset editor for Blueprint /Game/TwinStickBP/Blueprints/TwinStickProjectile.TwinStickProjectile
[2018.12.10-13.43.13:749][218]LogContentBrowser: Native class hierarchy updated for 'BlueprintGraph' in 0.0005 seconds. Added 116 classes and 0 folders.
[2018.12.10-13.43.14:338][218]LogSlate: Took 0.000148 seconds to synchronously load lazily loaded font '../../../Engine/Content/Slate/Fonts/Roboto-BoldCondensed.ttf' (158K)
[2018.12.10-13.43.14:392][219]LogSlate: Took 0.000155 seconds to synchronously load lazily loaded font '../../../Engine/Content/Slate/Fonts/Roboto-Italic.ttf' (157K)
[2018.12.10-13.43.25:543][881]LogAssetEditorManager: Opening Asset editor for Blueprint /Game/BluePrints/PlayerBP.PlayerBP
[2018.12.10-13.43.30:163][ 96]LogSlate: Only BGRA pngs, bmps or icos are supported in by External Image Picker
[2018.12.10-13.43.30:213][ 97]LogTemp: Executing iPhonePackager certificates Engine -bundlename com.YourCompany.AsteroidsEvolution
[2018.12.10-13.43.30:213][ 97]LogTemp: CWD: D:\Programmes\Epic Games\UE_4.20\Engine\Binaries\DotNET\IOS
[2018.12.10-13.43.30:213][ 97]LogTemp: Initial Dir: D:\Programmes\Epic Games\UE_4.20
[2018.12.10-13.43.30:213][ 97]LogTemp: Env CWD: D:\Programmes\Epic Games\UE_4.20\Engine\Binaries\DotNET\IOS
[2018.12.10-13.43.30:230][ 97]LogTemp: BranchPath = DESKTOP-2U8UHNV/D/Programmes/Epic Games/UE_4.20/Engine/Binaries --- GameBranchPath = DESKTOP-2U8UHNV/D/Programmes/Epic Games/UE_4.20/Engine/Binaries
[2018.12.10-13.43.30:230][ 97]LogTemp: IPP ERROR: Could not find provision directory 'C:\Users\benji\AppData\Local/Apple Computer/MobileDevice/Provisioning Profiles/'.
[2018.12.10-13.51.04:612][742]LogSlate: Window 'Project Settings' being destroyed
[2018.12.10-13.51.04:617][742]LogSlate: Window 'Project Settings' being destroyed
[2018.12.10-14.03.20:033][328]LogFileHelpers: Editor autosave (incl. sublevels) for '/Game/Levels/BenjiLevel' took 0.032
[2018.12.10-14.03.20:035][328]OBJ SavePackage: Generating thumbnails for [1] asset(s) in package [/Game/BluePrints/PlayerBP] ([1] browsable assets)...
[2018.12.10-14.03.20:064][328]OBJ SavePackage:     Rendered thumbnail for [Blueprint /Game/BluePrints/PlayerBP.PlayerBP]
[2018.12.10-14.03.20:064][328]OBJ SavePackage: Finished generating thumbnails for package [/Game/BluePrints/PlayerBP]
[2018.12.10-14.03.20:137][328]LogSavePackage: Moving '../../../../../../Projets/Unreal/Unreal_AsteroidsEvolution/asteroids-evolution/AsteroidsEvolution/Saved/PlayerBP_Auto108331B9B42EEAD42AF8618BAC2DC0C46.tmp' to '../../../../../../Projets/Unreal/Unreal_AsteroidsEvolution/asteroids-evolution/AsteroidsEvolution/Saved/Autosaves/Game/BluePrints/PlayerBP_Auto1.uasset'
[2018.12.10-14.03.20:139][328]LogFileHelpers: Auto-saving content packages took 0.105
[2018.12.10-14.10.06:747][840]LogSlate: Only BGRA pngs, bmps or icos are supported in by External Image Picker
[2018.12.10-14.10.06:811][841]LogTemp: Executing iPhonePackager certificates Engine -bundlename com.YourCompany.AsteroidsEvolution
[2018.12.10-14.10.06:811][841]LogTemp: CWD: D:\Programmes\Epic Games\UE_4.20\Engine\Binaries\DotNET\IOS
[2018.12.10-14.10.06:811][841]LogTemp: Initial Dir: D:\Programmes\Epic Games\UE_4.20
[2018.12.10-14.10.06:811][841]LogTemp: Env CWD: D:\Programmes\Epic Games\UE_4.20\Engine\Binaries\DotNET\IOS
[2018.12.10-14.10.06:811][841]LogTemp: BranchPath = DESKTOP-2U8UHNV/D/Programmes/Epic Games/UE_4.20/Engine/Binaries --- GameBranchPath = DESKTOP-2U8UHNV/D/Programmes/Epic Games/UE_4.20/Engine/Binaries
[2018.12.10-14.10.06:844][842]LogTemp: IPP ERROR: Could not find provision directory 'C:\Users\benji\AppData\Local/Apple Computer/MobileDevice/Provisioning Profiles/'.
[2018.12.10-14.10.11:786][138]LogSlate: Window 'Project Settings' being destroyed
[2018.12.10-14.10.11:792][138]LogSlate: Window 'Project Settings' being destroyed
[2018.12.10-14.10.30:955][268]LogAssetEditorManager: Opening Asset editor for Blueprint /Game/TwinStickBP/Blueprints/TwinStickGameMode.TwinStickGameMode
[2018.12.10-14.10.49:198][338]LogSavePackage: Moving '../../../../../../Projets/Unreal/Unreal_AsteroidsEvolution/asteroids-evolution/AsteroidsEvolution/Saved/PlayerBP245D607D446D5F18447EC79FB49FA151.tmp' to '../../../../../../Projets/Unreal/Unreal_AsteroidsEvolution/asteroids-evolution/AsteroidsEvolution/Content/BluePrints/PlayerBP.uasset'
[2018.12.10-14.13.54:621][843]LogFileHelpers: Editor autosave (incl. sublevels) for '/Game/Levels/BenjiLevel' took 0.026
[2018.12.10-14.13.54:622][843]OBJ SavePackage: Generating thumbnails for [0] asset(s) in package [/Game/BluePrints/PlayerBP] ([1] browsable assets)...
[2018.12.10-14.13.54:622][843]OBJ SavePackage: Finished generating thumbnails for package [/Game/BluePrints/PlayerBP]
[2018.12.10-14.13.54:685][843]LogSavePackage: Moving '../../../../../../Projets/Unreal/Unreal_AsteroidsEvolution/asteroids-evolution/AsteroidsEvolution/Saved/PlayerBP_Auto23A2D41EC4D17A0C580B5268A3A9F251A.tmp' to '../../../../../../Projets/Unreal/Unreal_AsteroidsEvolution/asteroids-evolution/AsteroidsEvolution/Saved/Autosaves/Game/BluePrints/PlayerBP_Auto2.uasset'
[2018.12.10-14.13.54:687][843]LogFileHelpers: Auto-saving content packages took 0.066
[2018.12.10-14.15.07:627][262]LogSavePackage: Moving '../../../../../../Projets/Unreal/Unreal_AsteroidsEvolution/asteroids-evolution/AsteroidsEvolution/Saved/PlayerBP35C8D60346F4F70FAD7F45B481390AD2.tmp' to '../../../../../../Projets/Unreal/Unreal_AsteroidsEvolution/asteroids-evolution/AsteroidsEvolution/Content/BluePrints/PlayerBP.uasset'
[2018.12.10-14.15.26:003][290]LogSlate: Only BGRA pngs, bmps or icos are supported in by External Image Picker
[2018.12.10-14.15.26:133][290]LogTemp: Executing iPhonePackager certificates Engine -bundlename com.YourCompany.AsteroidsEvolution
[2018.12.10-14.15.26:133][290]LogTemp: CWD: D:\Programmes\Epic Games\UE_4.20\Engine\Binaries\DotNET\IOS
[2018.12.10-14.15.26:133][290]LogTemp: Initial Dir: D:\Programmes\Epic Games\UE_4.20
[2018.12.10-14.15.26:133][290]LogTemp: Env CWD: D:\Programmes\Epic Games\UE_4.20\Engine\Binaries\DotNET\IOS
[2018.12.10-14.15.26:133][290]LogTemp: BranchPath = DESKTOP-2U8UHNV/D/Programmes/Epic Games/UE_4.20/Engine/Binaries --- GameBranchPath = DESKTOP-2U8UHNV/D/Programmes/Epic Games/UE_4.20/Engine/Binaries
[2018.12.10-14.15.26:133][290]LogTemp: IPP ERROR: Could not find provision directory 'C:\Users\benji\AppData\Local/Apple Computer/MobileDevice/Provisioning Profiles/'.
[2018.12.10-14.15.33:947][740]LogSlate: FSceneViewport::OnFocusLost() reason 0
[2018.12.10-14.17.59:239][357]LogBlueprint: Warning: [Compiler TwinStickPawn] Get Input Axis references unknown Axis 'FireRight' for  Get FireRight
[2018.12.10-14.17.59:239][357]LogBlueprint: Warning: [Compiler TwinStickPawn] Get Input Axis references unknown Axis 'FireForward' for  Get FireForward
[2018.12.10-14.17.59:242][357]LogBlueprint: Warning: [Compiler TwinStickPawn] [2096,20] Compile of TwinStickPawn successful, but with 2 Warning(s) [in 7 ms] (/Game/TwinStickBP/Blueprints/TwinStickPawn.TwinStickPawn)
[2018.12.10-14.17.59:266][357]LogAssetEditorManager: Opening Asset editor for Blueprint /Game/TwinStickBP/Blueprints/TwinStickPawn.TwinStickPawn
[2018.12.10-14.18.02:819][548]LogRenderer: Reallocating scene render targets to support 1528x712 Format 10 NumSamples 1 (Frame:1).
[2018.12.10-14.18.03:431][584]LogSlate: Window 'Project Settings' being destroyed
[2018.12.10-14.18.07:659][821]LogSlate: Window 'PlayerBP*' being destroyed
[2018.12.10-14.18.10:859][ 13]BlueprintLog: New page: Compile PlayerBP
[2018.12.10-14.18.10:913][ 13]LogBlueprint: Warning: [Compiler PlayerBP] Could not find a variable named "CanFire" in 'PlayerBP_C'.
Make sure 'PlayerBP_C' has been compiled for  Get CanFire
[2018.12.10-14.18.10:914][ 13]LogBlueprint: Warning: [Compiler PlayerBP] Could not find a variable named "FireRate" in 'PlayerBP_C'.
Make sure 'PlayerBP_C' has been compiled for  Get FireRate
[2018.12.10-14.18.10:914][ 13]LogBlueprint: Warning: [Compiler PlayerBP] Could not find a variable named "CanFire" in 'PlayerBP_C'.
Make sure 'PlayerBP_C' has been compiled for  Set CanFire
[2018.12.10-14.18.10:914][ 13]LogBlueprint: Warning: [Compiler PlayerBP] Could not find a variable named "GunOffset" in 'PlayerBP_C'.
Make sure 'PlayerBP_C' has been compiled for  Get GunOffset
[2018.12.10-14.18.10:914][ 13]LogBlueprint: Warning: [Compiler PlayerBP] Could not find a variable named "FireSound" in 'PlayerBP_C'.
Make sure 'PlayerBP_C' has been compiled for  Get FireSound
[2018.12.10-14.18.10:917][ 13]LogBlueprint: Error: [Compiler PlayerBP] The property associated with  Fire Sound  could not be found in '/Game/BluePrints/PlayerBP.PlayerBP_C'
[2018.12.10-14.18.10:917][ 13]LogBlueprint: Error: [Compiler PlayerBP] The property associated with  Gun Offset  could not be found in '/Game/BluePrints/PlayerBP.PlayerBP_C'
[2018.12.10-14.18.10:917][ 13]LogBlueprint: Error: [Compiler PlayerBP] The property associated with  Can Fire  could not be found in '/Game/BluePrints/PlayerBP.PlayerBP_C'
[2018.12.10-14.18.10:917][ 13]LogBlueprint: Error: [Compiler PlayerBP] The property associated with  Fire Rate  could not be found in '/Game/BluePrints/PlayerBP.PlayerBP_C'
[2018.12.10-14.18.10:917][ 13]LogBlueprint: Error: [Compiler PlayerBP] The property associated with  Can Fire  could not be found in '/Game/BluePrints/PlayerBP.PlayerBP_C'
[2018.12.10-14.18.11:163][ 13]LogBlueprint: Warning: [Compiler PlayerBP] [2108,12] Compile of PlayerBP failed. 5 Fatal Issue(s) 5 Warning(s) [in 303 ms] (/Game/BluePrints/PlayerBP.PlayerBP)
[2018.12.10-14.18.11:706][ 38]LogSavePackage: Moving '../../../../../../Projets/Unreal/Unreal_AsteroidsEvolution/asteroids-evolution/AsteroidsEvolution/Saved/PlayerBP9FABE79A432B746BEF655A8EBA4F6D68.tmp' to '../../../../../../Projets/Unreal/Unreal_AsteroidsEvolution/asteroids-evolution/AsteroidsEvolution/Content/BluePrints/PlayerBP.uasset'
[2018.12.10-14.18.42:869][906]LogAssetEditorManager: Opening Asset editor for SoundWave /Game/TwinStick/Audio/TwinStickFire.TwinStickFire
[2018.12.10-14.20.14:027][329]LogAssetEditorManager: Opening Asset editor for Blueprint /Game/BluePrints/PlayerProjectileBP.PlayerProjectileBP
[2018.12.10-14.22.14:043][474]LogSlate: Took 0.000173 seconds to synchronously load lazily loaded font '../../../Engine/Content/Slate/Fonts/Roboto-BoldCondensedItalic.ttf' (160K)
[2018.12.10-14.23.32:435][155]LogClass: Warning: Type mismatch in ShootSound of SKEL_PlayerBP_C - Previous (StructProperty) Current(ObjectProperty) for package:  FObjectReader
[2018.12.10-14.24.35:810][294]BlueprintLog: New page: Compile PlayerBP
[2018.12.10-14.24.57:753][593]BlueprintLog: New page: Compile PlayerBP
[2018.12.10-14.24.57:803][593]LogBlueprint: Warning: [Compiler PlayerBP] Could not find a variable named "FireRate" in 'PlayerBP_C'.
Make sure 'PlayerBP_C' has been compiled for  Get FireRate
[2018.12.10-14.24.57:805][593]LogBlueprint: Error: [Compiler PlayerBP] The property associated with  Fire Rate  could not be found in '/Game/BluePrints/PlayerBP.PlayerBP_C'
[2018.12.10-14.24.57:924][593]LogBlueprint: Warning: [Compiler PlayerBP] [2514,88] Compile of PlayerBP failed. 1 Fatal Issue(s) 1 Warning(s) [in 170 ms] (/Game/BluePrints/PlayerBP.PlayerBP)
[2018.12.10-14.25.37:850][863]LogSlate: Window 'Change Variable Type' being destroyed
[2018.12.10-14.25.39:688][961]LogSlate: Window 'Find in Blueprints' being destroyed
[2018.12.10-14.25.39:693][961]LogSlate: Window 'Find in Blueprints' being destroyed
[2018.12.10-14.25.56:891][990]BlueprintLog: New page: Compile PlayerBP
[2018.12.10-14.25.57:863][ 29]LogSavePackage: Moving '../../../../../../Projets/Unreal/Unreal_AsteroidsEvolution/asteroids-evolution/AsteroidsEvolution/Saved/PlayerBP6CFFE8C04B00D881F9F4138E026F597D.tmp' to '../../../../../../Projets/Unreal/Unreal_AsteroidsEvolution/asteroids-evolution/AsteroidsEvolution/Content/BluePrints/PlayerBP.uasset'
[2018.12.10-14.26.22:758][522]BlueprintLog: New page: Compile TwinStickPawn
[2018.12.10-14.26.22:781][522]LogBlueprint: Warning: [Compiler TwinStickPawn] Get Input Axis references unknown Axis 'FireRight' for  Get FireRight
[2018.12.10-14.26.22:781][522]LogBlueprint: Warning: [Compiler TwinStickPawn] Get Input Axis references unknown Axis 'FireForward' for  Get FireForward
[2018.12.10-14.26.22:917][522]LogBlueprint: Warning: [Compiler TwinStickPawn] [2599,87] Compile of TwinStickPawn successful, but with 2 Warning(s) [in 159 ms] (/Game/TwinStickBP/Blueprints/TwinStickPawn.TwinStickPawn)
[2018.12.10-14.27.48:629][651]LogSavePackage: Moving '../../../../../../Projets/Unreal/Unreal_AsteroidsEvolution/asteroids-evolution/AsteroidsEvolution/Saved/PlayerProjectileBPEF66323E4A14CF31AC129097D854982E.tmp' to '../../../../../../Projets/Unreal/Unreal_AsteroidsEvolution/asteroids-evolution/AsteroidsEvolution/Content/BluePrints/PlayerProjectileBP.uasset'
[2018.12.10-14.28.06:631][729]LogTemp: Repeating last play command: Selected Viewport
[2018.12.10-14.28.06:654][729]LogPlayLevel: PlayLevel: No blueprints needed recompiling
[2018.12.10-14.28.06:667][729]PIE: New page: PIE session: BenjiLevel (10 déc. 2018 16:28:06)
[2018.12.10-14.28.06:667][729]LogPlayLevel: Creating play world package: /Game/Levels/UEDPIE_0_BenjiLevel
[2018.12.10-14.28.06:669][729]LogPlayLevel: PIE: StaticDuplicateObject took: (0.002079s)
[2018.12.10-14.28.06:670][729]LogAIModule: Creating AISystem for world BenjiLevel
[2018.12.10-14.28.06:670][729]LogPlayLevel: PIE: World Init took: (0.000637s)
[2018.12.10-14.28.06:670][729]LogPlayLevel: PIE: Created PIE world by copying editor world from /Game/Levels/BenjiLevel.BenjiLevel to /Game/Levels/UEDPIE_0_BenjiLevel.BenjiLevel (0.002815s)
[2018.12.10-14.28.06:706][729]LogInit: XAudio2 using 'Headset Earphone (Razer Kraken 7.1 V2)' : 2 channels at 48 kHz using 16 bits per sample (channel mask 0x3)
[2018.12.10-14.28.06:744][729]LogInit: FAudioDevice initialized.
[2018.12.10-14.28.06:753][729]LogSlate: Updating window title bar state: overlay mode, drag disabled, window buttons hidden, title bar hidden
[2018.12.10-14.28.06:803][729]LogLoad: Game class is 'TwinStickGameMode_C'
[2018.12.10-14.28.06:805][729]LogWorld: Bringing World /Game/Levels/UEDPIE_0_BenjiLevel.BenjiLevel up for play (max tick rate 60) at 2018.12.10-15.28.06
[2018.12.10-14.28.06:805][729]LogWorld: Bringing up level for play took: 0.000676
[2018.12.10-14.28.06:823][729]LogContentBrowser: Native class hierarchy updated for 'MovieSceneCapture' in 0.0003 seconds. Added 10 classes and 0 folders.
[2018.12.10-14.28.06:827][729]PIE: Play in editor start time for /Game/Levels/UEDPIE_0_BenjiLevel 0,014
[2018.12.10-14.28.06:883][729]LogRenderer: Reallocating scene render targets to support 1528x756 Format 10 NumSamples 1 (Frame:1).
[2018.12.10-14.28.12:069][ 28]LogSlate: Updating window title bar state: overlay mode, drag disabled, window buttons hidden, title bar hidden
[2018.12.10-14.28.12:083][ 28]LogSlate: Window 'AsteroidsEvolution Game Preview Standalone (64-bit/PCD3D_SM5)' being destroyed
[2018.12.10-14.28.12:112][ 28]LogPlayLevel: Display: Shutting down PIE online subsystems
[2018.12.10-14.28.12:156][ 29]LogPlayLevel: Display: Destroying online subsystem :Context_11
[2018.12.10-14.28.15:763][244]LogTemp: Repeating last play command: Selected Viewport
[2018.12.10-14.28.15:784][244]LogPlayLevel: PlayLevel: No blueprints needed recompiling
[2018.12.10-14.28.15:784][244]PIE: New page: PIE session: BenjiLevel (10 déc. 2018 16:28:15)
[2018.12.10-14.28.15:785][244]LogPlayLevel: Creating play world package: /Game/Levels/UEDPIE_0_BenjiLevel
[2018.12.10-14.28.15:786][244]LogPlayLevel: PIE: StaticDuplicateObject took: (0.001702s)
[2018.12.10-14.28.15:787][244]LogAIModule: Creating AISystem for world BenjiLevel
[2018.12.10-14.28.15:787][244]LogPlayLevel: PIE: World Init took: (0.000491s)
[2018.12.10-14.28.15:787][244]LogPlayLevel: PIE: Created PIE world by copying editor world from /Game/Levels/BenjiLevel.BenjiLevel to /Game/Levels/UEDPIE_0_BenjiLevel.BenjiLevel (0.002276s)
[2018.12.10-14.28.15:818][244]LogInit: XAudio2 using 'Headset Earphone (Razer Kraken 7.1 V2)' : 2 channels at 48 kHz using 16 bits per sample (channel mask 0x3)
[2018.12.10-14.28.15:856][244]LogInit: FAudioDevice initialized.
[2018.12.10-14.28.15:867][244]LogSlate: Updating window title bar state: overlay mode, drag disabled, window buttons hidden, title bar hidden
[2018.12.10-14.28.15:901][244]LogLoad: Game class is 'TwinStickGameMode_C'
[2018.12.10-14.28.15:903][244]LogWorld: Bringing World /Game/Levels/UEDPIE_0_BenjiLevel.BenjiLevel up for play (max tick rate 60) at 2018.12.10-15.28.15
[2018.12.10-14.28.15:903][244]LogWorld: Bringing up level for play took: 0.000474
[2018.12.10-14.28.15:918][244]PIE: Play in editor start time for /Game/Levels/UEDPIE_0_BenjiLevel 1,105
[2018.12.10-14.28.27:014][858]LogSlate: Updating window title bar state: overlay mode, drag disabled, window buttons hidden, title bar hidden
[2018.12.10-14.28.27:028][858]LogSlate: Window 'AsteroidsEvolution Game Preview Standalone (64-bit/PCD3D_SM5)' being destroyed
[2018.12.10-14.28.27:060][858]LogPlayLevel: Display: Shutting down PIE online subsystems
[2018.12.10-14.28.27:182][860]LogPlayLevel: Display: Destroying online subsystem :Context_12
[2018.12.10-14.28.58:800][739]BlueprintLog: New page: Compile PlayerBP
[2018.12.10-14.28.59:563][766]LogSavePackage: Moving '../../../../../../Projets/Unreal/Unreal_AsteroidsEvolution/asteroids-evolution/AsteroidsEvolution/Saved/PlayerBPDBC1EBDB49EEBE9D143E2AAC776517E1.tmp' to '../../../../../../Projets/Unreal/Unreal_AsteroidsEvolution/asteroids-evolution/AsteroidsEvolution/Content/BluePrints/PlayerBP.uasset'
[2018.12.10-14.29.00:575][826]LogTemp: Repeating last play command: Selected Viewport
[2018.12.10-14.29.00:597][826]LogPlayLevel: PlayLevel: No blueprints needed recompiling
[2018.12.10-14.29.00:597][826]PIE: New page: PIE session: BenjiLevel (10 déc. 2018 16:29:00)
[2018.12.10-14.29.00:597][826]LogPlayLevel: Creating play world package: /Game/Levels/UEDPIE_0_BenjiLevel
[2018.12.10-14.29.00:599][826]LogPlayLevel: PIE: StaticDuplicateObject took: (0.001711s)
[2018.12.10-14.29.00:599][826]LogAIModule: Creating AISystem for world BenjiLevel
[2018.12.10-14.29.00:599][826]LogPlayLevel: PIE: World Init took: (0.000514s)
[2018.12.10-14.29.00:599][826]LogPlayLevel: PIE: Created PIE world by copying editor world from /Game/Levels/BenjiLevel.BenjiLevel to /Game/Levels/UEDPIE_0_BenjiLevel.BenjiLevel (0.002310s)
[2018.12.10-14.29.00:633][826]LogInit: XAudio2 using 'Headset Earphone (Razer Kraken 7.1 V2)' : 2 channels at 48 kHz using 16 bits per sample (channel mask 0x3)
[2018.12.10-14.29.00:670][826]LogInit: FAudioDevice initialized.
[2018.12.10-14.29.00:679][826]LogSlate: Updating window title bar state: overlay mode, drag disabled, window buttons hidden, title bar hidden
[2018.12.10-14.29.00:712][826]LogLoad: Game class is 'TwinStickGameMode_C'
[2018.12.10-14.29.00:713][826]LogWorld: Bringing World /Game/Levels/UEDPIE_0_BenjiLevel.BenjiLevel up for play (max tick rate 60) at 2018.12.10-15.29.00
[2018.12.10-14.29.00:713][826]LogWorld: Bringing up level for play took: 0.000469
[2018.12.10-14.29.00:728][826]PIE: Play in editor start time for /Game/Levels/UEDPIE_0_BenjiLevel -0,085
[2018.12.10-14.29.01:539][871]LogBlueprintUserMessages: [PlayerBP_C_0] Hello
[2018.12.10-14.29.02:437][925]LogBlueprintUserMessages: [PlayerBP_C_0] Hello
[2018.12.10-14.29.02:770][945]LogBlueprintUserMessages: [PlayerBP_C_0] Hello
[2018.12.10-14.29.02:970][957]LogBlueprintUserMessages: [PlayerBP_C_0] Hello
[2018.12.10-14.29.03:170][969]LogBlueprintUserMessages: [PlayerBP_C_0] Hello
[2018.12.10-14.29.03:371][981]LogBlueprintUserMessages: [PlayerBP_C_0] Hello
[2018.12.10-14.29.05:137][ 87]LogSlate: Updating window title bar state: overlay mode, drag disabled, window buttons hidden, title bar hidden
[2018.12.10-14.29.05:151][ 87]LogSlate: Window 'AsteroidsEvolution Game Preview Standalone (64-bit/PCD3D_SM5)' being destroyed
[2018.12.10-14.29.05:185][ 87]LogPlayLevel: Display: Shutting down PIE online subsystems
[2018.12.10-14.29.05:250][ 89]LogPlayLevel: Display: Destroying online subsystem :Context_13
[2018.12.10-14.29.23:426][177]BlueprintLog: New page: Compile PlayerBP
[2018.12.10-14.29.24:312][211]LogSavePackage: Moving '../../../../../../Projets/Unreal/Unreal_AsteroidsEvolution/asteroids-evolution/AsteroidsEvolution/Saved/PlayerBP510170DD4A0B9D3408901E87F88C146F.tmp' to '../../../../../../Projets/Unreal/Unreal_AsteroidsEvolution/asteroids-evolution/AsteroidsEvolution/Content/BluePrints/PlayerBP.uasset'
[2018.12.10-14.29.26:257][327]LogTemp: Repeating last play command: Selected Viewport
[2018.12.10-14.29.26:279][327]LogPlayLevel: PlayLevel: No blueprints needed recompiling
[2018.12.10-14.29.26:279][327]PIE: New page: PIE session: BenjiLevel (10 déc. 2018 16:29:26)
[2018.12.10-14.29.26:279][327]LogPlayLevel: Creating play world package: /Game/Levels/UEDPIE_0_BenjiLevel
[2018.12.10-14.29.26:280][327]LogPlayLevel: PIE: StaticDuplicateObject took: (0.001707s)
[2018.12.10-14.29.26:281][327]LogAIModule: Creating AISystem for world BenjiLevel
[2018.12.10-14.29.26:281][327]LogPlayLevel: PIE: World Init took: (0.000510s)
[2018.12.10-14.29.26:281][327]LogPlayLevel: PIE: Created PIE world by copying editor world from /Game/Levels/BenjiLevel.BenjiLevel to /Game/Levels/UEDPIE_0_BenjiLevel.BenjiLevel (0.002301s)
[2018.12.10-14.29.26:316][327]LogInit: XAudio2 using 'Headset Earphone (Razer Kraken 7.1 V2)' : 2 channels at 48 kHz using 16 bits per sample (channel mask 0x3)
[2018.12.10-14.29.26:354][327]LogInit: FAudioDevice initialized.
[2018.12.10-14.29.26:362][327]LogSlate: Updating window title bar state: overlay mode, drag disabled, window buttons hidden, title bar hidden
[2018.12.10-14.29.26:398][327]LogLoad: Game class is 'TwinStickGameMode_C'
[2018.12.10-14.29.26:399][327]LogWorld: Bringing World /Game/Levels/UEDPIE_0_BenjiLevel.BenjiLevel up for play (max tick rate 60) at 2018.12.10-15.29.26
[2018.12.10-14.29.26:400][327]LogWorld: Bringing up level for play took: 0.000467
[2018.12.10-14.29.26:414][327]PIE: Play in editor start time for /Game/Levels/UEDPIE_0_BenjiLevel -0,399
[2018.12.10-14.29.28:604][456]LogSlate: Updating window title bar state: overlay mode, drag disabled, window buttons hidden, title bar hidden
[2018.12.10-14.29.28:617][456]LogSlate: Window 'AsteroidsEvolution Game Preview Standalone (64-bit/PCD3D_SM5)' being destroyed
[2018.12.10-14.29.28:649][456]LogPlayLevel: Display: Shutting down PIE online subsystems
[2018.12.10-14.29.28:707][457]LogPlayLevel: Display: Destroying online subsystem :Context_14
[2018.12.10-14.29.36:336][914]BlueprintLog: New page: Compile PlayerBP
[2018.12.10-14.29.38:532][ 33]LogTemp: Repeating last play command: Selected Viewport
[2018.12.10-14.29.38:569][ 33]LogPlayLevel: PlayLevel: No blueprints needed recompiling
[2018.12.10-14.29.38:569][ 33]PIE: New page: PIE session: BenjiLevel (10 déc. 2018 16:29:38)
[2018.12.10-14.29.38:569][ 33]LogPlayLevel: Creating play world package: /Game/Levels/UEDPIE_0_BenjiLevel
[2018.12.10-14.29.38:571][ 33]LogPlayLevel: PIE: StaticDuplicateObject took: (0.001722s)
[2018.12.10-14.29.38:571][ 33]LogAIModule: Creating AISystem for world BenjiLevel
[2018.12.10-14.29.38:572][ 33]LogPlayLevel: PIE: World Init took: (0.000533s)
[2018.12.10-14.29.38:572][ 33]LogPlayLevel: PIE: Created PIE world by copying editor world from /Game/Levels/BenjiLevel.BenjiLevel to /Game/Levels/UEDPIE_0_BenjiLevel.BenjiLevel (0.002348s)
[2018.12.10-14.29.38:604][ 33]LogInit: XAudio2 using 'Headset Earphone (Razer Kraken 7.1 V2)' : 2 channels at 48 kHz using 16 bits per sample (channel mask 0x3)
[2018.12.10-14.29.38:641][ 33]LogInit: FAudioDevice initialized.
[2018.12.10-14.29.38:650][ 33]LogSlate: Updating window title bar state: overlay mode, drag disabled, window buttons hidden, title bar hidden
[2018.12.10-14.29.38:685][ 33]LogLoad: Game class is 'TwinStickGameMode_C'
[2018.12.10-14.29.38:686][ 33]LogWorld: Bringing World /Game/Levels/UEDPIE_0_BenjiLevel.BenjiLevel up for play (max tick rate 60) at 2018.12.10-15.29.38
[2018.12.10-14.29.38:686][ 33]LogWorld: Bringing up level for play took: 0.000564
[2018.12.10-14.29.38:701][ 33]PIE: Play in editor start time for /Game/Levels/UEDPIE_0_BenjiLevel -0,112
[2018.12.10-14.29.39:779][ 95]LogBlueprintUserMessages: [PlayerBP_C_0] Hello
[2018.12.10-14.29.39:798][ 95]LogBlueprintUserMessages: Warning: SetTimer passed a bad function (Shot Timer Expired) or object (PlayerBP_C_0)
[2018.12.10-14.29.43:732][330]LogSlate: Updating window title bar state: overlay mode, drag disabled, window buttons hidden, title bar hidden
[2018.12.10-14.29.43:745][330]LogSlate: Window 'AsteroidsEvolution Game Preview Standalone (64-bit/PCD3D_SM5)' being destroyed
[2018.12.10-14.29.43:780][330]LogPlayLevel: Display: Shutting down PIE online subsystems
[2018.12.10-14.29.43:831][331]LogPlayLevel: Display: Destroying online subsystem :Context_15
[2018.12.10-14.29.48:553][607]LogSavePackage: Moving '../../../../../../Projets/Unreal/Unreal_AsteroidsEvolution/asteroids-evolution/AsteroidsEvolution/Saved/PlayerBP2C31F27D475AC48B9CBCABB8C70B759A.tmp' to '../../../../../../Projets/Unreal/Unreal_AsteroidsEvolution/asteroids-evolution/AsteroidsEvolution/Content/BluePrints/PlayerBP.uasset'
[2018.12.10-14.31.39:207][240]LogFileHelpers: Editor autosave (incl. sublevels) for '/Game/Levels/BenjiLevel' took 0.025
[2018.12.10-14.31.39:210][240]OBJ SavePackage: Generating thumbnails for [1] asset(s) in package [/Game/TwinStickBP/Blueprints/TwinStickPawn] ([1] browsable assets)...
[2018.12.10-14.31.39:221][240]OBJ SavePackage:     Rendered thumbnail for [Blueprint /Game/TwinStickBP/Blueprints/TwinStickPawn.TwinStickPawn]
[2018.12.10-14.31.39:221][240]OBJ SavePackage: Finished generating thumbnails for package [/Game/TwinStickBP/Blueprints/TwinStickPawn]
[2018.12.10-14.31.39:270][240]LogSavePackage: Moving '../../../../../../Projets/Unreal/Unreal_AsteroidsEvolution/asteroids-evolution/AsteroidsEvolution/Saved/TwinStickPawn_Auto34ECCCAB547CD6A4137F9A7B61FE7A320.tmp' to '../../../../../../Projets/Unreal/Unreal_AsteroidsEvolution/asteroids-evolution/AsteroidsEvolution/Saved/Autosaves/Game/TwinStickBP/Blueprints/TwinStickPawn_Auto3.uasset'
[2018.12.10-14.31.39:272][240]LogFileHelpers: Auto-saving content packages took 0.063
