Log file open, 12/04/18 14:52:53
LogWindows: Failed to load 'aqProf.dll' (GetLastError=126)
LogWindows: File 'aqProf.dll' does not exist
LogWindows: Failed to load 'VSPerf140.dll' (GetLastError=126)
LogWindows: File 'VSPerf140.dll' does not exist
LogWindows: Failed to load 'VtuneApi.dll' (GetLastError=126)
LogWindows: File 'VtuneApi.dll' does not exist
LogWindows: Failed to load 'VtuneApi32e.dll' (GetLastError=126)
LogWindows: File 'VtuneApi32e.dll' does not exist
LogInit: Display: Running engine for game: AsteroidsEvolution
LogPlatformFile: Not using cached read wrapper
LogTaskGraph: Started task graph with 5 named threads and 35 total threads with 3 sets of task threads.
LogStats: Stats thread started at 0.406639
LogD3D11RHI: Loaded GFSDK_Aftermath_Lib.x64.dll
LogICUInternationalization: Display: ICU TimeZone Detection - Raw Offset: +1:00, Platform Override: ''
LogPluginManager: Mounting plugin Paper2D
LogPluginManager: Mounting plugin AISupport
LogPluginManager: Mounting plugin LightPropagationVolume
LogPluginManager: Mounting plugin CLionSourceCodeAccess
LogPluginManager: Mounting plugin CodeLiteSourceCodeAccess
LogPluginManager: Mounting plugin GitSourceControl
LogPluginManager: Mounting plugin KDevelopSourceCodeAccess
LogPluginManager: Mounting plugin NullSourceCodeAccess
LogPluginManager: Mounting plugin PerforceSourceControl
LogPluginManager: Mounting plugin SubversionSourceControl
LogPluginManager: Mounting plugin UObjectPlugin
LogPluginManager: Mounting plugin VisualStudioCodeSourceCodeAccess
LogPluginManager: Mounting plugin VisualStudioSourceCodeAccess
LogPluginManager: Mounting plugin XCodeSourceCodeAccess
LogPluginManager: Mounting plugin AssetManagerEditor
LogPluginManager: Mounting plugin CryptoKeys
LogPluginManager: Mounting plugin DataValidation
LogPluginManager: Mounting plugin FacialAnimation
LogPluginManager: Mounting plugin GameplayTagsEditor
LogPluginManager: Mounting plugin MacGraphicsSwitching
LogPluginManager: Mounting plugin MeshEditor
LogPluginManager: Mounting plugin MobileLauncherProfileWizard
LogPluginManager: Mounting plugin PluginBrowser
LogPluginManager: Mounting plugin SpeedTreeImporter
LogPluginManager: Mounting plugin DatasmithContent
LogPluginManager: Mounting plugin AlembicImporter
LogPluginManager: Mounting plugin AppleImageUtils
LogPluginManager: Mounting plugin AppleVision
LogPluginManager: Mounting plugin BackChannel
LogPluginManager: Mounting plugin CharacterAI
LogPluginManager: Mounting plugin GeometryCache
LogPluginManager: Mounting plugin HTML5Networking
LogPluginManager: Mounting plugin ProxyLODPlugin
LogPluginManager: Mounting plugin MagicLeap
LogPluginManager: Mounting plugin MagicLeapEmulator
LogPluginManager: Mounting plugin MagicLeapMedia
LogPluginManager: Mounting plugin AndroidMedia
LogPluginManager: Mounting plugin AvfMedia
LogPluginManager: Mounting plugin ImgMedia
LogPluginManager: Mounting plugin LinearTimecode
LogPluginManager: Mounting plugin MediaCompositing
LogPluginManager: Mounting plugin MediaPlayerEditor
LogPluginManager: Mounting plugin WmfMedia
LogPluginManager: Mounting plugin TcpMessaging
LogPluginManager: Mounting plugin UdpMessaging
LogPluginManager: Mounting plugin ActorSequence
LogPluginManager: Mounting plugin LevelSequenceEditor
LogPluginManager: Mounting plugin MatineeToLevelSequence
LogPluginManager: Mounting plugin NetcodeUnitTest
LogPluginManager: Mounting plugin NUTUnrealEngine4
LogPluginManager: Mounting plugin OnlineSubsystemGooglePlay
LogPluginManager: Mounting plugin OnlineSubsystemIOS
LogPluginManager: Mounting plugin OnlineSubsystem
LogPluginManager: Mounting plugin OnlineSubsystemNull
LogPluginManager: Mounting plugin OnlineSubsystemUtils
LogPluginManager: Mounting plugin LauncherChunkInstaller
LogPluginManager: Mounting plugin AndroidDeviceProfileSelector
LogPluginManager: Mounting plugin AndroidMoviePlayer
LogPluginManager: Mounting plugin AndroidPermission
LogPluginManager: Mounting plugin AppleMoviePlayer
LogPluginManager: Mounting plugin ArchVisCharacter
LogPluginManager: Mounting plugin AudioCapture
LogPluginManager: Mounting plugin CableComponent
LogPluginManager: Mounting plugin CustomMeshComponent
LogPluginManager: Mounting plugin EditableMesh
LogPluginManager: Mounting plugin ExampleDeviceProfileSelector
LogPluginManager: Mounting plugin GoogleCloudMessaging
LogPluginManager: Mounting plugin ImmediatePhysics
LogPluginManager: Mounting plugin IOSDeviceProfileSelector
LogPluginManager: Mounting plugin LinuxDeviceProfileSelector
LogPluginManager: Mounting plugin LocationServicesBPLibrary
LogPluginManager: Mounting plugin MobilePatchingUtils
LogPluginManager: Mounting plugin OculusVR
LogPluginManager: Plugin shader directory ../../../Engine/Plugins/Runtime/Oculus/OculusVR/Shaders found
LogPluginManager: Mapping shader source directory ../../../Engine/Plugins/Runtime/Oculus/OculusVR/Shaders to virtual directory /Plugin/OculusVR
LogPluginManager: Mounting plugin PhysXVehicles
LogPluginManager: Mounting plugin ProceduralMeshComponent
LogPluginManager: Mounting plugin RuntimePhysXCooking
LogPluginManager: Mounting plugin SteamVR
LogPluginManager: Mounting plugin WindowsMoviePlayer
LogStreaming: Display: Took  0.090s to configure plugins.
LogInit: Using libcurl 7.55.1-DEV
LogInit:  - built for x86_64-pc-win32
LogInit:  - supports SSL with OpenSSL/1.0.2h
LogInit:  - supports HTTP deflate (compression) using libz 1.2.8
LogInit:  - other features:
LogInit:      CURL_VERSION_SSL
LogInit:      CURL_VERSION_LIBZ
LogInit:      CURL_VERSION_IPV6
LogInit:      CURL_VERSION_ASYNCHDNS
LogInit:      CURL_VERSION_LARGEFILE
LogInit:      CURL_VERSION_IDN
LogInit:  CurlRequestOptions (configurable via config and command line):
LogInit:  - bVerifyPeer = false  - Libcurl will NOT verify peer certificate
LogInit:  - bUseHttpProxy = false  - Libcurl will NOT use HTTP proxy
LogInit:  - bDontReuseConnections = false  - Libcurl will reuse connections
LogInit:  - CertBundlePath = nullptr  - Libcurl will use whatever was configured at build time.
LogInit:  - MaxHostConnections = 16  - Libcurl will limit the number of connections to a host
LogInit:  - LocalHostAddr = Default
LogInit:  - BufferSize = 65536
LogInit: WinSock: version 1.1 (2.2), MaxSocks=32767, MaxUdp=65467
LogInit: Build: ++UE4+Release-4.20-CL-4369336
LogInit: Engine Version: 4.20.3-4369336+++UE4+Release-4.20
LogInit: Compatible Engine Version: 4.20.0-4212847+++UE4+Release-4.20
LogInit: Net CL: 4212847
LogInit: OS: Windows 10 (), CPU: Intel(R) Core(TM) i7-8750H CPU @ 2.20GHz, GPU: Intel(R) UHD Graphics 630
LogInit: Compiled (64-bit): Sep 17 2018 12:26:19
LogInit: Compiled with Visual C++: 19.13.26129.00
LogInit: Build Configuration: Development
LogInit: Branch Name: ++UE4+Release-4.20
LogInit: Command Line: 
LogInit: Base Directory: D:/Programmes/Epic Games/UE_4.20/Engine/Binaries/Win64/
LogInit: Installed Engine Build: 1
LogDevObjectVersion: Number of dev versions registered: 20
LogDevObjectVersion:   Dev-Blueprints (B0D832E4-1F89-4F0D-ACCF-7EB736FD4AA2): 10
LogDevObjectVersion:   Dev-Build (E1C64328-A22C-4D53-A36C-8E866417BD8C): 0
LogDevObjectVersion:   Dev-Core (375EC13C-06E4-48FB-B500-84F0262A717E): 2
LogDevObjectVersion:   Dev-Editor (E4B068ED-F494-42E9-A231-DA0B2E46BB41): 24
LogDevObjectVersion:   Dev-Framework (CFFC743F-43B0-4480-9391-14DF171D2073): 34
LogDevObjectVersion:   Dev-Mobile (B02B49B5-BB20-44E9-A304-32B752E40360): 2
LogDevObjectVersion:   Dev-Networking (A4E4105C-59A1-49B5-A7C5-40C4547EDFEE): 0
LogDevObjectVersion:   Dev-Online (39C831C9-5AE6-47DC-9A44-9C173E1C8E7C): 0
LogDevObjectVersion:   Dev-Physics (78F01B33-EBEA-4F98-B9B4-84EACCB95AA2): 0
LogDevObjectVersion:   Dev-Platform (6631380F-2D4D-43E0-8009-CF276956A95A): 0
LogDevObjectVersion:   Dev-Rendering (12F88B9F-8875-4AFC-A67C-D90C383ABD29): 26
LogDevObjectVersion:   Dev-Sequencer (7B5AE74C-D270-4C10-A958-57980B212A5A): 9
LogDevObjectVersion:   Dev-VR (D7296918-1DD6-4BDD-9DE2-64A83CC13884): 2
LogDevObjectVersion:   Dev-LoadTimes (C2A15278-BFE7-4AFE-6C17-90FF531DF755): 1
LogDevObjectVersion:   Private-Geometry (6EACA3D4-40EC-4CC1-B786-8BED09428FC5): 3
LogDevObjectVersion:   Dev-AnimPhys (29E575DD-E0A3-4627-9D10-D276232CDCEA): 17
LogDevObjectVersion:   Dev-ReflectionCapture (6B266CEC-1EC7-4B8F-A30B-E4D90942FC07): 1
LogDevObjectVersion:   Dev-Automation (0DF73D61-A23F-47EA-B727-89E90C41499A): 1
LogDevObjectVersion:   FortniteMain (601D1886-AC64-4F84-AA16-D3DE0DEAC7D6): 12
LogDevObjectVersion:   Dev-Enterprise (9DFFBCD6-494F-0158-E221-12823C92A888): 1
LogStreaming: Display: Took  0.001s to delete old logs.
LogInit: Presizing for max 8388607 objects, including 0 objects not considered by GC, pre-allocating 0 bytes for permanent pool.
LogInit: Object subsystem initialized
[2018.12.04-13.52.53:426][  0]LogInit: Selected Device Profile: [Windows]
[2018.12.04-13.52.53:426][  0]LogInit: Applying CVar settings loaded from the selected device profile: [Windows]
[2018.12.04-13.52.53:434][  0]LogHAL: Display: Platform has ~ 16 GB [17032716288 / 17179869184 / 16], which maps to Larger [LargestMinGB=32, LargerMinGB=12, DefaultMinGB=8, SmallerMinGB=6, SmallestMinGB=0)
[2018.12.04-13.52.53:434][  0]LogInit: Setting Device Profile CVar: [[r.Vulkan.UseRealUBs:1]]
[2018.12.04-13.52.53:434][  0]LogInit: Going up to parent DeviceProfile []
[2018.12.04-13.52.53:434][  0]LogInit: Computer: DESKTOP-2U8UHNV
[2018.12.04-13.52.53:434][  0]LogInit: User: benji
[2018.12.04-13.52.53:434][  0]LogInit: CPU Page size=4096, Cores=6
[2018.12.04-13.52.53:434][  0]LogInit: High frequency timer resolution =2.156254 MHz
[2018.12.04-13.52.53:434][  0]LogMemory: Memory total: Physical=15.9GB (16GB approx)
[2018.12.04-13.52.53:434][  0]LogMemory: Platform Memory Stats for Windows
[2018.12.04-13.52.53:434][  0]LogMemory: Process Physical Memory: 101.55 MB used, 101.55 MB peak
[2018.12.04-13.52.53:434][  0]LogMemory: Process Virtual Memory: 86.10 MB used, 86.10 MB peak
[2018.12.04-13.52.53:434][  0]LogMemory: Physical Memory: 7111.01 MB used,  9132.65 MB free, 16243.66 MB total
[2018.12.04-13.52.53:434][  0]LogMemory: Virtual Memory: 4652.43 MB used,  9132.65 MB free, 134217728.00 MB total
[2018.12.04-13.52.53:450][  0]LogInit: Using OS detected language (fr-FR).
[2018.12.04-13.52.53:450][  0]LogInit: Using OS detected locale (fr-FR).
[2018.12.04-13.52.53:450][  0]LogTextLocalizationManager: No specific localization for 'fr-FR' exists, so the 'fr' localization will be used.
[2018.12.04-13.52.53:451][  0]LogStreaming: Display: Took  0.002s to InitEngineTextLocalization.
[2018.12.04-13.52.53:452][  0]LogInit: Setting process to per monitor DPI aware
[2018.12.04-13.52.53:479][  0]LogSlate: New Slate User Created.  User Index 0, Is Virtual User: 0
[2018.12.04-13.52.53:479][  0]LogSlate: Slate User Registered.  User Index 0, Is Virtual User: 0
[2018.12.04-13.52.53:636][  0]LogHMD: Failed to initialize OpenVR with code 110
[2018.12.04-13.52.53:636][  0]LogD3D11RHI: D3D11 adapters:
[2018.12.04-13.52.53:694][  0]LogD3D11RHI:    0. 'NVIDIA GeForce GTX 1060 with Max-Q Design' (Feature Level 11_0)
[2018.12.04-13.52.53:694][  0]LogD3D11RHI:       6052/0/8121 MB DedicatedVideo/DedicatedSystem/SharedSystem, Outputs:1, VendorId:0x10de
[2018.12.04-13.52.53:707][  0]LogD3D11RHI:    1. 'Intel(R) UHD Graphics 630' (Feature Level 11_0)
[2018.12.04-13.52.53:707][  0]LogD3D11RHI:       128/0/8121 MB DedicatedVideo/DedicatedSystem/SharedSystem, Outputs:0, VendorId:0x8086
[2018.12.04-13.52.53:708][  0]LogD3D11RHI:    2. 'Microsoft Basic Render Driver' (Feature Level 11_0)
[2018.12.04-13.52.53:709][  0]LogD3D11RHI:       0/0/8121 MB DedicatedVideo/DedicatedSystem/SharedSystem, Outputs:0, VendorId:0x1414
[2018.12.04-13.52.53:709][  0]LogD3D11RHI: Chosen D3D11 Adapter: 0
[2018.12.04-13.52.53:732][  0]LogD3D11RHI: Creating new Direct3DDevice
[2018.12.04-13.52.53:732][  0]LogD3D11RHI:     GPU DeviceId: 0x1c20 (for the marketing name, search the web for "GPU Device Id")
[2018.12.04-13.52.53:732][  0]LogWindows: EnumDisplayDevices:
[2018.12.04-13.52.53:733][  0]LogWindows:    0. 'Intel(R) UHD Graphics 630' (P:1 D:1)
[2018.12.04-13.52.53:733][  0]LogWindows:    1. 'Intel(R) UHD Graphics 630' (P:0 D:0)
[2018.12.04-13.52.53:733][  0]LogWindows:    2. 'Intel(R) UHD Graphics 630' (P:0 D:0)
[2018.12.04-13.52.53:734][  0]LogWindows:    3. 'NVIDIA GeForce GTX 1060 with Max-Q Design' (P:0 D:0)
[2018.12.04-13.52.53:734][  0]LogWindows: DebugString: PrimaryIsNotTheChoosenAdapter PrimaryIsNotTheChoosenAdapter PrimaryIsNotTheChoosenAdapter 
[2018.12.04-13.52.53:734][  0]LogD3D11RHI:     Adapter Name: NVIDIA GeForce GTX 1060 with Max-Q Design
[2018.12.04-13.52.53:734][  0]LogD3D11RHI:   Driver Version: 411.63 (internal:24.21.14.1163, unified:411.63)
[2018.12.04-13.52.53:734][  0]LogD3D11RHI:      Driver Date: 9-18-2018
[2018.12.04-13.52.53:734][  0]LogRHI: Texture pool is 4236 MB (70% of 6052 MB)
[2018.12.04-13.52.53:768][  0]LogD3D11RHI: Async texture creation enabled
[2018.12.04-13.52.53:787][  0]LogD3D11RHI: GPU Timing Frequency: 1000.000000 (Debug: 2 2)
[2018.12.04-13.52.53:787][  0]LogShaderCompilers: Guid format shader working directory is -52 characters bigger than the processId version (../../../../../../Projets/Unreal/Unreal_AsteroidsEvolution/asteroids-evolution/AsteroidsEvolution/Intermediate/Shaders/WorkingDirectory/25876/).
[2018.12.04-13.52.53:788][  0]LogShaderCompilers: Cleaned the shader compiler working directory 'C:/Users/benji/AppData/Local/Temp/UnrealShaderWorkingDir/A0EF54184D97784E1F838DB13C89448D/'.
[2018.12.04-13.52.54:014][  0]LogTemp: Display: Loaded TP AllDesktopTargetPlatform
[2018.12.04-13.52.54:024][  0]LogTemp: Display: Loaded TP MacClientTargetPlatform
[2018.12.04-13.52.54:035][  0]LogTemp: Display: Loaded TP MacNoEditorTargetPlatform
[2018.12.04-13.52.54:045][  0]LogTemp: Display: Loaded TP MacServerTargetPlatform
[2018.12.04-13.52.54:056][  0]LogTemp: Display: Loaded TP MacTargetPlatform
[2018.12.04-13.52.54:070][  0]LogTemp: Display: Loaded TP WindowsClientTargetPlatform
[2018.12.04-13.52.54:081][  0]LogTemp: Display: Loaded TP WindowsNoEditorTargetPlatform
[2018.12.04-13.52.54:092][  0]LogTemp: Display: Loaded TP WindowsServerTargetPlatform
[2018.12.04-13.52.54:097][  0]LogTemp: Display: Loaded TP WindowsTargetPlatform
[2018.12.04-13.52.54:167][  0]LogTemp: Display: Loaded TP AndroidTargetPlatform
[2018.12.04-13.52.54:167][  0]LogTemp: Display: Loaded TP AndroidTargetPlatform
[2018.12.04-13.52.54:167][  0]LogTemp: Display: Loaded TP AndroidTargetPlatform
[2018.12.04-13.52.54:167][  0]LogTemp: Display: Loaded TP AndroidTargetPlatform
[2018.12.04-13.52.54:167][  0]LogTemp: Display: Loaded TP AndroidTargetPlatform
[2018.12.04-13.52.54:167][  0]LogTemp: Display: Loaded TP AndroidTargetPlatform
[2018.12.04-13.52.54:167][  0]LogTemp: Display: Loaded TP AndroidTargetPlatform
[2018.12.04-13.52.54:167][  0]LogTemp: Display: Loaded TP AndroidTargetPlatform
[2018.12.04-13.52.54:167][  0]LogTemp: Display: Loaded TP AndroidTargetPlatform
[2018.12.04-13.52.54:167][  0]LogTemp: Display: Loaded TP AndroidTargetPlatform
[2018.12.04-13.52.54:167][  0]LogTemp: Display: Loaded TP AndroidTargetPlatform
[2018.12.04-13.52.54:167][  0]LogTemp: Display: Loaded TP AndroidTargetPlatform
[2018.12.04-13.52.54:167][  0]LogTemp: Display: Loaded TP AndroidTargetPlatform
[2018.12.04-13.52.54:167][  0]LogTemp: Display: Loaded TP AndroidTargetPlatform
[2018.12.04-13.52.54:167][  0]LogTemp: Display: Loaded TP AndroidTargetPlatform
[2018.12.04-13.52.54:167][  0]LogTemp: Display: Loaded TP AndroidTargetPlatform
[2018.12.04-13.52.54:167][  0]LogTemp: Display: Loaded TP AndroidTargetPlatform
[2018.12.04-13.52.54:167][  0]LogTemp: Display: Loaded TP AndroidTargetPlatform
[2018.12.04-13.52.54:168][  0]LogTemp: Display: Loaded TP HTML5TargetPlatform
[2018.12.04-13.52.54:223][  0]LogTemp: Display: Loaded TP IOSTargetPlatform
[2018.12.04-13.52.54:223][  0]LogTemp: Display: Loaded TP IOSTargetPlatform
[2018.12.04-13.52.54:242][  0]LogTemp: Display: Loaded TP TVOSTargetPlatform
[2018.12.04-13.52.54:242][  0]LogTemp: Display: Loaded TP TVOSTargetPlatform
[2018.12.04-13.52.54:252][  0]LogTemp: Display: Loaded TP LinuxClientTargetPlatform
[2018.12.04-13.52.54:262][  0]LogTemp: Display: Loaded TP LinuxNoEditorTargetPlatform
[2018.12.04-13.52.54:272][  0]LogTemp: Display: Loaded TP LinuxServerTargetPlatform
[2018.12.04-13.52.54:287][  0]LogTemp: Display: Loaded TP LinuxTargetPlatform
[2018.12.04-13.52.54:294][  0]LogTemp: Display: Loaded TP LuminTargetPlatform
[2018.12.04-13.52.54:294][  0]LogTargetPlatformManager: Display: Building Assets For Windows
[2018.12.04-13.52.54:336][  0]LogXGEController: Cleaning working directory: C:/Users/benji/AppData/Local/Temp/UnrealXGEWorkingDir/
[2018.12.04-13.52.54:336][  0]LogXGEController: Cannot use XGE Controller as Incredibuild is not installed on this machine.
[2018.12.04-13.52.54:336][  0]LogShaderCompilers: Cannot use XGE Shader Compiler as Incredibuild is not installed on this machine.
[2018.12.04-13.52.54:336][  0]LogShaderCompilers: Display: Using Local Shader Compiler.
[2018.12.04-13.52.54:900][  0]LogDerivedDataCache: Display: Max Cache Size: 512 MB
[2018.12.04-13.52.54:947][  0]LogDerivedDataCache: Loaded boot cache 0.05s 71MB C:/Users/benji/AppData/Local/UnrealEngine/4.20/DerivedDataCache/Boot.ddc.
[2018.12.04-13.52.54:947][  0]LogDerivedDataCache: Display: Loaded Boot cache: C:/Users/benji/AppData/Local/UnrealEngine/4.20/DerivedDataCache/Boot.ddc
[2018.12.04-13.52.54:947][  0]LogDerivedDataCache: FDerivedDataBackendGraph:  Pak pak cache file ../../../../../../Projets/Unreal/Unreal_AsteroidsEvolution/asteroids-evolution/AsteroidsEvolution/DerivedDataCache/DDC.ddp not found, will not use a pak cache.
[2018.12.04-13.52.54:947][  0]LogDerivedDataCache: Unable to find inner node Pak for hierarchical cache Hierarchy.
[2018.12.04-13.52.54:947][  0]LogDerivedDataCache: FDerivedDataBackendGraph:  CompressedPak pak cache file ../../../../../../Projets/Unreal/Unreal_AsteroidsEvolution/asteroids-evolution/AsteroidsEvolution/DerivedDataCache/Compressed.ddp not found, will not use a pak cache.
[2018.12.04-13.52.54:947][  0]LogDerivedDataCache: Unable to find inner node CompressedPak for hierarchical cache Hierarchy.
[2018.12.04-13.52.54:958][  0]LogDerivedDataCache: Display: Pak cache opened for reading ../../../Engine/DerivedDataCache/Compressed.ddp.
[2018.12.04-13.52.54:971][  0]LogDerivedDataCache: Using Local data cache path C:/Users/benji/AppData/Local/UnrealEngine/Common/DerivedDataCache: Writable
[2018.12.04-13.52.54:971][  0]LogDerivedDataCache: Shared data cache path not found in *engine.ini, will not use an Shared cache.
[2018.12.04-13.52.54:971][  0]LogDerivedDataCache: Unable to find inner node Shared for hierarchical cache Hierarchy.
[2018.12.04-13.52.54:986][  0]LogMaterial: Verifying Global Shaders for PCD3D_SM5
[2018.12.04-13.52.54:987][  0]LogSlate: Using FreeType 2.6.0
[2018.12.04-13.52.54:987][  0]LogSlate: SlateFontServices - WITH_FREETYPE: 1, WITH_HARFBUZZ: 1
[2018.12.04-13.52.55:050][  0]LogAssetRegistry: FAssetRegistry took 0.0257 seconds to start up
[2018.12.04-13.52.55:298][  0]LogInit: Selected Device Profile: [Windows]
[2018.12.04-13.52.55:402][  0]LogSimplygon: Simplygon DLL not present - disabling.
[2018.12.04-13.52.55:404][  0]LogMeshReduction: Using SimplygonSwarm for distributed automatic mesh merging
[2018.12.04-13.52.55:404][  0]LogMeshReduction: Using ProxyLODMeshReduction for automatic mesh merging
[2018.12.04-13.52.55:404][  0]LogMeshReduction: Using QuadricMeshReduction for automatic static mesh reduction
[2018.12.04-13.52.55:404][  0]LogMeshReduction: No automatic skeletal mesh reduction module available
[2018.12.04-13.52.55:416][  0]LogNetVersion: AsteroidsEvolution 1.0.0, NetCL: 4212847, EngineNetVer: 5, GameNetVer: 0 (Checksum: 2510261473)
[2018.12.04-13.52.55:842][  0]LogPackageLocalizationCache: Processed 11 localized package path(s) for 2 prioritized culture(s) in 0.095709 seconds
[2018.12.04-13.52.55:847][  0]LogUObjectArray: 38425 objects as part of root set at end of initial load.
[2018.12.04-13.52.55:847][  0]LogUObjectAllocator: 6690864 out of 0 bytes used by permanent object pool.
[2018.12.04-13.52.55:847][  0]LogUObjectArray: CloseDisregardForGC: 0/0 objects in disregard for GC pool
[2018.12.04-13.52.56:503][  0]LogTcpMessaging: Initializing TcpMessaging bridge
[2018.12.04-13.52.56:517][  0]LogUdpMessaging: Initializing bridge on interface 0.0.0.0:0 to multicast group 230.0.0.1:6666.
[2018.12.04-13.52.56:645][  0]SourceControl: Source control is disabled
[2018.12.04-13.52.56:645][  0]SourceControl: Source control is disabled
[2018.12.04-13.52.56:646][  0]SourceControl: Source control is disabled
[2018.12.04-13.52.56:646][  0]SourceControl: Source control is disabled
[2018.12.04-13.52.56:804][  0]LogAndroidPermission: UAndroidPermissionCallbackProxy::GetInstance
[2018.12.04-13.52.56:861][  0]LogOcInput: OculusInput pre-init called
[2018.12.04-13.52.56:908][  0]LogEngine: Initializing Engine...
[2018.12.04-13.52.56:909][  0]LogHMD: Failed to initialize OpenVR with code 110
[2018.12.04-13.52.56:910][  0]LogStats: UGameplayTagsManager::ConstructGameplayTagTree: ImportINI prefixes -  0.000 s
[2018.12.04-13.52.56:910][  0]LogStats: UGameplayTagsManager::ConstructGameplayTagTree: Construct from data asset -  0.000 s
[2018.12.04-13.52.56:910][  0]LogStats: UGameplayTagsManager::ConstructGameplayTagTree: ImportINI -  0.000 s
[2018.12.04-13.52.56:910][  0]LogStats: UGameplayTagsManager::ConstructGameplayTagTree: GameplayTagTreeChangedEvent.Broadcast -  0.000 s
[2018.12.04-13.52.57:086][  0]LogInit: Initializing FReadOnlyCVARCache
[2018.12.04-13.52.57:096][  0]LogAIModule: Creating AISystem for world Untitled
[2018.12.04-13.52.57:130][  0]LogInit: XAudio2 using 'Headset Earphone (Razer Kraken 7.1 V2)' : 2 channels at 48 kHz using 16 bits per sample (channel mask 0x3)
[2018.12.04-13.52.57:179][  0]LogInit: FAudioDevice initialized.
[2018.12.04-13.52.57:179][  0]LogNetVersion: Set ProjectVersion to 1.0.0.0. Version Checksum will be recalculated on next use.
[2018.12.04-13.52.57:252][  0]LogDerivedDataCache: Saved boot cache 0.07s 71MB C:/Users/benji/AppData/Local/UnrealEngine/4.20/DerivedDataCache/Boot.ddc.
[2018.12.04-13.52.57:257][  0]LogInit: Texture streaming: Enabled
[2018.12.04-13.52.57:267][  0]LogEngineSessionManager: EngineSessionManager initialized
[2018.12.04-13.52.57:267][  0]LogEngineSessionManager: EngineSessionManager sent abnormal shutdown report. Type=Crashed, SessionId={77DE7DCD-442D-647D-12FC-0E8DCBAC2D40}
[2018.12.04-13.52.57:277][  0]LogInit: Transaction tracking system initialized
[2018.12.04-13.52.57:288][  0]BlueprintLog: New page: Editor Load
[2018.12.04-13.52.57:329][  0]LocalizationService: Localization service is disabled
[2018.12.04-13.52.57:529][  0]LogCook: Display: Max memory allowance for cook 16384mb min free memory 0mb
[2018.12.04-13.52.57:529][  0]LogCook: Display: Mobile HDR setting 1
[2018.12.04-13.52.57:529][  0]LogGameplayTags: Display: UGameplayTagsManager::DoneAddingNativeTags. DelegateIsBound: 0
[2018.12.04-13.52.57:529][  0]LogStats: UGameplayTagsManager::ConstructGameplayTagTree: ImportINI prefixes -  0.000 s
[2018.12.04-13.52.57:529][  0]LogStats: UGameplayTagsManager::ConstructGameplayTagTree: Construct from data asset -  0.000 s
[2018.12.04-13.52.57:529][  0]LogStats: UGameplayTagsManager::ConstructGameplayTagTree: ImportINI -  0.000 s
[2018.12.04-13.52.57:529][  0]LogStats: UGameplayTagsManager::ConstructGameplayTagTree: GameplayTagTreeChangedEvent.Broadcast -  0.000 s
[2018.12.04-13.52.57:604][  0]LogFileCache: Scanning file cache for directory 'D:/Projets/Unreal/Unreal_AsteroidsEvolution/asteroids-evolution/AsteroidsEvolution/Content/' took 0.01s
[2018.12.04-13.52.57:604][  0]SourceControl: Source control is disabled
[2018.12.04-13.52.57:604][  0]Cmd: MAP LOAD FILE="../../../../../../Projets/Unreal/Unreal_AsteroidsEvolution/asteroids-evolution/AsteroidsEvolution/Content/Levels/BenjiLevel.umap" TEMPLATE=0 SHOWPROGRESS=1 FEATURELEVEL=3
[2018.12.04-13.52.57:604][  0]LightingResults: New page: Lighting Build
[2018.12.04-13.52.57:606][  0]MapCheck: New page: Map Check
[2018.12.04-13.52.57:606][  0]LightingResults: New page: Lighting Build
[2018.12.04-13.52.57:679][  0]LogAIModule: Creating AISystem for world BenjiLevel
[2018.12.04-13.52.57:684][  0]LogEditorServer: Finished looking for orphan Actors (0.000 secs)
[2018.12.04-13.52.57:704][  0]Cmd: MAP CHECKDEP NOCLEARLOG
[2018.12.04-13.52.57:740][  0]MapCheck: Map check complete: 0 Error(s), 0 Warning(s), took 35,318ms to complete.
[2018.12.04-13.52.57:740][  0]LogFileHelpers: Loading map 'BenjiLevel' took 0.136
[2018.12.04-13.52.57:840][  0]LogSlate: Updating window title bar state: overlay mode, drag disabled, window buttons hidden, title bar hidden
[2018.12.04-13.52.57:846][  0]LogSlate: Updating window title bar state: overlay mode, drag disabled, window buttons hidden, title bar hidden
[2018.12.04-13.52.57:852][  0]LogSlate: Updating window title bar state: overlay mode, drag disabled, window buttons hidden, title bar hidden
[2018.12.04-13.52.57:858][  0]LogSlate: Updating window title bar state: overlay mode, drag disabled, window buttons hidden, title bar hidden
[2018.12.04-13.52.57:862][  0]LogCollectionManager: Loaded 0 collections in 0.000731 seconds
[2018.12.04-13.52.57:911][  0]LogFileCache: Scanning file cache for directory 'D:/Projets/Unreal/Unreal_AsteroidsEvolution/asteroids-evolution/AsteroidsEvolution/Saved/Collections/' took 0.01s
[2018.12.04-13.52.57:911][  0]LogFileCache: Scanning file cache for directory 'D:/Projets/Unreal/Unreal_AsteroidsEvolution/asteroids-evolution/AsteroidsEvolution/Content/Developers/benji/Collections/' took 0.01s
[2018.12.04-13.52.57:911][  0]LogFileCache: Scanning file cache for directory 'D:/Projets/Unreal/Unreal_AsteroidsEvolution/asteroids-evolution/AsteroidsEvolution/Content/Collections/' took 0.01s
[2018.12.04-13.52.57:912][  0]LogCollectionManager: Rebuilt the GUID cache for 0 collections in 0.000000 seconds
[2018.12.04-13.52.57:925][  0]LogContentBrowser: Native class hierarchy populated in 0.0127 seconds. Added 2572 classes and 603 folders.
[2018.12.04-13.52.57:929][  0]LogContentBrowser: Native class hierarchy updated for 'WidgetCarousel' in 0.0002 seconds. Added 0 classes and 0 folders.
[2018.12.04-13.52.57:959][  0]LogContentBrowser: Native class hierarchy updated for 'AddContentDialog' in 0.0002 seconds. Added 0 classes and 0 folders.
[2018.12.04-13.52.57:964][  0]LogContentBrowser: Native class hierarchy updated for 'SceneOutliner' in 0.0002 seconds. Added 1 classes and 2 folders.
[2018.12.04-13.52.57:981][  0]LogSlate: Took 0.000138 seconds to synchronously load lazily loaded font '../../../Engine/Content/Slate/Fonts/Roboto-Regular.ttf' (155K)
[2018.12.04-13.52.57:984][  0]LogSlate: Took 0.000129 seconds to synchronously load lazily loaded font '../../../Engine/Content/Slate/Fonts/Roboto-Bold.ttf' (160K)
[2018.12.04-13.52.57:985][  0]LogSlate: Took 0.000151 seconds to synchronously load lazily loaded font '../../../Engine/Content/Editor/Slate/Fonts/FontAwesome.ttf' (139K)
[2018.12.04-13.52.58:039][  0]LogRenderer: Reallocating scene render targets to support 1528x532 Format 10 NumSamples 1 (Frame:1).
[2018.12.04-13.52.58:196][  0]LogContentBrowser: Native class hierarchy updated for 'HierarchicalLODOutliner' in 0.0019 seconds. Added 0 classes and 0 folders.
[2018.12.04-13.52.58:196][  0]LogLoad: (Engine Initialization) Total time: 6.25 seconds
[2018.12.04-13.52.58:196][  0]LogLoad: (Engine Initialization) Total Blueprint compile time: 0.00 seconds
[2018.12.04-13.52.58:214][  0]LogWindowsTextInputMethodSystem: Display: IME system now deactivated.
[2018.12.04-13.52.58:234][  0]LogContentStreaming: Texture pool size now 1000 MB
[2018.12.04-13.52.58:285][  0]LogSlate: Took 0.000134 seconds to synchronously load lazily loaded font '../../../Engine/Content/Slate/Fonts/Roboto-Light.ttf' (167K)
[2018.12.04-13.52.58:304][  1]LogAssetRegistry: Asset discovery search completed in 3.2767 seconds
[2018.12.04-13.52.58:305][  1]LogCollectionManager: Rebuilt the object cache for 0 collections in 0.000000 seconds (found 0 objects)
[2018.12.04-13.52.58:305][  1]LogCollectionManager: Fixed up redirectors for 0 collections in 0.000041 seconds (updated 0 objects)
[2018.12.04-13.52.59:221][ 56]LogSlate: Took 0.000135 seconds to synchronously load lazily loaded font '../../../Engine/Content/Slate/Fonts/Roboto-Light.ttf' (167K)
[2018.12.04-13.53.02:754][268]LogSlate: FSceneViewport::OnFocusLost() reason 0
[2018.12.04-13.53.03:306][300]LogAssetEditorManager: Opening Asset editor for Blueprint /Game/BluePrints/PlayerBP.PlayerBP
[2018.12.04-13.53.03:724][300]LogContentBrowser: Native class hierarchy updated for 'BlueprintGraph' in 0.0005 seconds. Added 116 classes and 0 folders.
[2018.12.04-13.53.04:405][300]LogAssetEditorManager: Opening Asset editor for Blueprint /Game/TwinStickBP/Blueprints/TwinStickGameMode.TwinStickGameMode
[2018.12.04-13.53.07:712][479]LogSlate: FSceneViewport::OnFocusLost() reason 2
[2018.12.04-13.53.11:549][709]LogEditorActor: Deleted Actor: PlayerStart
[2018.12.04-13.53.11:579][709]LogEditorActor: Deleted 1 Actors (0.033 secs)
[2018.12.04-13.53.13:653][834]LogTemp: Repeating last play command: Selected Viewport
[2018.12.04-13.53.13:667][834]LogPlayLevel: PlayLevel: No blueprints needed recompiling
[2018.12.04-13.53.13:679][834]PIE: New page: PIE session: BenjiLevel (4 déc. 2018 15:53:13)
[2018.12.04-13.53.13:679][834]LogPlayLevel: Creating play world package: /Game/Levels/UEDPIE_0_BenjiLevel
[2018.12.04-13.53.13:681][834]LogPlayLevel: PIE: StaticDuplicateObject took: (0.001650s)
[2018.12.04-13.53.13:681][834]LogAIModule: Creating AISystem for world BenjiLevel
[2018.12.04-13.53.13:682][834]LogPlayLevel: PIE: World Init took: (0.000532s)
[2018.12.04-13.53.13:682][834]LogPlayLevel: PIE: Created PIE world by copying editor world from /Game/Levels/BenjiLevel.BenjiLevel to /Game/Levels/UEDPIE_0_BenjiLevel.BenjiLevel (0.002295s)
[2018.12.04-13.53.13:710][834]LogInit: XAudio2 using 'Headset Earphone (Razer Kraken 7.1 V2)' : 2 channels at 48 kHz using 16 bits per sample (channel mask 0x3)
[2018.12.04-13.53.13:746][834]LogInit: FAudioDevice initialized.
[2018.12.04-13.53.13:789][834]LogLoad: Game class is 'TwinStickGameMode_C'
[2018.12.04-13.53.13:791][834]LogWorld: Bringing World /Game/Levels/UEDPIE_0_BenjiLevel.BenjiLevel up for play (max tick rate 60) at 2018.12.04-14.53.13
[2018.12.04-13.53.13:791][834]LogWorld: Bringing up level for play took: 0.000700
[2018.12.04-13.53.13:803][834]LogPlayerController: Error: EnableInput can only be specified on a PlayerController for itself
[2018.12.04-13.53.13:803][834]LogSpawn: Warning: SpawnActor failed because of collision at the spawn location [X=0.000 Y=0.000 Z=0.000] for [PlayerBP_C]
[2018.12.04-13.53.13:803][834]LogWindows: Windows GetLastError: L’opération a réussi. (0)
[2018.12.04-13.53.14:682][834]LogWindows: Error: === Critical error: ===
[2018.12.04-13.53.14:682][834]LogWindows: Error: 
[2018.12.04-13.53.14:682][834]LogWindows: Error: Assertion failed: NewPlayer->PlayerState [File:D:\Build\++UE4\Sync\Engine\Source\Runtime\Engine\Private\GameSession.cpp] [Line: 235] 
[2018.12.04-13.53.14:682][834]LogWindows: Error: 
[2018.12.04-13.53.14:682][834]LogWindows: Error: 
[2018.12.04-13.53.14:682][834]LogWindows: Error: 
[2018.12.04-13.53.14:682][834]LogWindows: Error: [Callstack] 0x00007ffb8cfea388 KERNELBASE.dll!UnknownFunction []
[2018.12.04-13.53.14:682][834]LogWindows: Error: [Callstack] 0x00007ffb66836850 UE4Editor-ApplicationCore.dll!UnknownFunction []
[2018.12.04-13.53.14:682][834]LogWindows: Error: [Callstack] 0x00007ffb3f3062fc UE4Editor-Core.dll!UnknownFunction []
[2018.12.04-13.53.14:682][834]LogWindows: Error: [Callstack] 0x00007ffb3f2951db UE4Editor-Core.dll!UnknownFunction []
[2018.12.04-13.53.14:682][834]LogWindows: Error: [Callstack] 0x00007ffb0d8c6d5d UE4Editor-Engine.dll!UnknownFunction []
[2018.12.04-13.53.14:682][834]LogWindows: Error: [Callstack] 0x00007ffb0d8b720e UE4Editor-Engine.dll!UnknownFunction []
[2018.12.04-13.53.14:682][834]LogWindows: Error: [Callstack] 0x00007ffb0d8b96dc UE4Editor-Engine.dll!UnknownFunction []
[2018.12.04-13.53.14:682][834]LogWindows: Error: [Callstack] 0x00007ffb0db10f45 UE4Editor-Engine.dll!UnknownFunction []
[2018.12.04-13.53.14:682][834]LogWindows: Error: [Callstack] 0x00007ffb0db108ac UE4Editor-Engine.dll!UnknownFunction []
[2018.12.04-13.53.14:682][834]LogWindows: Error: [Callstack] 0x00007ffb0d8d1ec5 UE4Editor-Engine.dll!UnknownFunction []
[2018.12.04-13.53.14:682][834]LogWindows: Error: [Callstack] 0x00007ffb3822f989 UE4Editor-UnrealEd.dll!UnknownFunction []
[2018.12.04-13.53.14:682][834]LogWindows: Error: [Callstack] 0x00007ffb382501ac UE4Editor-UnrealEd.dll!UnknownFunction []
[2018.12.04-13.53.14:682][834]LogWindows: Error: [Callstack] 0x00007ffb3826e536 UE4Editor-UnrealEd.dll!UnknownFunction []
[2018.12.04-13.53.14:682][834]LogWindows: Error: [Callstack] 0x00007ffb37c86b41 UE4Editor-UnrealEd.dll!UnknownFunction []
[2018.12.04-13.53.14:682][834]LogWindows: Error: [Callstack] 0x00007ffb3857f666 UE4Editor-UnrealEd.dll!UnknownFunction []
[2018.12.04-13.53.14:682][834]LogWindows: Error: [Callstack] 0x00007ff6b66b5cbd UE4Editor.exe!UnknownFunction []
[2018.12.04-13.53.14:682][834]LogWindows: Error: [Callstack] 0x00007ff6b66c5b3c UE4Editor.exe!UnknownFunction []
[2018.12.04-13.53.14:682][834]LogWindows: Error: [Callstack] 0x00007ff6b66c5bba UE4Editor.exe!UnknownFunction []
[2018.12.04-13.53.14:682][834]LogWindows: Error: [Callstack] 0x00007ff6b66d3dac UE4Editor.exe!UnknownFunction []
[2018.12.04-13.53.14:682][834]LogWindows: Error: [Callstack] 0x00007ff6b66d5aaa UE4Editor.exe!UnknownFunction []
[2018.12.04-13.53.14:682][834]LogWindows: Error: [Callstack] 0x00007ffb90323034 KERNEL32.DLL!UnknownFunction []
[2018.12.04-13.53.14:682][834]LogWindows: Error: [Callstack] 0x00007ffb90ab1471 ntdll.dll!UnknownFunction []
[2018.12.04-13.53.14:682][834]LogWindows: Error: 
[2018.12.04-13.53.14:695][834]LogExit: Executing StaticShutdownAfterError
[2018.12.04-13.53.14:698][834]LogWindows: FPlatformMisc::RequestExit(1)
[2018.12.04-13.53.14:700][834]Log file closed, 12/04/18 14:53:14
