Log file open, 12/04/18 14:53:18
LogWindows: Failed to load 'aqProf.dll' (GetLastError=126)
LogWindows: File 'aqProf.dll' does not exist
LogWindows: Failed to load 'VSPerf140.dll' (GetLastError=126)
LogWindows: File 'VSPerf140.dll' does not exist
LogWindows: Failed to load 'VtuneApi.dll' (GetLastError=126)
LogWindows: File 'VtuneApi.dll' does not exist
LogWindows: Failed to load 'VtuneApi32e.dll' (GetLastError=126)
LogWindows: File 'VtuneApi32e.dll' does not exist
LogInit: Display: Running engine for game: AsteroidsEvolution
LogPlatformFile: Not using cached read wrapper
LogTaskGraph: Started task graph with 5 named threads and 35 total threads with 3 sets of task threads.
LogStats: Stats thread started at 0.402979
LogD3D11RHI: Loaded GFSDK_Aftermath_Lib.x64.dll
LogICUInternationalization: Display: ICU TimeZone Detection - Raw Offset: +1:00, Platform Override: ''
LogPluginManager: Mounting plugin Paper2D
LogPluginManager: Mounting plugin AISupport
LogPluginManager: Mounting plugin LightPropagationVolume
LogPluginManager: Mounting plugin CLionSourceCodeAccess
LogPluginManager: Mounting plugin CodeLiteSourceCodeAccess
LogPluginManager: Mounting plugin GitSourceControl
LogPluginManager: Mounting plugin KDevelopSourceCodeAccess
LogPluginManager: Mounting plugin NullSourceCodeAccess
LogPluginManager: Mounting plugin PerforceSourceControl
LogPluginManager: Mounting plugin SubversionSourceControl
LogPluginManager: Mounting plugin UObjectPlugin
LogPluginManager: Mounting plugin VisualStudioCodeSourceCodeAccess
LogPluginManager: Mounting plugin VisualStudioSourceCodeAccess
LogPluginManager: Mounting plugin XCodeSourceCodeAccess
LogPluginManager: Mounting plugin AssetManagerEditor
LogPluginManager: Mounting plugin CryptoKeys
LogPluginManager: Mounting plugin DataValidation
LogPluginManager: Mounting plugin FacialAnimation
LogPluginManager: Mounting plugin GameplayTagsEditor
LogPluginManager: Mounting plugin MacGraphicsSwitching
LogPluginManager: Mounting plugin MeshEditor
LogPluginManager: Mounting plugin MobileLauncherProfileWizard
LogPluginManager: Mounting plugin PluginBrowser
LogPluginManager: Mounting plugin SpeedTreeImporter
LogPluginManager: Mounting plugin DatasmithContent
LogPluginManager: Mounting plugin AlembicImporter
LogPluginManager: Mounting plugin AppleImageUtils
LogPluginManager: Mounting plugin AppleVision
LogPluginManager: Mounting plugin BackChannel
LogPluginManager: Mounting plugin CharacterAI
LogPluginManager: Mounting plugin GeometryCache
LogPluginManager: Mounting plugin HTML5Networking
LogPluginManager: Mounting plugin ProxyLODPlugin
LogPluginManager: Mounting plugin MagicLeap
LogPluginManager: Mounting plugin MagicLeapEmulator
LogPluginManager: Mounting plugin MagicLeapMedia
LogPluginManager: Mounting plugin AndroidMedia
LogPluginManager: Mounting plugin AvfMedia
LogPluginManager: Mounting plugin ImgMedia
LogPluginManager: Mounting plugin LinearTimecode
LogPluginManager: Mounting plugin MediaCompositing
LogPluginManager: Mounting plugin MediaPlayerEditor
LogPluginManager: Mounting plugin WmfMedia
LogPluginManager: Mounting plugin TcpMessaging
LogPluginManager: Mounting plugin UdpMessaging
LogPluginManager: Mounting plugin ActorSequence
LogPluginManager: Mounting plugin LevelSequenceEditor
LogPluginManager: Mounting plugin MatineeToLevelSequence
LogPluginManager: Mounting plugin NetcodeUnitTest
LogPluginManager: Mounting plugin NUTUnrealEngine4
LogPluginManager: Mounting plugin OnlineSubsystemGooglePlay
LogPluginManager: Mounting plugin OnlineSubsystemIOS
LogPluginManager: Mounting plugin OnlineSubsystem
LogPluginManager: Mounting plugin OnlineSubsystemNull
LogPluginManager: Mounting plugin OnlineSubsystemUtils
LogPluginManager: Mounting plugin LauncherChunkInstaller
LogPluginManager: Mounting plugin AndroidDeviceProfileSelector
LogPluginManager: Mounting plugin AndroidMoviePlayer
LogPluginManager: Mounting plugin AndroidPermission
LogPluginManager: Mounting plugin AppleMoviePlayer
LogPluginManager: Mounting plugin ArchVisCharacter
LogPluginManager: Mounting plugin AudioCapture
LogPluginManager: Mounting plugin CableComponent
LogPluginManager: Mounting plugin CustomMeshComponent
LogPluginManager: Mounting plugin EditableMesh
LogPluginManager: Mounting plugin ExampleDeviceProfileSelector
LogPluginManager: Mounting plugin GoogleCloudMessaging
LogPluginManager: Mounting plugin ImmediatePhysics
LogPluginManager: Mounting plugin IOSDeviceProfileSelector
LogPluginManager: Mounting plugin LinuxDeviceProfileSelector
LogPluginManager: Mounting plugin LocationServicesBPLibrary
LogPluginManager: Mounting plugin MobilePatchingUtils
LogPluginManager: Mounting plugin OculusVR
LogPluginManager: Plugin shader directory ../../../Engine/Plugins/Runtime/Oculus/OculusVR/Shaders found
LogPluginManager: Mapping shader source directory ../../../Engine/Plugins/Runtime/Oculus/OculusVR/Shaders to virtual directory /Plugin/OculusVR
LogPluginManager: Mounting plugin PhysXVehicles
LogPluginManager: Mounting plugin ProceduralMeshComponent
LogPluginManager: Mounting plugin RuntimePhysXCooking
LogPluginManager: Mounting plugin SteamVR
LogPluginManager: Mounting plugin WindowsMoviePlayer
LogStreaming: Display: Took  0.091s to configure plugins.
LogInit: Using libcurl 7.55.1-DEV
LogInit:  - built for x86_64-pc-win32
LogInit:  - supports SSL with OpenSSL/1.0.2h
LogInit:  - supports HTTP deflate (compression) using libz 1.2.8
LogInit:  - other features:
LogInit:      CURL_VERSION_SSL
LogInit:      CURL_VERSION_LIBZ
LogInit:      CURL_VERSION_IPV6
LogInit:      CURL_VERSION_ASYNCHDNS
LogInit:      CURL_VERSION_LARGEFILE
LogInit:      CURL_VERSION_IDN
LogInit:  CurlRequestOptions (configurable via config and command line):
LogInit:  - bVerifyPeer = false  - Libcurl will NOT verify peer certificate
LogInit:  - bUseHttpProxy = false  - Libcurl will NOT use HTTP proxy
LogInit:  - bDontReuseConnections = false  - Libcurl will reuse connections
LogInit:  - CertBundlePath = nullptr  - Libcurl will use whatever was configured at build time.
LogInit:  - MaxHostConnections = 16  - Libcurl will limit the number of connections to a host
LogInit:  - LocalHostAddr = Default
LogInit:  - BufferSize = 65536
LogInit: WinSock: version 1.1 (2.2), MaxSocks=32767, MaxUdp=65467
LogInit: Build: ++UE4+Release-4.20-CL-4369336
LogInit: Engine Version: 4.20.3-4369336+++UE4+Release-4.20
LogInit: Compatible Engine Version: 4.20.0-4212847+++UE4+Release-4.20
LogInit: Net CL: 4212847
LogInit: OS: Windows 10 (), CPU: Intel(R) Core(TM) i7-8750H CPU @ 2.20GHz, GPU: Intel(R) UHD Graphics 630
LogInit: Compiled (64-bit): Sep 17 2018 12:26:19
LogInit: Compiled with Visual C++: 19.13.26129.00
LogInit: Build Configuration: Development
LogInit: Branch Name: ++UE4+Release-4.20
LogInit: Command Line: 
LogInit: Base Directory: D:/Programmes/Epic Games/UE_4.20/Engine/Binaries/Win64/
LogInit: Installed Engine Build: 1
LogDevObjectVersion: Number of dev versions registered: 20
LogDevObjectVersion:   Dev-Blueprints (B0D832E4-1F89-4F0D-ACCF-7EB736FD4AA2): 10
LogDevObjectVersion:   Dev-Build (E1C64328-A22C-4D53-A36C-8E866417BD8C): 0
LogDevObjectVersion:   Dev-Core (375EC13C-06E4-48FB-B500-84F0262A717E): 2
LogDevObjectVersion:   Dev-Editor (E4B068ED-F494-42E9-A231-DA0B2E46BB41): 24
LogDevObjectVersion:   Dev-Framework (CFFC743F-43B0-4480-9391-14DF171D2073): 34
LogDevObjectVersion:   Dev-Mobile (B02B49B5-BB20-44E9-A304-32B752E40360): 2
LogDevObjectVersion:   Dev-Networking (A4E4105C-59A1-49B5-A7C5-40C4547EDFEE): 0
LogDevObjectVersion:   Dev-Online (39C831C9-5AE6-47DC-9A44-9C173E1C8E7C): 0
LogDevObjectVersion:   Dev-Physics (78F01B33-EBEA-4F98-B9B4-84EACCB95AA2): 0
LogDevObjectVersion:   Dev-Platform (6631380F-2D4D-43E0-8009-CF276956A95A): 0
LogDevObjectVersion:   Dev-Rendering (12F88B9F-8875-4AFC-A67C-D90C383ABD29): 26
LogDevObjectVersion:   Dev-Sequencer (7B5AE74C-D270-4C10-A958-57980B212A5A): 9
LogDevObjectVersion:   Dev-VR (D7296918-1DD6-4BDD-9DE2-64A83CC13884): 2
LogDevObjectVersion:   Dev-LoadTimes (C2A15278-BFE7-4AFE-6C17-90FF531DF755): 1
LogDevObjectVersion:   Private-Geometry (6EACA3D4-40EC-4CC1-B786-8BED09428FC5): 3
LogDevObjectVersion:   Dev-AnimPhys (29E575DD-E0A3-4627-9D10-D276232CDCEA): 17
LogDevObjectVersion:   Dev-ReflectionCapture (6B266CEC-1EC7-4B8F-A30B-E4D90942FC07): 1
LogDevObjectVersion:   Dev-Automation (0DF73D61-A23F-47EA-B727-89E90C41499A): 1
LogDevObjectVersion:   FortniteMain (601D1886-AC64-4F84-AA16-D3DE0DEAC7D6): 12
LogDevObjectVersion:   Dev-Enterprise (9DFFBCD6-494F-0158-E221-12823C92A888): 1
LogStreaming: Display: Took  0.001s to delete old logs.
LogInit: Presizing for max 8388607 objects, including 0 objects not considered by GC, pre-allocating 0 bytes for permanent pool.
LogInit: Object subsystem initialized
[2018.12.04-13.53.18:256][  0]LogInit: Selected Device Profile: [Windows]
[2018.12.04-13.53.18:256][  0]LogInit: Applying CVar settings loaded from the selected device profile: [Windows]
[2018.12.04-13.53.18:265][  0]LogHAL: Display: Platform has ~ 16 GB [17032716288 / 17179869184 / 16], which maps to Larger [LargestMinGB=32, LargerMinGB=12, DefaultMinGB=8, SmallerMinGB=6, SmallestMinGB=0)
[2018.12.04-13.53.18:265][  0]LogInit: Setting Device Profile CVar: [[r.Vulkan.UseRealUBs:1]]
[2018.12.04-13.53.18:265][  0]LogInit: Going up to parent DeviceProfile []
[2018.12.04-13.53.18:265][  0]LogInit: Computer: DESKTOP-2U8UHNV
[2018.12.04-13.53.18:265][  0]LogInit: User: benji
[2018.12.04-13.53.18:265][  0]LogInit: CPU Page size=4096, Cores=6
[2018.12.04-13.53.18:265][  0]LogInit: High frequency timer resolution =2.156254 MHz
[2018.12.04-13.53.18:265][  0]LogMemory: Memory total: Physical=15.9GB (16GB approx)
[2018.12.04-13.53.18:265][  0]LogMemory: Platform Memory Stats for Windows
[2018.12.04-13.53.18:265][  0]LogMemory: Process Physical Memory: 101.54 MB used, 101.54 MB peak
[2018.12.04-13.53.18:265][  0]LogMemory: Process Virtual Memory: 86.08 MB used, 86.08 MB peak
[2018.12.04-13.53.18:265][  0]LogMemory: Physical Memory: 7126.07 MB used,  9117.60 MB free, 16243.66 MB total
[2018.12.04-13.53.18:265][  0]LogMemory: Virtual Memory: 4652.43 MB used,  9117.60 MB free, 134217728.00 MB total
[2018.12.04-13.53.18:280][  0]LogInit: Using OS detected language (fr-FR).
[2018.12.04-13.53.18:280][  0]LogInit: Using OS detected locale (fr-FR).
[2018.12.04-13.53.18:281][  0]LogTextLocalizationManager: No specific localization for 'fr-FR' exists, so the 'fr' localization will be used.
[2018.12.04-13.53.18:282][  0]LogStreaming: Display: Took  0.002s to InitEngineTextLocalization.
[2018.12.04-13.53.18:282][  0]LogInit: Setting process to per monitor DPI aware
[2018.12.04-13.53.18:314][  0]LogSlate: New Slate User Created.  User Index 0, Is Virtual User: 0
[2018.12.04-13.53.18:314][  0]LogSlate: Slate User Registered.  User Index 0, Is Virtual User: 0
[2018.12.04-13.53.18:480][  0]LogHMD: Failed to initialize OpenVR with code 110
[2018.12.04-13.53.18:480][  0]LogD3D11RHI: D3D11 adapters:
[2018.12.04-13.53.18:545][  0]LogD3D11RHI:    0. 'NVIDIA GeForce GTX 1060 with Max-Q Design' (Feature Level 11_0)
[2018.12.04-13.53.18:545][  0]LogD3D11RHI:       6052/0/8121 MB DedicatedVideo/DedicatedSystem/SharedSystem, Outputs:1, VendorId:0x10de
[2018.12.04-13.53.18:557][  0]LogD3D11RHI:    1. 'Intel(R) UHD Graphics 630' (Feature Level 11_0)
[2018.12.04-13.53.18:558][  0]LogD3D11RHI:       128/0/8121 MB DedicatedVideo/DedicatedSystem/SharedSystem, Outputs:0, VendorId:0x8086
[2018.12.04-13.53.18:559][  0]LogD3D11RHI:    2. 'Microsoft Basic Render Driver' (Feature Level 11_0)
[2018.12.04-13.53.18:559][  0]LogD3D11RHI:       0/0/8121 MB DedicatedVideo/DedicatedSystem/SharedSystem, Outputs:0, VendorId:0x1414
[2018.12.04-13.53.18:559][  0]LogD3D11RHI: Chosen D3D11 Adapter: 0
[2018.12.04-13.53.18:583][  0]LogD3D11RHI: Creating new Direct3DDevice
[2018.12.04-13.53.18:583][  0]LogD3D11RHI:     GPU DeviceId: 0x1c20 (for the marketing name, search the web for "GPU Device Id")
[2018.12.04-13.53.18:583][  0]LogWindows: EnumDisplayDevices:
[2018.12.04-13.53.18:583][  0]LogWindows:    0. 'Intel(R) UHD Graphics 630' (P:1 D:1)
[2018.12.04-13.53.18:583][  0]LogWindows:    1. 'Intel(R) UHD Graphics 630' (P:0 D:0)
[2018.12.04-13.53.18:583][  0]LogWindows:    2. 'Intel(R) UHD Graphics 630' (P:0 D:0)
[2018.12.04-13.53.18:584][  0]LogWindows:    3. 'NVIDIA GeForce GTX 1060 with Max-Q Design' (P:0 D:0)
[2018.12.04-13.53.18:584][  0]LogWindows: DebugString: PrimaryIsNotTheChoosenAdapter PrimaryIsNotTheChoosenAdapter PrimaryIsNotTheChoosenAdapter 
[2018.12.04-13.53.18:584][  0]LogD3D11RHI:     Adapter Name: NVIDIA GeForce GTX 1060 with Max-Q Design
[2018.12.04-13.53.18:584][  0]LogD3D11RHI:   Driver Version: 411.63 (internal:24.21.14.1163, unified:411.63)
[2018.12.04-13.53.18:584][  0]LogD3D11RHI:      Driver Date: 9-18-2018
[2018.12.04-13.53.18:584][  0]LogRHI: Texture pool is 4236 MB (70% of 6052 MB)
[2018.12.04-13.53.18:617][  0]LogD3D11RHI: Async texture creation enabled
[2018.12.04-13.53.18:637][  0]LogD3D11RHI: GPU Timing Frequency: 1000.000000 (Debug: 2 2)
[2018.12.04-13.53.18:638][  0]LogShaderCompilers: Guid format shader working directory is -52 characters bigger than the processId version (../../../../../../Projets/Unreal/Unreal_AsteroidsEvolution/asteroids-evolution/AsteroidsEvolution/Intermediate/Shaders/WorkingDirectory/11868/).
[2018.12.04-13.53.18:639][  0]LogShaderCompilers: Cleaned the shader compiler working directory 'C:/Users/benji/AppData/Local/Temp/UnrealShaderWorkingDir/C91C14EE45799B06A9B929973AA396DC/'.
[2018.12.04-13.53.18:871][  0]LogTemp: Display: Loaded TP AllDesktopTargetPlatform
[2018.12.04-13.53.18:881][  0]LogTemp: Display: Loaded TP MacClientTargetPlatform
[2018.12.04-13.53.18:892][  0]LogTemp: Display: Loaded TP MacNoEditorTargetPlatform
[2018.12.04-13.53.18:903][  0]LogTemp: Display: Loaded TP MacServerTargetPlatform
[2018.12.04-13.53.18:914][  0]LogTemp: Display: Loaded TP MacTargetPlatform
[2018.12.04-13.53.18:924][  0]LogTemp: Display: Loaded TP WindowsClientTargetPlatform
[2018.12.04-13.53.18:935][  0]LogTemp: Display: Loaded TP WindowsNoEditorTargetPlatform
[2018.12.04-13.53.18:946][  0]LogTemp: Display: Loaded TP WindowsServerTargetPlatform
[2018.12.04-13.53.18:950][  0]LogTemp: Display: Loaded TP WindowsTargetPlatform
[2018.12.04-13.53.19:019][  0]LogTemp: Display: Loaded TP AndroidTargetPlatform
[2018.12.04-13.53.19:019][  0]LogTemp: Display: Loaded TP AndroidTargetPlatform
[2018.12.04-13.53.19:019][  0]LogTemp: Display: Loaded TP AndroidTargetPlatform
[2018.12.04-13.53.19:019][  0]LogTemp: Display: Loaded TP AndroidTargetPlatform
[2018.12.04-13.53.19:019][  0]LogTemp: Display: Loaded TP AndroidTargetPlatform
[2018.12.04-13.53.19:019][  0]LogTemp: Display: Loaded TP AndroidTargetPlatform
[2018.12.04-13.53.19:019][  0]LogTemp: Display: Loaded TP AndroidTargetPlatform
[2018.12.04-13.53.19:019][  0]LogTemp: Display: Loaded TP AndroidTargetPlatform
[2018.12.04-13.53.19:019][  0]LogTemp: Display: Loaded TP AndroidTargetPlatform
[2018.12.04-13.53.19:019][  0]LogTemp: Display: Loaded TP AndroidTargetPlatform
[2018.12.04-13.53.19:019][  0]LogTemp: Display: Loaded TP AndroidTargetPlatform
[2018.12.04-13.53.19:019][  0]LogTemp: Display: Loaded TP AndroidTargetPlatform
[2018.12.04-13.53.19:019][  0]LogTemp: Display: Loaded TP AndroidTargetPlatform
[2018.12.04-13.53.19:019][  0]LogTemp: Display: Loaded TP AndroidTargetPlatform
[2018.12.04-13.53.19:019][  0]LogTemp: Display: Loaded TP AndroidTargetPlatform
[2018.12.04-13.53.19:019][  0]LogTemp: Display: Loaded TP AndroidTargetPlatform
[2018.12.04-13.53.19:019][  0]LogTemp: Display: Loaded TP AndroidTargetPlatform
[2018.12.04-13.53.19:019][  0]LogTemp: Display: Loaded TP AndroidTargetPlatform
[2018.12.04-13.53.19:020][  0]LogTemp: Display: Loaded TP HTML5TargetPlatform
[2018.12.04-13.53.19:085][  0]LogTemp: Display: Loaded TP IOSTargetPlatform
[2018.12.04-13.53.19:085][  0]LogTemp: Display: Loaded TP IOSTargetPlatform
[2018.12.04-13.53.19:107][  0]LogTemp: Display: Loaded TP TVOSTargetPlatform
[2018.12.04-13.53.19:107][  0]LogTemp: Display: Loaded TP TVOSTargetPlatform
[2018.12.04-13.53.19:117][  0]LogTemp: Display: Loaded TP LinuxClientTargetPlatform
[2018.12.04-13.53.19:128][  0]LogTemp: Display: Loaded TP LinuxNoEditorTargetPlatform
[2018.12.04-13.53.19:138][  0]LogTemp: Display: Loaded TP LinuxServerTargetPlatform
[2018.12.04-13.53.19:148][  0]LogTemp: Display: Loaded TP LinuxTargetPlatform
[2018.12.04-13.53.19:156][  0]LogTemp: Display: Loaded TP LuminTargetPlatform
[2018.12.04-13.53.19:156][  0]LogTargetPlatformManager: Display: Building Assets For Windows
[2018.12.04-13.53.19:190][  0]LogXGEController: Cleaning working directory: C:/Users/benji/AppData/Local/Temp/UnrealXGEWorkingDir/
[2018.12.04-13.53.19:190][  0]LogXGEController: Cannot use XGE Controller as Incredibuild is not installed on this machine.
[2018.12.04-13.53.19:190][  0]LogShaderCompilers: Cannot use XGE Shader Compiler as Incredibuild is not installed on this machine.
[2018.12.04-13.53.19:190][  0]LogShaderCompilers: Display: Using Local Shader Compiler.
[2018.12.04-13.53.19:747][  0]LogDerivedDataCache: Display: Max Cache Size: 512 MB
[2018.12.04-13.53.19:792][  0]LogDerivedDataCache: Loaded boot cache 0.04s 71MB C:/Users/benji/AppData/Local/UnrealEngine/4.20/DerivedDataCache/Boot.ddc.
[2018.12.04-13.53.19:792][  0]LogDerivedDataCache: Display: Loaded Boot cache: C:/Users/benji/AppData/Local/UnrealEngine/4.20/DerivedDataCache/Boot.ddc
[2018.12.04-13.53.19:792][  0]LogDerivedDataCache: FDerivedDataBackendGraph:  Pak pak cache file ../../../../../../Projets/Unreal/Unreal_AsteroidsEvolution/asteroids-evolution/AsteroidsEvolution/DerivedDataCache/DDC.ddp not found, will not use a pak cache.
[2018.12.04-13.53.19:792][  0]LogDerivedDataCache: Unable to find inner node Pak for hierarchical cache Hierarchy.
[2018.12.04-13.53.19:792][  0]LogDerivedDataCache: FDerivedDataBackendGraph:  CompressedPak pak cache file ../../../../../../Projets/Unreal/Unreal_AsteroidsEvolution/asteroids-evolution/AsteroidsEvolution/DerivedDataCache/Compressed.ddp not found, will not use a pak cache.
[2018.12.04-13.53.19:792][  0]LogDerivedDataCache: Unable to find inner node CompressedPak for hierarchical cache Hierarchy.
[2018.12.04-13.53.19:803][  0]LogDerivedDataCache: Display: Pak cache opened for reading ../../../Engine/DerivedDataCache/Compressed.ddp.
[2018.12.04-13.53.19:815][  0]LogDerivedDataCache: Using Local data cache path C:/Users/benji/AppData/Local/UnrealEngine/Common/DerivedDataCache: Writable
[2018.12.04-13.53.19:815][  0]LogDerivedDataCache: Shared data cache path not found in *engine.ini, will not use an Shared cache.
[2018.12.04-13.53.19:815][  0]LogDerivedDataCache: Unable to find inner node Shared for hierarchical cache Hierarchy.
[2018.12.04-13.53.19:830][  0]LogMaterial: Verifying Global Shaders for PCD3D_SM5
[2018.12.04-13.53.19:831][  0]LogSlate: Using FreeType 2.6.0
[2018.12.04-13.53.19:832][  0]LogSlate: SlateFontServices - WITH_FREETYPE: 1, WITH_HARFBUZZ: 1
[2018.12.04-13.53.19:894][  0]LogAssetRegistry: FAssetRegistry took 0.0256 seconds to start up
[2018.12.04-13.53.20:136][  0]LogInit: Selected Device Profile: [Windows]
[2018.12.04-13.53.20:238][  0]LogSimplygon: Simplygon DLL not present - disabling.
[2018.12.04-13.53.20:240][  0]LogMeshReduction: Using SimplygonSwarm for distributed automatic mesh merging
[2018.12.04-13.53.20:240][  0]LogMeshReduction: Using ProxyLODMeshReduction for automatic mesh merging
[2018.12.04-13.53.20:240][  0]LogMeshReduction: Using QuadricMeshReduction for automatic static mesh reduction
[2018.12.04-13.53.20:240][  0]LogMeshReduction: No automatic skeletal mesh reduction module available
[2018.12.04-13.53.20:252][  0]LogNetVersion: AsteroidsEvolution 1.0.0, NetCL: 4212847, EngineNetVer: 5, GameNetVer: 0 (Checksum: 2510261473)
[2018.12.04-13.53.20:663][  0]LogPackageLocalizationCache: Processed 11 localized package path(s) for 2 prioritized culture(s) in 0.089291 seconds
[2018.12.04-13.53.20:668][  0]LogUObjectArray: 38425 objects as part of root set at end of initial load.
[2018.12.04-13.53.20:668][  0]LogUObjectAllocator: 6690864 out of 0 bytes used by permanent object pool.
[2018.12.04-13.53.20:668][  0]LogUObjectArray: CloseDisregardForGC: 0/0 objects in disregard for GC pool
[2018.12.04-13.53.21:343][  0]LogTcpMessaging: Initializing TcpMessaging bridge
[2018.12.04-13.53.21:358][  0]LogUdpMessaging: Initializing bridge on interface 0.0.0.0:0 to multicast group 230.0.0.1:6666.
[2018.12.04-13.53.21:494][  0]SourceControl: Source control is disabled
[2018.12.04-13.53.21:495][  0]SourceControl: Source control is disabled
[2018.12.04-13.53.21:496][  0]SourceControl: Source control is disabled
[2018.12.04-13.53.21:496][  0]SourceControl: Source control is disabled
[2018.12.04-13.53.21:649][  0]LogAndroidPermission: UAndroidPermissionCallbackProxy::GetInstance
[2018.12.04-13.53.21:711][  0]LogOcInput: OculusInput pre-init called
[2018.12.04-13.53.21:759][  0]LogEngine: Initializing Engine...
[2018.12.04-13.53.21:760][  0]LogHMD: Failed to initialize OpenVR with code 110
[2018.12.04-13.53.21:761][  0]LogStats: UGameplayTagsManager::ConstructGameplayTagTree: ImportINI prefixes -  0.000 s
[2018.12.04-13.53.21:761][  0]LogStats: UGameplayTagsManager::ConstructGameplayTagTree: Construct from data asset -  0.000 s
[2018.12.04-13.53.21:761][  0]LogStats: UGameplayTagsManager::ConstructGameplayTagTree: ImportINI -  0.000 s
[2018.12.04-13.53.21:761][  0]LogStats: UGameplayTagsManager::ConstructGameplayTagTree: GameplayTagTreeChangedEvent.Broadcast -  0.000 s
[2018.12.04-13.53.21:929][  0]LogInit: Initializing FReadOnlyCVARCache
[2018.12.04-13.53.21:937][  0]LogAIModule: Creating AISystem for world Untitled
[2018.12.04-13.53.21:947][  0]LogInit: XAudio2 using 'Headset Earphone (Razer Kraken 7.1 V2)' : 2 channels at 48 kHz using 16 bits per sample (channel mask 0x3)
[2018.12.04-13.53.21:988][  0]LogInit: FAudioDevice initialized.
[2018.12.04-13.53.21:988][  0]LogNetVersion: Set ProjectVersion to 1.0.0.0. Version Checksum will be recalculated on next use.
[2018.12.04-13.53.22:075][  0]LogDerivedDataCache: Saved boot cache 0.09s 71MB C:/Users/benji/AppData/Local/UnrealEngine/4.20/DerivedDataCache/Boot.ddc.
[2018.12.04-13.53.22:089][  0]LogInit: Texture streaming: Enabled
[2018.12.04-13.53.22:099][  0]LogEngineSessionManager: EngineSessionManager initialized
[2018.12.04-13.53.22:099][  0]LogEngineSessionManager: EngineSessionManager sent abnormal shutdown report. Type=Crashed, SessionId={530A3ADB-4456-B10A-40DF-5DA7FDD566BD}
[2018.12.04-13.53.22:110][  0]LogInit: Transaction tracking system initialized
[2018.12.04-13.53.22:124][  0]BlueprintLog: New page: Editor Load
[2018.12.04-13.53.22:173][  0]LocalizationService: Localization service is disabled
[2018.12.04-13.53.22:370][  0]LogCook: Display: Max memory allowance for cook 16384mb min free memory 0mb
[2018.12.04-13.53.22:370][  0]LogCook: Display: Mobile HDR setting 1
[2018.12.04-13.53.22:370][  0]LogGameplayTags: Display: UGameplayTagsManager::DoneAddingNativeTags. DelegateIsBound: 0
[2018.12.04-13.53.22:370][  0]LogStats: UGameplayTagsManager::ConstructGameplayTagTree: ImportINI prefixes -  0.000 s
[2018.12.04-13.53.22:370][  0]LogStats: UGameplayTagsManager::ConstructGameplayTagTree: Construct from data asset -  0.000 s
[2018.12.04-13.53.22:370][  0]LogStats: UGameplayTagsManager::ConstructGameplayTagTree: ImportINI -  0.000 s
[2018.12.04-13.53.22:370][  0]LogStats: UGameplayTagsManager::ConstructGameplayTagTree: GameplayTagTreeChangedEvent.Broadcast -  0.000 s
[2018.12.04-13.53.22:444][  0]LogFileCache: Scanning file cache for directory 'D:/Projets/Unreal/Unreal_AsteroidsEvolution/asteroids-evolution/AsteroidsEvolution/Content/' took 0.01s
[2018.12.04-13.53.22:444][  0]SourceControl: Source control is disabled
[2018.12.04-13.53.22:444][  0]Cmd: MAP LOAD FILE="../../../../../../Projets/Unreal/Unreal_AsteroidsEvolution/asteroids-evolution/AsteroidsEvolution/Content/Levels/BenjiLevel.umap" TEMPLATE=0 SHOWPROGRESS=1 FEATURELEVEL=3
[2018.12.04-13.53.22:445][  0]LightingResults: New page: Lighting Build
[2018.12.04-13.53.22:446][  0]MapCheck: New page: Map Check
[2018.12.04-13.53.22:446][  0]LightingResults: New page: Lighting Build
[2018.12.04-13.53.22:517][  0]LogAIModule: Creating AISystem for world BenjiLevel
[2018.12.04-13.53.22:521][  0]LogEditorServer: Finished looking for orphan Actors (0.000 secs)
[2018.12.04-13.53.22:542][  0]Cmd: MAP CHECKDEP NOCLEARLOG
[2018.12.04-13.53.22:577][  0]MapCheck: Map check complete: 0 Error(s), 0 Warning(s), took 35,252ms to complete.
[2018.12.04-13.53.22:577][  0]LogFileHelpers: Loading map 'BenjiLevel' took 0.132
[2018.12.04-13.53.22:686][  0]LogSlate: Updating window title bar state: overlay mode, drag disabled, window buttons hidden, title bar hidden
[2018.12.04-13.53.22:693][  0]LogSlate: Updating window title bar state: overlay mode, drag disabled, window buttons hidden, title bar hidden
[2018.12.04-13.53.22:699][  0]LogSlate: Updating window title bar state: overlay mode, drag disabled, window buttons hidden, title bar hidden
[2018.12.04-13.53.22:705][  0]LogSlate: Updating window title bar state: overlay mode, drag disabled, window buttons hidden, title bar hidden
[2018.12.04-13.53.22:709][  0]LogCollectionManager: Loaded 0 collections in 0.000698 seconds
[2018.12.04-13.53.22:751][  0]LogFileCache: Scanning file cache for directory 'D:/Projets/Unreal/Unreal_AsteroidsEvolution/asteroids-evolution/AsteroidsEvolution/Saved/Collections/' took 0.01s
[2018.12.04-13.53.22:751][  0]LogFileCache: Scanning file cache for directory 'D:/Projets/Unreal/Unreal_AsteroidsEvolution/asteroids-evolution/AsteroidsEvolution/Content/Developers/benji/Collections/' took 0.01s
[2018.12.04-13.53.22:751][  0]LogFileCache: Scanning file cache for directory 'D:/Projets/Unreal/Unreal_AsteroidsEvolution/asteroids-evolution/AsteroidsEvolution/Content/Collections/' took 0.01s
[2018.12.04-13.53.22:751][  0]LogCollectionManager: Rebuilt the GUID cache for 0 collections in 0.000000 seconds
[2018.12.04-13.53.22:759][  0]LogContentBrowser: Native class hierarchy populated in 0.0076 seconds. Added 2572 classes and 603 folders.
[2018.12.04-13.53.22:762][  0]LogContentBrowser: Native class hierarchy updated for 'WidgetCarousel' in 0.0002 seconds. Added 0 classes and 0 folders.
[2018.12.04-13.53.22:790][  0]LogContentBrowser: Native class hierarchy updated for 'AddContentDialog' in 0.0002 seconds. Added 0 classes and 0 folders.
[2018.12.04-13.53.22:795][  0]LogContentBrowser: Native class hierarchy updated for 'SceneOutliner' in 0.0002 seconds. Added 1 classes and 2 folders.
[2018.12.04-13.53.22:811][  0]LogSlate: Took 0.000158 seconds to synchronously load lazily loaded font '../../../Engine/Content/Slate/Fonts/Roboto-Regular.ttf' (155K)
[2018.12.04-13.53.22:814][  0]LogSlate: Took 0.000126 seconds to synchronously load lazily loaded font '../../../Engine/Content/Slate/Fonts/Roboto-Bold.ttf' (160K)
[2018.12.04-13.53.22:816][  0]LogSlate: Took 0.000199 seconds to synchronously load lazily loaded font '../../../Engine/Content/Editor/Slate/Fonts/FontAwesome.ttf' (139K)
[2018.12.04-13.53.22:869][  0]LogRenderer: Reallocating scene render targets to support 1528x532 Format 10 NumSamples 1 (Frame:1).
[2018.12.04-13.53.22:975][  0]LogContentBrowser: Native class hierarchy updated for 'HierarchicalLODOutliner' in 0.0005 seconds. Added 0 classes and 0 folders.
[2018.12.04-13.53.22:976][  0]LogLoad: (Engine Initialization) Total time: 6.20 seconds
[2018.12.04-13.53.22:976][  0]LogLoad: (Engine Initialization) Total Blueprint compile time: 0.00 seconds
[2018.12.04-13.53.22:994][  0]LogWindowsTextInputMethodSystem: Display: IME system now deactivated.
[2018.12.04-13.53.23:014][  0]LogContentStreaming: Texture pool size now 1000 MB
[2018.12.04-13.53.23:026][  0]LogSlate: Took 0.000134 seconds to synchronously load lazily loaded font '../../../Engine/Content/Slate/Fonts/Roboto-Light.ttf' (167K)
[2018.12.04-13.53.23:133][  1]LogAssetRegistry: Asset discovery search completed in 3.2613 seconds
[2018.12.04-13.53.23:134][  1]LogCollectionManager: Rebuilt the object cache for 0 collections in 0.000000 seconds (found 0 objects)
[2018.12.04-13.53.23:134][  1]LogCollectionManager: Fixed up redirectors for 0 collections in 0.000038 seconds (updated 0 objects)
[2018.12.04-13.53.23:998][ 53]LogSlate: Took 0.000157 seconds to synchronously load lazily loaded font '../../../Engine/Content/Slate/Fonts/Roboto-Light.ttf' (167K)
[2018.12.04-13.53.25:905][167]LogSlate: FSceneViewport::OnFocusLost() reason 0
[2018.12.04-13.53.26:455][199]LogAssetEditorManager: Opening Asset editor for Blueprint /Game/BluePrints/PlayerBP.PlayerBP
[2018.12.04-13.53.26:860][199]LogContentBrowser: Native class hierarchy updated for 'BlueprintGraph' in 0.0005 seconds. Added 116 classes and 0 folders.
[2018.12.04-13.53.27:535][199]LogAssetEditorManager: Opening Asset editor for Blueprint /Game/TwinStickBP/Blueprints/TwinStickGameMode.TwinStickGameMode
[2018.12.04-13.53.29:171][276]LogSlate: FSceneViewport::OnFocusLost() reason 2
[2018.12.04-13.53.31:882][439]BlueprintLog: New page: Compile TwinStickGameMode
[2018.12.04-13.53.32:686][479]LogSavePackage: Moving '../../../../../../Projets/Unreal/Unreal_AsteroidsEvolution/asteroids-evolution/AsteroidsEvolution/Saved/TwinStickGameMode12E66ABB44894FF7157D4D9CFDA3B6C6.tmp' to '../../../../../../Projets/Unreal/Unreal_AsteroidsEvolution/asteroids-evolution/AsteroidsEvolution/Content/TwinStickBP/Blueprints/TwinStickGameMode.uasset'
[2018.12.04-13.53.34:817][607]LogTemp: Repeating last play command: Selected Viewport
[2018.12.04-13.53.34:831][607]LogPlayLevel: PlayLevel: No blueprints needed recompiling
[2018.12.04-13.53.34:843][607]PIE: New page: PIE session: BenjiLevel (4 déc. 2018 15:53:34)
[2018.12.04-13.53.34:843][607]LogPlayLevel: Creating play world package: /Game/Levels/UEDPIE_0_BenjiLevel
[2018.12.04-13.53.34:845][607]LogPlayLevel: PIE: StaticDuplicateObject took: (0.001733s)
[2018.12.04-13.53.34:845][607]LogAIModule: Creating AISystem for world BenjiLevel
[2018.12.04-13.53.34:845][607]LogPlayLevel: PIE: World Init took: (0.000546s)
[2018.12.04-13.53.34:845][607]LogPlayLevel: PIE: Created PIE world by copying editor world from /Game/Levels/BenjiLevel.BenjiLevel to /Game/Levels/UEDPIE_0_BenjiLevel.BenjiLevel (0.002376s)
[2018.12.04-13.53.34:875][607]LogInit: XAudio2 using 'Headset Earphone (Razer Kraken 7.1 V2)' : 2 channels at 48 kHz using 16 bits per sample (channel mask 0x3)
[2018.12.04-13.53.34:911][607]LogInit: FAudioDevice initialized.
[2018.12.04-13.53.34:955][607]LogLoad: Game class is 'TwinStickGameMode_C'
[2018.12.04-13.53.34:957][607]LogWorld: Bringing World /Game/Levels/UEDPIE_0_BenjiLevel.BenjiLevel up for play (max tick rate 60) at 2018.12.04-14.53.34
[2018.12.04-13.53.34:957][607]LogWorld: Bringing up level for play took: 0.000725
[2018.12.04-13.53.34:972][607]LogContentBrowser: Native class hierarchy updated for 'MovieSceneCapture' in 0.0002 seconds. Added 10 classes and 0 folders.
[2018.12.04-13.53.34:973][607]PIE: Play in editor start time for /Game/Levels/UEDPIE_0_BenjiLevel 0,855
[2018.12.04-13.53.34:974][607]LogBlueprintUserMessages: [PlayerController_2] 0.0
[2018.12.04-13.53.35:016][608]LogBlueprintUserMessages: [PlayerController_2] 0.0
[2018.12.04-13.53.35:032][609]LogBlueprintUserMessages: [PlayerController_2] 0.0
[2018.12.04-13.53.35:049][610]LogBlueprintUserMessages: [PlayerController_2] 0.0
[2018.12.04-13.53.35:065][611]LogBlueprintUserMessages: [PlayerController_2] 0.0
[2018.12.04-13.53.35:081][612]LogBlueprintUserMessages: [PlayerController_2] 0.0
[2018.12.04-13.53.35:098][613]LogBlueprintUserMessages: [PlayerController_2] 0.0
[2018.12.04-13.53.35:115][614]LogBlueprintUserMessages: [PlayerController_2] 0.0
[2018.12.04-13.53.35:132][615]LogBlueprintUserMessages: [PlayerController_2] 0.0
[2018.12.04-13.53.35:148][616]LogBlueprintUserMessages: [PlayerController_2] 0.0
[2018.12.04-13.53.35:165][617]LogBlueprintUserMessages: [PlayerController_2] 0.0
[2018.12.04-13.53.35:182][618]LogBlueprintUserMessages: [PlayerController_2] 0.0
[2018.12.04-13.53.35:198][619]LogBlueprintUserMessages: [PlayerController_2] 0.0
[2018.12.04-13.53.35:215][620]LogBlueprintUserMessages: [PlayerController_2] 0.0
[2018.12.04-13.53.35:231][621]LogBlueprintUserMessages: [PlayerController_2] 0.0
[2018.12.04-13.53.35:249][622]LogBlueprintUserMessages: [PlayerController_2] 0.0
[2018.12.04-13.53.35:265][623]LogBlueprintUserMessages: [PlayerController_2] 0.0
[2018.12.04-13.53.35:282][624]LogBlueprintUserMessages: [PlayerController_2] 0.0
[2018.12.04-13.53.35:299][625]LogBlueprintUserMessages: [PlayerController_2] 0.0
[2018.12.04-13.53.35:314][626]LogBlueprintUserMessages: [PlayerController_2] 0.0
[2018.12.04-13.53.35:331][627]LogBlueprintUserMessages: [PlayerController_2] 0.0
[2018.12.04-13.53.35:348][628]LogBlueprintUserMessages: [PlayerController_2] 0.0
[2018.12.04-13.53.35:365][629]LogBlueprintUserMessages: [PlayerController_2] 0.0
[2018.12.04-13.53.35:381][630]LogBlueprintUserMessages: [PlayerController_2] 0.0
[2018.12.04-13.53.35:399][631]LogBlueprintUserMessages: [PlayerController_2] 0.0
[2018.12.04-13.53.35:415][632]LogBlueprintUserMessages: [PlayerController_2] 0.0
[2018.12.04-13.53.35:432][633]LogBlueprintUserMessages: [PlayerController_2] 0.0
[2018.12.04-13.53.35:448][634]LogBlueprintUserMessages: [PlayerController_2] 0.0
[2018.12.04-13.53.35:465][635]LogBlueprintUserMessages: [PlayerController_2] 0.0
[2018.12.04-13.53.35:481][636]LogBlueprintUserMessages: [PlayerController_2] 0.0
[2018.12.04-13.53.35:498][637]LogBlueprintUserMessages: [PlayerController_2] 0.0
[2018.12.04-13.53.35:516][638]LogBlueprintUserMessages: [PlayerController_2] 0.0
[2018.12.04-13.53.35:533][639]LogBlueprintUserMessages: [PlayerController_2] 0.0
[2018.12.04-13.53.35:549][640]LogBlueprintUserMessages: [PlayerController_2] 0.0
[2018.12.04-13.53.35:569][641]LogBlueprintUserMessages: [PlayerController_2] 0.0
[2018.12.04-13.53.35:582][642]LogBlueprintUserMessages: [PlayerController_2] 0.0
[2018.12.04-13.53.35:600][643]LogBlueprintUserMessages: [PlayerController_2] 0.0
[2018.12.04-13.53.35:616][644]LogBlueprintUserMessages: [PlayerController_2] 0.0
[2018.12.04-13.53.35:632][645]LogBlueprintUserMessages: [PlayerController_2] 0.0
[2018.12.04-13.53.35:649][646]LogBlueprintUserMessages: [PlayerController_2] 0.0
[2018.12.04-13.53.35:665][647]LogBlueprintUserMessages: [PlayerController_2] 0.0
[2018.12.04-13.53.35:682][648]LogBlueprintUserMessages: [PlayerController_2] 0.0
[2018.12.04-13.53.35:698][649]LogBlueprintUserMessages: [PlayerController_2] 0.0
[2018.12.04-13.53.35:715][650]LogBlueprintUserMessages: [PlayerController_2] 0.0
[2018.12.04-13.53.35:732][651]LogBlueprintUserMessages: [PlayerController_2] 0.0
[2018.12.04-13.53.35:749][652]LogBlueprintUserMessages: [PlayerController_2] 0.0
[2018.12.04-13.53.35:766][653]LogBlueprintUserMessages: [PlayerController_2] 0.0
[2018.12.04-13.53.35:783][654]LogBlueprintUserMessages: [PlayerController_2] 0.0
[2018.12.04-13.53.35:799][655]LogBlueprintUserMessages: [PlayerController_2] 0.0
[2018.12.04-13.53.35:815][656]LogBlueprintUserMessages: [PlayerController_2] 0.0
[2018.12.04-13.53.35:832][657]LogBlueprintUserMessages: [PlayerController_2] 0.0
[2018.12.04-13.53.35:848][658]LogBlueprintUserMessages: [PlayerController_2] 0.0
[2018.12.04-13.53.35:865][659]LogBlueprintUserMessages: [PlayerController_2] 0.0
[2018.12.04-13.53.35:881][660]LogBlueprintUserMessages: [PlayerController_2] 0.0
[2018.12.04-13.53.35:899][661]LogBlueprintUserMessages: [PlayerController_2] 0.0
[2018.12.04-13.53.35:917][662]LogBlueprintUserMessages: [PlayerController_2] 0.0
[2018.12.04-13.53.35:932][663]LogBlueprintUserMessages: [PlayerController_2] 0.0
[2018.12.04-13.53.35:948][664]LogBlueprintUserMessages: [PlayerController_2] 0.0
[2018.12.04-13.53.35:965][665]LogBlueprintUserMessages: [PlayerController_2] 0.0
[2018.12.04-13.53.35:982][666]LogBlueprintUserMessages: [PlayerController_2] 0.0
[2018.12.04-13.53.35:998][667]LogBlueprintUserMessages: [PlayerController_2] 0.0
[2018.12.04-13.53.36:015][668]LogBlueprintUserMessages: [PlayerController_2] 0.0
[2018.12.04-13.53.36:031][669]LogBlueprintUserMessages: [PlayerController_2] 0.0
[2018.12.04-13.53.36:049][670]LogBlueprintUserMessages: [PlayerController_2] 0.0
[2018.12.04-13.53.36:066][671]LogBlueprintUserMessages: [PlayerController_2] 0.0
[2018.12.04-13.53.36:085][672]LogBlueprintUserMessages: [PlayerController_2] 0.0
[2018.12.04-13.53.36:100][673]LogBlueprintUserMessages: [PlayerController_2] 0.0
[2018.12.04-13.53.36:117][674]LogBlueprintUserMessages: [PlayerController_2] 0.0
[2018.12.04-13.53.36:134][675]LogBlueprintUserMessages: [PlayerController_2] 0.0
[2018.12.04-13.53.36:149][676]LogBlueprintUserMessages: [PlayerController_2] 0.0
[2018.12.04-13.53.36:166][677]LogBlueprintUserMessages: [PlayerController_2] 0.0
[2018.12.04-13.53.36:183][678]LogBlueprintUserMessages: [PlayerController_2] 0.0
[2018.12.04-13.53.36:198][679]LogBlueprintUserMessages: [PlayerController_2] 0.0
[2018.12.04-13.53.36:216][680]LogBlueprintUserMessages: [PlayerController_2] 0.0
[2018.12.04-13.53.36:232][681]LogBlueprintUserMessages: [PlayerController_2] 0.0
[2018.12.04-13.53.36:249][682]LogBlueprintUserMessages: [PlayerController_2] 0.0
[2018.12.04-13.53.36:265][683]LogBlueprintUserMessages: [PlayerController_2] 0.0
[2018.12.04-13.53.36:282][684]LogBlueprintUserMessages: [PlayerController_2] 0.0
[2018.12.04-13.53.36:298][685]LogBlueprintUserMessages: [PlayerController_2] 0.0
[2018.12.04-13.53.36:315][686]LogBlueprintUserMessages: [PlayerController_2] 0.0
[2018.12.04-13.53.36:331][687]LogBlueprintUserMessages: [PlayerController_2] 0.0
[2018.12.04-13.53.36:348][688]LogBlueprintUserMessages: [PlayerController_2] 0.0
[2018.12.04-13.53.36:365][689]LogBlueprintUserMessages: [PlayerController_2] 0.0
[2018.12.04-13.53.36:381][690]LogBlueprintUserMessages: [PlayerController_2] 0.0
[2018.12.04-13.53.36:399][691]LogBlueprintUserMessages: [PlayerController_2] 0.0
[2018.12.04-13.53.36:416][692]LogBlueprintUserMessages: [PlayerController_2] 0.0
[2018.12.04-13.53.36:433][693]LogBlueprintUserMessages: [PlayerController_2] 0.0
[2018.12.04-13.53.36:449][694]LogBlueprintUserMessages: [PlayerController_2] 0.0
[2018.12.04-13.53.36:465][695]LogBlueprintUserMessages: [PlayerController_2] 0.0
[2018.12.04-13.53.36:482][696]LogBlueprintUserMessages: [PlayerController_2] 0.0
[2018.12.04-13.53.36:498][697]LogBlueprintUserMessages: [PlayerController_2] 0.0
[2018.12.04-13.53.36:515][698]LogBlueprintUserMessages: [PlayerController_2] 0.0
[2018.12.04-13.53.36:532][699]LogBlueprintUserMessages: [PlayerController_2] 0.0
[2018.12.04-13.53.36:549][700]LogBlueprintUserMessages: [PlayerController_2] 0.0
[2018.12.04-13.53.36:566][701]LogBlueprintUserMessages: [PlayerController_2] 0.0
[2018.12.04-13.53.36:581][702]LogBlueprintUserMessages: [PlayerController_2] 0.0
[2018.12.04-13.53.36:598][703]LogBlueprintUserMessages: [PlayerController_2] 0.0
[2018.12.04-13.53.36:615][704]LogBlueprintUserMessages: [PlayerController_2] 0.0
[2018.12.04-13.53.36:749][712]LogSlate: Window 'TwinStickGameMode' being destroyed
[2018.12.04-13.53.36:754][712]LogSlate: Window 'TwinStickGameMode' being destroyed
[2018.12.04-13.53.36:811][712]LogActorComponent: UnregisterComponent: (/Engine/Transient.EditorFloorComp) Not registered. Aborting.
[2018.12.04-13.53.36:872][712]LogBlueprintUserMessages: [PlayerController_2] 0.0
[2018.12.04-13.53.36:876][713]LogBlueprintUserMessages: [PlayerController_2] 0.0
[2018.12.04-13.53.36:893][714]LogBlueprintUserMessages: [PlayerController_2] 0.0
[2018.12.04-13.53.36:910][715]LogBlueprintUserMessages: [PlayerController_2] 0.0
[2018.12.04-13.53.36:948][716]LogBlueprintUserMessages: [PlayerController_2] 0.0
[2018.12.04-13.53.36:984][717]LogBlueprintUserMessages: [PlayerController_2] 0.0
[2018.12.04-13.53.37:001][718]LogBlueprintUserMessages: [PlayerController_2] 0.0
[2018.12.04-13.53.37:017][719]LogBlueprintUserMessages: [PlayerController_2] 0.0
[2018.12.04-13.53.37:033][720]LogBlueprintUserMessages: [PlayerController_2] 0.0
[2018.12.04-13.53.37:050][721]LogBlueprintUserMessages: [PlayerController_2] 0.0
[2018.12.04-13.53.37:067][722]LogBlueprintUserMessages: [PlayerController_2] 0.0
[2018.12.04-13.53.37:084][723]LogBlueprintUserMessages: [PlayerController_2] 0.0
[2018.12.04-13.53.37:100][724]LogBlueprintUserMessages: [PlayerController_2] 0.0
[2018.12.04-13.53.37:117][725]LogBlueprintUserMessages: [PlayerController_2] 0.0
[2018.12.04-13.53.37:133][726]LogBlueprintUserMessages: [PlayerController_2] 0.0
[2018.12.04-13.53.37:150][727]LogBlueprintUserMessages: [PlayerController_2] 0.0
[2018.12.04-13.53.37:167][728]LogBlueprintUserMessages: [PlayerController_2] 0.0
[2018.12.04-13.53.37:184][729]LogBlueprintUserMessages: [PlayerController_2] 0.0
[2018.12.04-13.53.37:200][730]LogBlueprintUserMessages: [PlayerController_2] 0.0
[2018.12.04-13.53.37:217][731]LogBlueprintUserMessages: [PlayerController_2] 0.0
[2018.12.04-13.53.37:234][732]LogBlueprintUserMessages: [PlayerController_2] 0.0
[2018.12.04-13.53.37:251][733]LogBlueprintUserMessages: [PlayerController_2] 0.0
[2018.12.04-13.53.37:268][734]LogBlueprintUserMessages: [PlayerController_2] 0.0
[2018.12.04-13.53.37:284][735]LogBlueprintUserMessages: [PlayerController_2] 0.0
[2018.12.04-13.53.37:302][736]LogBlueprintUserMessages: [PlayerController_2] 0.0
[2018.12.04-13.53.37:317][737]LogBlueprintUserMessages: [PlayerController_2] 0.0
[2018.12.04-13.53.37:334][738]LogBlueprintUserMessages: [PlayerController_2] 0.0
[2018.12.04-13.53.37:351][739]LogBlueprintUserMessages: [PlayerController_2] 0.0
[2018.12.04-13.53.37:367][740]LogBlueprintUserMessages: [PlayerController_2] 0.0
[2018.12.04-13.53.37:384][741]LogBlueprintUserMessages: [PlayerController_2] 0.0
[2018.12.04-13.53.37:401][742]LogBlueprintUserMessages: [PlayerController_2] 0.0
[2018.12.04-13.53.37:417][743]LogBlueprintUserMessages: [PlayerController_2] 0.0
[2018.12.04-13.53.37:434][744]LogBlueprintUserMessages: [PlayerController_2] 0.0
[2018.12.04-13.53.37:451][745]LogBlueprintUserMessages: [PlayerController_2] 0.0
[2018.12.04-13.53.37:467][746]LogBlueprintUserMessages: [PlayerController_2] 0.0
[2018.12.04-13.53.37:484][747]LogBlueprintUserMessages: [PlayerController_2] 0.0
[2018.12.04-13.53.37:501][748]LogBlueprintUserMessages: [PlayerController_2] 0.0
[2018.12.04-13.53.37:601][754]LogBlueprintUserMessages: [PlayerController_2] 0.0
[2018.12.04-13.53.37:601][754]LogSlate: Updating window title bar state: overlay mode, drag disabled, window buttons hidden, title bar hidden
[2018.12.04-13.53.37:632][754]LogPlayLevel: Display: Shutting down PIE online subsystems
[2018.12.04-13.53.37:658][754]LogSlate: Updating window title bar state: overlay mode, drag disabled, window buttons hidden, title bar hidden
[2018.12.04-13.53.37:701][757]LogPlayLevel: Display: Destroying online subsystem :Context_4
[2018.12.04-13.54.11:155][760]LogEditorActor: Deleted Actor: PlayerStart
[2018.12.04-13.54.11:180][760]LogEditorActor: Deleted 1 Actors (0.027 secs)
[2018.12.04-13.54.12:619][847]LogTemp: Repeating last play command: Selected Viewport
[2018.12.04-13.54.12:634][847]LogPlayLevel: PlayLevel: No blueprints needed recompiling
[2018.12.04-13.54.12:634][847]PIE: New page: PIE session: BenjiLevel (4 déc. 2018 15:54:12)
[2018.12.04-13.54.12:634][847]LogPlayLevel: Creating play world package: /Game/Levels/UEDPIE_0_BenjiLevel
[2018.12.04-13.54.12:636][847]LogPlayLevel: PIE: StaticDuplicateObject took: (0.001693s)
[2018.12.04-13.54.12:636][847]LogAIModule: Creating AISystem for world BenjiLevel
[2018.12.04-13.54.12:636][847]LogPlayLevel: PIE: World Init took: (0.000522s)
[2018.12.04-13.54.12:636][847]LogPlayLevel: PIE: Created PIE world by copying editor world from /Game/Levels/BenjiLevel.BenjiLevel to /Game/Levels/UEDPIE_0_BenjiLevel.BenjiLevel (0.002303s)
[2018.12.04-13.54.12:662][847]LogInit: XAudio2 using 'Headset Earphone (Razer Kraken 7.1 V2)' : 2 channels at 48 kHz using 16 bits per sample (channel mask 0x3)
[2018.12.04-13.54.12:698][847]LogInit: FAudioDevice initialized.
[2018.12.04-13.54.12:725][847]LogLoad: Game class is 'TwinStickGameMode_C'
[2018.12.04-13.54.12:726][847]LogWorld: Bringing World /Game/Levels/UEDPIE_0_BenjiLevel.BenjiLevel up for play (max tick rate 60) at 2018.12.04-14.54.12
[2018.12.04-13.54.12:727][847]LogWorld: Bringing up level for play took: 0.000635
[2018.12.04-13.54.12:740][847]PIE: Play in editor start time for /Game/Levels/UEDPIE_0_BenjiLevel 0,622
[2018.12.04-13.54.12:741][847]LogBlueprintUserMessages: [PlayerController_2] 0.0
[2018.12.04-13.54.12:758][848]LogBlueprintUserMessages: [PlayerController_2] 0.0
[2018.12.04-13.54.12:775][849]LogBlueprintUserMessages: [PlayerController_2] 0.0
[2018.12.04-13.54.12:792][850]LogBlueprintUserMessages: [PlayerController_2] 0.0
[2018.12.04-13.54.12:808][851]LogBlueprintUserMessages: [PlayerController_2] 0.0
[2018.12.04-13.54.12:824][852]LogBlueprintUserMessages: [PlayerController_2] 0.0
[2018.12.04-13.54.12:841][853]LogBlueprintUserMessages: [PlayerController_2] 0.0
[2018.12.04-13.54.12:858][854]LogBlueprintUserMessages: [PlayerController_2] 0.0
[2018.12.04-13.54.12:874][855]LogBlueprintUserMessages: [PlayerController_2] 0.0
[2018.12.04-13.54.12:891][856]LogBlueprintUserMessages: [PlayerController_2] 0.0
[2018.12.04-13.54.12:907][857]LogBlueprintUserMessages: [PlayerController_2] 0.0
[2018.12.04-13.54.12:925][858]LogBlueprintUserMessages: [PlayerController_2] 0.0
[2018.12.04-13.54.12:941][859]LogBlueprintUserMessages: [PlayerController_2] 0.0
[2018.12.04-13.54.12:958][860]LogBlueprintUserMessages: [PlayerController_2] 0.0
[2018.12.04-13.54.12:975][861]LogBlueprintUserMessages: [PlayerController_2] 0.0
[2018.12.04-13.54.12:991][862]LogBlueprintUserMessages: [PlayerController_2] 0.0
[2018.12.04-13.54.13:008][863]LogBlueprintUserMessages: [PlayerController_2] 0.0
[2018.12.04-13.54.13:024][864]LogBlueprintUserMessages: [PlayerController_2] 0.0
[2018.12.04-13.54.13:041][865]LogBlueprintUserMessages: [PlayerController_2] 0.0
[2018.12.04-13.54.13:058][866]LogBlueprintUserMessages: [PlayerController_2] 0.0
[2018.12.04-13.54.13:075][867]LogBlueprintUserMessages: [PlayerController_2] 0.0
[2018.12.04-13.54.13:091][868]LogBlueprintUserMessages: [PlayerController_2] 0.0
[2018.12.04-13.54.13:108][869]LogBlueprintUserMessages: [PlayerController_2] 0.0
[2018.12.04-13.54.13:125][870]LogBlueprintUserMessages: [PlayerController_2] 0.0
[2018.12.04-13.54.13:141][871]LogBlueprintUserMessages: [PlayerController_2] 0.0
[2018.12.04-13.54.13:158][872]LogBlueprintUserMessages: [PlayerController_2] 0.0
[2018.12.04-13.54.13:174][873]LogBlueprintUserMessages: [PlayerController_2] 0.0
[2018.12.04-13.54.13:191][874]LogBlueprintUserMessages: [PlayerController_2] 0.0
[2018.12.04-13.54.13:208][875]LogBlueprintUserMessages: [PlayerController_2] 0.0
[2018.12.04-13.54.13:226][876]LogBlueprintUserMessages: [PlayerController_2] 0.0
[2018.12.04-13.54.13:241][877]LogBlueprintUserMessages: [PlayerController_2] 0.0
[2018.12.04-13.54.13:259][878]LogBlueprintUserMessages: [PlayerController_2] 0.0
[2018.12.04-13.54.13:275][879]LogBlueprintUserMessages: [PlayerController_2] 0.0
[2018.12.04-13.54.13:291][880]LogBlueprintUserMessages: [PlayerController_2] 0.0
[2018.12.04-13.54.13:308][881]LogBlueprintUserMessages: [PlayerController_2] 0.0
[2018.12.04-13.54.13:324][882]LogBlueprintUserMessages: [PlayerController_2] 0.0
[2018.12.04-13.54.13:343][883]LogBlueprintUserMessages: [PlayerController_2] 0.0
[2018.12.04-13.54.13:358][884]LogBlueprintUserMessages: [PlayerController_2] 0.0
[2018.12.04-13.54.13:374][885]LogBlueprintUserMessages: [PlayerController_2] 0.0
[2018.12.04-13.54.13:391][886]LogBlueprintUserMessages: [PlayerController_2] 0.0
[2018.12.04-13.54.13:409][887]LogBlueprintUserMessages: [PlayerController_2] 0.0
[2018.12.04-13.54.13:425][888]LogBlueprintUserMessages: [PlayerController_2] 0.0
[2018.12.04-13.54.13:442][889]LogBlueprintUserMessages: [PlayerController_2] 0.0
[2018.12.04-13.54.13:458][890]LogBlueprintUserMessages: [PlayerController_2] 0.0
[2018.12.04-13.54.13:475][891]LogBlueprintUserMessages: [PlayerController_2] 0.0
[2018.12.04-13.54.13:491][892]LogBlueprintUserMessages: [PlayerController_2] 0.0
[2018.12.04-13.54.13:508][893]LogBlueprintUserMessages: [PlayerController_2] 0.0
[2018.12.04-13.54.13:524][894]LogBlueprintUserMessages: [PlayerController_2] 0.0
[2018.12.04-13.54.13:541][895]LogBlueprintUserMessages: [PlayerController_2] 0.0
[2018.12.04-13.54.13:558][896]LogBlueprintUserMessages: [PlayerController_2] 0.0
[2018.12.04-13.54.13:574][897]LogBlueprintUserMessages: [PlayerController_2] 0.0
[2018.12.04-13.54.13:591][898]LogBlueprintUserMessages: [PlayerController_2] 0.0
[2018.12.04-13.54.13:608][899]LogBlueprintUserMessages: [PlayerController_2] 0.0
[2018.12.04-13.54.13:625][900]LogBlueprintUserMessages: [PlayerController_2] 0.0
[2018.12.04-13.54.13:641][901]LogBlueprintUserMessages: [PlayerController_2] 0.0
[2018.12.04-13.54.13:659][902]LogBlueprintUserMessages: [PlayerController_2] 0.0
[2018.12.04-13.54.13:675][903]LogBlueprintUserMessages: [PlayerController_2] 0.0
[2018.12.04-13.54.13:691][904]LogBlueprintUserMessages: [PlayerController_2] 0.0
[2018.12.04-13.54.13:708][905]LogBlueprintUserMessages: [PlayerController_2] 0.0
[2018.12.04-13.54.13:725][906]LogBlueprintUserMessages: [PlayerController_2] 0.0
[2018.12.04-13.54.13:741][907]LogBlueprintUserMessages: [PlayerController_2] 0.0
[2018.12.04-13.54.13:759][908]LogBlueprintUserMessages: [PlayerController_2] 0.0
[2018.12.04-13.54.13:777][909]LogBlueprintUserMessages: [PlayerController_2] 0.0
[2018.12.04-13.54.13:792][910]LogBlueprintUserMessages: [PlayerController_2] 0.0
[2018.12.04-13.54.13:809][911]LogBlueprintUserMessages: [PlayerController_2] 0.0
[2018.12.04-13.54.13:825][912]LogBlueprintUserMessages: [PlayerController_2] 0.0
[2018.12.04-13.54.13:842][913]LogBlueprintUserMessages: [PlayerController_2] 0.0
[2018.12.04-13.54.13:858][914]LogBlueprintUserMessages: [PlayerController_2] 0.0
[2018.12.04-13.54.13:875][915]LogBlueprintUserMessages: [PlayerController_2] 0.0
[2018.12.04-13.54.13:892][916]LogBlueprintUserMessages: [PlayerController_2] 0.0
[2018.12.04-13.54.13:908][917]LogBlueprintUserMessages: [PlayerController_2] 0.0
[2018.12.04-13.54.13:925][918]LogBlueprintUserMessages: [PlayerController_2] 0.0
[2018.12.04-13.54.13:942][919]LogBlueprintUserMessages: [PlayerController_2] 0.0
[2018.12.04-13.54.13:958][920]LogBlueprintUserMessages: [PlayerController_2] 0.0
[2018.12.04-13.54.13:975][921]LogBlueprintUserMessages: [PlayerController_2] 0.0
[2018.12.04-13.54.13:991][922]LogBlueprintUserMessages: [PlayerController_2] 0.0
[2018.12.04-13.54.14:008][923]LogBlueprintUserMessages: [PlayerController_2] 0.0
[2018.12.04-13.54.14:024][924]LogBlueprintUserMessages: [PlayerController_2] 0.0
[2018.12.04-13.54.14:041][925]LogBlueprintUserMessages: [PlayerController_2] 0.0
[2018.12.04-13.54.14:058][926]LogBlueprintUserMessages: [PlayerController_2] 0.0
[2018.12.04-13.54.14:075][927]LogBlueprintUserMessages: [PlayerController_2] 0.0
[2018.12.04-13.54.14:092][928]LogBlueprintUserMessages: [PlayerController_2] 0.0
[2018.12.04-13.54.14:108][929]LogBlueprintUserMessages: [PlayerController_2] 0.0
[2018.12.04-13.54.14:125][930]LogBlueprintUserMessages: [PlayerController_2] 0.0
[2018.12.04-13.54.14:141][931]LogBlueprintUserMessages: [PlayerController_2] 0.0
[2018.12.04-13.54.14:158][932]LogBlueprintUserMessages: [PlayerController_2] 0.0
[2018.12.04-13.54.14:174][933]LogBlueprintUserMessages: [PlayerController_2] 0.0
[2018.12.04-13.54.14:191][934]LogBlueprintUserMessages: [PlayerController_2] 0.0
[2018.12.04-13.54.14:208][935]LogBlueprintUserMessages: [PlayerController_2] 0.0
[2018.12.04-13.54.14:225][936]LogBlueprintUserMessages: [PlayerController_2] 0.0
[2018.12.04-13.54.14:241][937]LogBlueprintUserMessages: [PlayerController_2] 0.0
[2018.12.04-13.54.14:258][938]LogBlueprintUserMessages: [PlayerController_2] 0.0
[2018.12.04-13.54.14:275][939]LogBlueprintUserMessages: [PlayerController_2] 0.0
[2018.12.04-13.54.14:291][940]LogBlueprintUserMessages: [PlayerController_2] 0.0
[2018.12.04-13.54.14:308][941]LogBlueprintUserMessages: [PlayerController_2] 0.0
[2018.12.04-13.54.14:325][942]LogBlueprintUserMessages: [PlayerController_2] 0.0
[2018.12.04-13.54.14:341][943]LogBlueprintUserMessages: [PlayerController_2] 0.0
[2018.12.04-13.54.14:358][944]LogBlueprintUserMessages: [PlayerController_2] 0.0
[2018.12.04-13.54.14:375][945]LogBlueprintUserMessages: [PlayerController_2] 0.0
[2018.12.04-13.54.14:391][946]LogBlueprintUserMessages: [PlayerController_2] 0.0
[2018.12.04-13.54.14:408][947]LogBlueprintUserMessages: [PlayerController_2] 0.0
[2018.12.04-13.54.14:425][948]LogBlueprintUserMessages: [PlayerController_2] 0.0
[2018.12.04-13.54.14:442][949]LogBlueprintUserMessages: [PlayerController_2] 0.0
[2018.12.04-13.54.14:458][950]LogBlueprintUserMessages: [PlayerController_2] 0.0
[2018.12.04-13.54.14:474][951]LogBlueprintUserMessages: [PlayerController_2] 0.0
[2018.12.04-13.54.14:491][952]LogBlueprintUserMessages: [PlayerController_2] 0.0
[2018.12.04-13.54.14:508][953]LogBlueprintUserMessages: [PlayerController_2] 0.0
[2018.12.04-13.54.14:524][954]LogBlueprintUserMessages: [PlayerController_2] 0.0
[2018.12.04-13.54.14:541][955]LogBlueprintUserMessages: [PlayerController_2] 0.0
[2018.12.04-13.54.14:558][956]LogBlueprintUserMessages: [PlayerController_2] 0.0
[2018.12.04-13.54.14:575][957]LogBlueprintUserMessages: [PlayerController_2] 0.0
[2018.12.04-13.54.14:591][958]LogBlueprintUserMessages: [PlayerController_2] 0.0
[2018.12.04-13.54.14:608][959]LogBlueprintUserMessages: [PlayerController_2] 0.0
[2018.12.04-13.54.14:625][960]LogBlueprintUserMessages: [PlayerController_2] 0.0
[2018.12.04-13.54.14:643][961]LogBlueprintUserMessages: [PlayerController_2] 0.0
[2018.12.04-13.54.14:658][962]LogBlueprintUserMessages: [PlayerController_2] 0.0
[2018.12.04-13.54.14:675][963]LogBlueprintUserMessages: [PlayerController_2] 0.0
[2018.12.04-13.54.14:693][964]LogBlueprintUserMessages: [PlayerController_2] 0.0
[2018.12.04-13.54.14:708][965]LogBlueprintUserMessages: [PlayerController_2] 0.0
[2018.12.04-13.54.14:724][966]LogBlueprintUserMessages: [PlayerController_2] 0.0
[2018.12.04-13.54.14:742][967]LogBlueprintUserMessages: [PlayerController_2] 0.0
[2018.12.04-13.54.14:757][968]LogBlueprintUserMessages: [PlayerController_2] 0.0
[2018.12.04-13.54.14:775][969]LogBlueprintUserMessages: [PlayerController_2] 0.0
[2018.12.04-13.54.14:792][970]LogBlueprintUserMessages: [PlayerController_2] 0.0
[2018.12.04-13.54.14:808][971]LogBlueprintUserMessages: [PlayerController_2] 0.0
[2018.12.04-13.54.14:825][972]LogBlueprintUserMessages: [PlayerController_2] 0.0
[2018.12.04-13.54.14:843][973]LogBlueprintUserMessages: [PlayerController_2] 0.0
[2018.12.04-13.54.14:858][974]LogBlueprintUserMessages: [PlayerController_2] 0.0
[2018.12.04-13.54.14:874][975]LogBlueprintUserMessages: [PlayerController_2] 0.0
[2018.12.04-13.54.14:891][976]LogBlueprintUserMessages: [PlayerController_2] 0.0
[2018.12.04-13.54.14:908][977]LogBlueprintUserMessages: [PlayerController_2] 0.0
[2018.12.04-13.54.14:924][978]LogBlueprintUserMessages: [PlayerController_2] 0.0
[2018.12.04-13.54.14:942][979]LogBlueprintUserMessages: [PlayerController_2] 0.0
[2018.12.04-13.54.14:962][980]LogBlueprintUserMessages: [PlayerController_2] 0.0
[2018.12.04-13.54.14:975][981]LogBlueprintUserMessages: [PlayerController_2] 0.0
[2018.12.04-13.54.14:991][982]LogBlueprintUserMessages: [PlayerController_2] 0.0
[2018.12.04-13.54.15:008][983]LogBlueprintUserMessages: [PlayerController_2] 0.0
[2018.12.04-13.54.15:025][984]LogBlueprintUserMessages: [PlayerController_2] 0.0
[2018.12.04-13.54.15:043][985]LogBlueprintUserMessages: [PlayerController_2] 0.0
[2018.12.04-13.54.15:059][986]LogBlueprintUserMessages: [PlayerController_2] 0.0
[2018.12.04-13.54.15:076][987]LogBlueprintUserMessages: [PlayerController_2] 0.0
[2018.12.04-13.54.15:092][988]LogBlueprintUserMessages: [PlayerController_2] 0.0
[2018.12.04-13.54.15:109][989]LogBlueprintUserMessages: [PlayerController_2] 0.0
[2018.12.04-13.54.15:126][990]LogBlueprintUserMessages: [PlayerController_2] 0.0
[2018.12.04-13.54.15:144][991]LogBlueprintUserMessages: [PlayerController_2] 0.0
[2018.12.04-13.54.15:158][992]LogBlueprintUserMessages: [PlayerController_2] 0.0
[2018.12.04-13.54.15:176][993]LogBlueprintUserMessages: [PlayerController_2] 0.0
[2018.12.04-13.54.15:192][994]LogBlueprintUserMessages: [PlayerController_2] 0.0
[2018.12.04-13.54.15:208][995]LogBlueprintUserMessages: [PlayerController_2] 0.0
[2018.12.04-13.54.15:224][996]LogBlueprintUserMessages: [PlayerController_2] 0.0
[2018.12.04-13.54.15:241][997]LogBlueprintUserMessages: [PlayerController_2] 0.0
[2018.12.04-13.54.15:258][998]LogBlueprintUserMessages: [PlayerController_2] 0.0
[2018.12.04-13.54.15:274][999]LogBlueprintUserMessages: [PlayerController_2] 0.0
[2018.12.04-13.54.15:291][  0]LogBlueprintUserMessages: [PlayerController_2] 0.0
[2018.12.04-13.54.15:308][  1]LogBlueprintUserMessages: [PlayerController_2] 0.0
[2018.12.04-13.54.15:325][  2]LogBlueprintUserMessages: [PlayerController_2] 0.0
[2018.12.04-13.54.15:341][  3]LogBlueprintUserMessages: [PlayerController_2] 0.0
[2018.12.04-13.54.15:358][  4]LogBlueprintUserMessages: [PlayerController_2] 0.0
[2018.12.04-13.54.15:375][  5]LogBlueprintUserMessages: [PlayerController_2] 0.0
[2018.12.04-13.54.15:391][  6]LogBlueprintUserMessages: [PlayerController_2] 0.0
[2018.12.04-13.54.15:408][  7]LogBlueprintUserMessages: [PlayerController_2] 0.0
[2018.12.04-13.54.15:425][  8]LogBlueprintUserMessages: [PlayerController_2] 0.0
[2018.12.04-13.54.15:441][  9]LogBlueprintUserMessages: [PlayerController_2] 0.0
[2018.12.04-13.54.15:458][ 10]LogBlueprintUserMessages: [PlayerController_2] 0.0
[2018.12.04-13.54.15:474][ 11]LogBlueprintUserMessages: [PlayerController_2] 0.0
[2018.12.04-13.54.15:491][ 12]LogBlueprintUserMessages: [PlayerController_2] 0.0
[2018.12.04-13.54.15:508][ 13]LogBlueprintUserMessages: [PlayerController_2] 0.0
[2018.12.04-13.54.15:525][ 14]LogBlueprintUserMessages: [PlayerController_2] 0.0
[2018.12.04-13.54.15:542][ 15]LogBlueprintUserMessages: [PlayerController_2] 0.0
[2018.12.04-13.54.15:558][ 16]LogBlueprintUserMessages: [PlayerController_2] 0.0
[2018.12.04-13.54.15:575][ 17]LogBlueprintUserMessages: [PlayerController_2] 0.0
[2018.12.04-13.54.15:591][ 18]LogBlueprintUserMessages: [PlayerController_2] 0.0
[2018.12.04-13.54.15:608][ 19]LogBlueprintUserMessages: [PlayerController_2] 0.0
[2018.12.04-13.54.15:624][ 20]LogBlueprintUserMessages: [PlayerController_2] 0.0
[2018.12.04-13.54.15:642][ 21]LogBlueprintUserMessages: [PlayerController_2] 0.0
[2018.12.04-13.54.15:658][ 22]LogBlueprintUserMessages: [PlayerController_2] 0.0
[2018.12.04-13.54.15:675][ 23]LogBlueprintUserMessages: [PlayerController_2] 0.0
[2018.12.04-13.54.15:691][ 24]LogBlueprintUserMessages: [PlayerController_2] 0.0
[2018.12.04-13.54.15:708][ 25]LogBlueprintUserMessages: [PlayerController_2] 0.0
[2018.12.04-13.54.15:724][ 26]LogBlueprintUserMessages: [PlayerController_2] 0.0
[2018.12.04-13.54.15:741][ 27]LogBlueprintUserMessages: [PlayerController_2] 0.0
[2018.12.04-13.54.15:758][ 28]LogBlueprintUserMessages: [PlayerController_2] 0.0
[2018.12.04-13.54.15:775][ 29]LogBlueprintUserMessages: [PlayerController_2] 0.0
[2018.12.04-13.54.15:791][ 30]LogBlueprintUserMessages: [PlayerController_2] 0.0
[2018.12.04-13.54.15:808][ 31]LogBlueprintUserMessages: [PlayerController_2] 0.0
[2018.12.04-13.54.15:824][ 32]LogBlueprintUserMessages: [PlayerController_2] 0.0
[2018.12.04-13.54.15:841][ 33]LogBlueprintUserMessages: [PlayerController_2] 0.0
[2018.12.04-13.54.15:858][ 34]LogBlueprintUserMessages: [PlayerController_2] 0.0
[2018.12.04-13.54.15:874][ 35]LogBlueprintUserMessages: [PlayerController_2] 0.0
[2018.12.04-13.54.15:891][ 36]LogBlueprintUserMessages: [PlayerController_2] 0.0
[2018.12.04-13.54.15:908][ 37]LogBlueprintUserMessages: [PlayerController_2] 0.0
[2018.12.04-13.54.15:924][ 38]LogBlueprintUserMessages: [PlayerController_2] 0.0
[2018.12.04-13.54.16:059][ 46]LogBlueprintUserMessages: [PlayerController_2] 0.0
[2018.12.04-13.54.16:059][ 46]LogSlate: Updating window title bar state: overlay mode, drag disabled, window buttons hidden, title bar hidden
[2018.12.04-13.54.16:092][ 46]LogPlayLevel: Display: Shutting down PIE online subsystems
[2018.12.04-13.54.16:118][ 46]LogSlate: Updating window title bar state: overlay mode, drag disabled, window buttons hidden, title bar hidden
[2018.12.04-13.54.16:160][ 49]LogPlayLevel: Display: Destroying online subsystem :Context_5
[2018.12.04-13.54.18:869][209]LogSlate: Took 0.000140 seconds to synchronously load lazily loaded font '../../../Engine/Content/Slate/Fonts/Roboto-Italic.ttf' (157K)
[2018.12.04-13.54.20:709][319]LogSlate: Prevented a slow task dialog from being summoned while a context menu was open
[2018.12.04-13.55.25:592][184]LogSlate: FSceneViewport::OnFocusLost() reason 0
[2018.12.04-13.55.25:691][190]LogTemp: Repeating last play command: Selected Viewport
[2018.12.04-13.55.25:703][190]LogPlayLevel: PlayLevel: No blueprints needed recompiling
[2018.12.04-13.55.25:703][190]PIE: New page: PIE session: BenjiLevel (4 déc. 2018 15:55:25)
[2018.12.04-13.55.25:703][190]LogPlayLevel: Creating play world package: /Game/Levels/UEDPIE_0_BenjiLevel
[2018.12.04-13.55.25:705][190]LogPlayLevel: PIE: StaticDuplicateObject took: (0.001728s)
[2018.12.04-13.55.25:705][190]LogAIModule: Creating AISystem for world BenjiLevel
[2018.12.04-13.55.25:705][190]LogPlayLevel: PIE: World Init took: (0.000499s)
[2018.12.04-13.55.25:705][190]LogPlayLevel: PIE: Created PIE world by copying editor world from /Game/Levels/BenjiLevel.BenjiLevel to /Game/Levels/UEDPIE_0_BenjiLevel.BenjiLevel (0.002311s)
[2018.12.04-13.55.25:733][190]LogInit: XAudio2 using 'Headset Earphone (Razer Kraken 7.1 V2)' : 2 channels at 48 kHz using 16 bits per sample (channel mask 0x3)
[2018.12.04-13.55.25:770][190]LogInit: FAudioDevice initialized.
[2018.12.04-13.55.25:799][190]LogLoad: Game class is 'TwinStickGameMode_C'
[2018.12.04-13.55.25:801][190]LogWorld: Bringing World /Game/Levels/UEDPIE_0_BenjiLevel.BenjiLevel up for play (max tick rate 60) at 2018.12.04-14.55.25
[2018.12.04-13.55.25:801][190]LogWorld: Bringing up level for play took: 0.000665
[2018.12.04-13.55.25:814][190]PIE: Play in editor start time for /Game/Levels/UEDPIE_0_BenjiLevel -0,303
[2018.12.04-13.55.25:814][190]LogBlueprintUserMessages: [PlayerController_2] 0.0
[2018.12.04-13.55.25:834][191]LogBlueprintUserMessages: [PlayerController_2] 0.0
[2018.12.04-13.55.25:850][192]LogBlueprintUserMessages: [PlayerController_2] 0.0
[2018.12.04-13.55.25:867][193]LogBlueprintUserMessages: [PlayerController_2] 0.0
[2018.12.04-13.55.25:883][194]LogBlueprintUserMessages: [PlayerController_2] 0.0
[2018.12.04-13.55.25:900][195]LogBlueprintUserMessages: [PlayerController_2] 0.0
[2018.12.04-13.55.25:922][196]LogBlueprintUserMessages: [PlayerController_2] 0.0
[2018.12.04-13.55.25:933][197]LogBlueprintUserMessages: [PlayerController_2] 0.0
[2018.12.04-13.55.25:950][198]LogBlueprintUserMessages: [PlayerController_2] 0.0
[2018.12.04-13.55.25:967][199]LogBlueprintUserMessages: [PlayerController_2] 0.0
[2018.12.04-13.55.25:983][200]LogBlueprintUserMessages: [PlayerController_2] 0.0
[2018.12.04-13.55.26:000][201]LogBlueprintUserMessages: [PlayerController_2] 0.0
[2018.12.04-13.55.26:017][202]LogBlueprintUserMessages: [PlayerController_2] 0.0
[2018.12.04-13.55.26:033][203]LogBlueprintUserMessages: [PlayerController_2] 0.0
[2018.12.04-13.55.26:050][204]LogBlueprintUserMessages: [PlayerController_2] 0.0
[2018.12.04-13.55.26:067][205]LogBlueprintUserMessages: [PlayerController_2] 0.0
[2018.12.04-13.55.26:083][206]LogBlueprintUserMessages: [PlayerController_2] 0.0
[2018.12.04-13.55.26:100][207]LogBlueprintUserMessages: [PlayerController_2] 0.0
[2018.12.04-13.55.26:116][208]LogBlueprintUserMessages: [PlayerController_2] 0.0
[2018.12.04-13.55.26:133][209]LogBlueprintUserMessages: [PlayerController_2] 0.0
[2018.12.04-13.55.26:150][210]LogBlueprintUserMessages: [PlayerController_2] 0.0
[2018.12.04-13.55.26:167][211]LogBlueprintUserMessages: [PlayerController_2] 0.0
[2018.12.04-13.55.26:183][212]LogBlueprintUserMessages: [PlayerController_2] 0.0
[2018.12.04-13.55.26:199][213]LogBlueprintUserMessages: [PlayerController_2] 0.0
[2018.12.04-13.55.26:216][214]LogBlueprintUserMessages: [PlayerController_2] 0.0
[2018.12.04-13.55.26:233][215]LogBlueprintUserMessages: [PlayerController_2] 0.0
[2018.12.04-13.55.26:250][216]LogBlueprintUserMessages: [PlayerController_2] 0.0
[2018.12.04-13.55.26:266][217]LogBlueprintUserMessages: [PlayerController_2] 0.0
[2018.12.04-13.55.26:283][218]LogBlueprintUserMessages: [PlayerController_2] 0.0
[2018.12.04-13.55.26:300][219]LogBlueprintUserMessages: [PlayerController_2] 0.0
[2018.12.04-13.55.26:316][220]LogBlueprintUserMessages: [PlayerController_2] 0.0
[2018.12.04-13.55.26:333][221]LogBlueprintUserMessages: [PlayerController_2] 0.0
[2018.12.04-13.55.26:350][222]LogBlueprintUserMessages: [PlayerController_2] 0.0
[2018.12.04-13.55.26:367][223]LogBlueprintUserMessages: [PlayerController_2] 0.0
[2018.12.04-13.55.26:383][224]LogBlueprintUserMessages: [PlayerController_2] 0.0
[2018.12.04-13.55.26:400][225]LogBlueprintUserMessages: [PlayerController_2] 0.0
[2018.12.04-13.55.26:417][226]LogBlueprintUserMessages: [PlayerController_2] 0.0
[2018.12.04-13.55.26:433][227]LogBlueprintUserMessages: [PlayerController_2] 0.0
[2018.12.04-13.55.26:450][228]LogBlueprintUserMessages: [PlayerController_2] 0.0
[2018.12.04-13.55.26:467][229]LogBlueprintUserMessages: [PlayerController_2] 0.0
[2018.12.04-13.55.26:484][230]LogBlueprintUserMessages: [PlayerController_2] 0.0
[2018.12.04-13.55.26:500][231]LogBlueprintUserMessages: [PlayerController_2] 0.0
[2018.12.04-13.55.26:517][232]LogBlueprintUserMessages: [PlayerController_2] 0.0
[2018.12.04-13.55.26:533][233]LogBlueprintUserMessages: [PlayerController_2] 0.0
[2018.12.04-13.55.26:550][234]LogBlueprintUserMessages: [PlayerController_2] 0.0
[2018.12.04-13.55.26:567][235]LogBlueprintUserMessages: [PlayerController_2] 0.0
[2018.12.04-13.55.26:583][236]LogBlueprintUserMessages: [PlayerController_2] 0.0
[2018.12.04-13.55.26:600][237]LogBlueprintUserMessages: [PlayerController_2] 0.0
[2018.12.04-13.55.26:618][238]LogBlueprintUserMessages: [PlayerController_2] 0.0
[2018.12.04-13.55.26:634][239]LogBlueprintUserMessages: [PlayerController_2] 0.0
[2018.12.04-13.55.26:650][240]LogBlueprintUserMessages: [PlayerController_2] 0.0
[2018.12.04-13.55.26:667][241]LogBlueprintUserMessages: [PlayerController_2] 0.0
[2018.12.04-13.55.26:683][242]LogBlueprintUserMessages: [PlayerController_2] 0.0
[2018.12.04-13.55.26:700][243]LogBlueprintUserMessages: [PlayerController_2] 0.0
[2018.12.04-13.55.26:717][244]LogBlueprintUserMessages: [PlayerController_2] 0.0
[2018.12.04-13.55.26:733][245]LogBlueprintUserMessages: [PlayerController_2] 0.0
[2018.12.04-13.55.26:750][246]LogBlueprintUserMessages: [PlayerController_2] 0.0
[2018.12.04-13.55.26:767][247]LogBlueprintUserMessages: [PlayerController_2] 0.0
[2018.12.04-13.55.26:784][248]LogBlueprintUserMessages: [PlayerController_2] 0.0
[2018.12.04-13.55.26:801][249]LogBlueprintUserMessages: [PlayerController_2] 0.0
[2018.12.04-13.55.26:817][250]LogBlueprintUserMessages: [PlayerController_2] 0.0
[2018.12.04-13.55.26:834][251]LogBlueprintUserMessages: [PlayerController_2] 0.0
[2018.12.04-13.55.26:850][252]LogBlueprintUserMessages: [PlayerController_2] 0.0
[2018.12.04-13.55.26:867][253]LogBlueprintUserMessages: [PlayerController_2] 0.0
[2018.12.04-13.55.26:884][254]LogBlueprintUserMessages: [PlayerController_2] 0.0
[2018.12.04-13.55.26:900][255]LogBlueprintUserMessages: [PlayerController_2] 0.0
[2018.12.04-13.55.26:916][256]LogBlueprintUserMessages: [PlayerController_2] 0.0
[2018.12.04-13.55.26:933][257]LogBlueprintUserMessages: [PlayerController_2] 0.0
[2018.12.04-13.55.26:950][258]LogBlueprintUserMessages: [PlayerController_2] 0.0
[2018.12.04-13.55.26:966][259]LogBlueprintUserMessages: [PlayerController_2] 0.0
[2018.12.04-13.55.26:983][260]LogBlueprintUserMessages: [PlayerController_2] 0.0
[2018.12.04-13.55.27:000][261]LogBlueprintUserMessages: [PlayerController_2] 0.0
[2018.12.04-13.55.27:016][262]LogBlueprintUserMessages: [PlayerController_2] 0.0
[2018.12.04-13.55.27:033][263]LogBlueprintUserMessages: [PlayerController_2] 0.0
[2018.12.04-13.55.27:050][264]LogBlueprintUserMessages: [PlayerController_2] 0.0
[2018.12.04-13.55.27:067][265]LogBlueprintUserMessages: [PlayerController_2] 0.0
[2018.12.04-13.55.27:083][266]LogBlueprintUserMessages: [PlayerController_2] 0.0
[2018.12.04-13.55.27:100][267]LogBlueprintUserMessages: [PlayerController_2] 0.0
[2018.12.04-13.55.27:117][268]LogBlueprintUserMessages: [PlayerController_2] 0.0
[2018.12.04-13.55.27:133][269]LogBlueprintUserMessages: [PlayerController_2] 0.0
[2018.12.04-13.55.27:150][270]LogBlueprintUserMessages: [PlayerController_2] 0.0
[2018.12.04-13.55.27:167][271]LogBlueprintUserMessages: [PlayerController_2] 0.0
[2018.12.04-13.55.27:183][272]LogBlueprintUserMessages: [PlayerController_2] 0.0
[2018.12.04-13.55.27:200][273]LogBlueprintUserMessages: [PlayerController_2] 0.0
[2018.12.04-13.55.27:216][274]LogBlueprintUserMessages: [PlayerController_2] 0.0
[2018.12.04-13.55.27:233][275]LogBlueprintUserMessages: [PlayerController_2] 0.0
[2018.12.04-13.55.27:250][276]LogBlueprintUserMessages: [PlayerController_2] 0.0
[2018.12.04-13.55.27:267][277]LogBlueprintUserMessages: [PlayerController_2] 0.0
[2018.12.04-13.55.27:283][278]LogBlueprintUserMessages: [PlayerController_2] 0.0
[2018.12.04-13.55.27:300][279]LogBlueprintUserMessages: [PlayerController_2] 0.0
[2018.12.04-13.55.27:317][280]LogBlueprintUserMessages: [PlayerController_2] 0.0
[2018.12.04-13.55.27:333][281]LogBlueprintUserMessages: [PlayerController_2] 0.0
[2018.12.04-13.55.27:350][282]LogBlueprintUserMessages: [PlayerController_2] 0.0
[2018.12.04-13.55.27:367][283]LogBlueprintUserMessages: [PlayerController_2] 0.0
[2018.12.04-13.55.27:383][284]LogBlueprintUserMessages: [PlayerController_2] 0.0
[2018.12.04-13.55.27:400][285]LogBlueprintUserMessages: [PlayerController_2] 0.0
[2018.12.04-13.55.27:417][286]LogBlueprintUserMessages: [PlayerController_2] 0.0
[2018.12.04-13.55.27:434][287]LogBlueprintUserMessages: [PlayerController_2] 0.0
[2018.12.04-13.55.27:450][288]LogBlueprintUserMessages: [PlayerController_2] 0.0
[2018.12.04-13.55.27:467][289]LogBlueprintUserMessages: [PlayerController_2] 0.0
[2018.12.04-13.55.27:484][290]LogBlueprintUserMessages: [PlayerController_2] 0.0
[2018.12.04-13.55.27:499][291]LogBlueprintUserMessages: [PlayerController_2] 0.0
[2018.12.04-13.55.27:516][292]LogBlueprintUserMessages: [PlayerController_2] 0.0
[2018.12.04-13.55.27:533][293]LogBlueprintUserMessages: [PlayerController_2] 0.0
[2018.12.04-13.55.27:550][294]LogBlueprintUserMessages: [PlayerController_2] 0.0
[2018.12.04-13.55.27:566][295]LogBlueprintUserMessages: [PlayerController_2] 0.0
[2018.12.04-13.55.27:584][296]LogBlueprintUserMessages: [PlayerController_2] 0.0
[2018.12.04-13.55.27:600][297]LogBlueprintUserMessages: [PlayerController_2] 0.0
[2018.12.04-13.55.27:617][298]LogBlueprintUserMessages: [PlayerController_2] 0.0
[2018.12.04-13.55.27:634][299]LogBlueprintUserMessages: [PlayerController_2] 0.0
[2018.12.04-13.55.27:650][300]LogBlueprintUserMessages: [PlayerController_2] 0.0
[2018.12.04-13.55.27:666][301]LogBlueprintUserMessages: [PlayerController_2] 0.0
[2018.12.04-13.55.27:683][302]LogBlueprintUserMessages: [PlayerController_2] 0.0
[2018.12.04-13.55.27:700][303]LogBlueprintUserMessages: [PlayerController_2] 0.0
[2018.12.04-13.55.27:716][304]LogBlueprintUserMessages: [PlayerController_2] 0.0
[2018.12.04-13.55.27:734][305]LogBlueprintUserMessages: [PlayerController_2] 0.0
[2018.12.04-13.55.27:750][306]LogBlueprintUserMessages: [PlayerController_2] 0.0
[2018.12.04-13.55.27:766][307]LogBlueprintUserMessages: [PlayerController_2] 0.0
[2018.12.04-13.55.27:783][308]LogBlueprintUserMessages: [PlayerController_2] 0.0
[2018.12.04-13.55.27:800][309]LogBlueprintUserMessages: [PlayerController_2] 0.0
[2018.12.04-13.55.27:816][310]LogBlueprintUserMessages: [PlayerController_2] 0.0
[2018.12.04-13.55.27:833][311]LogBlueprintUserMessages: [PlayerController_2] 0.0
[2018.12.04-13.55.27:850][312]LogBlueprintUserMessages: [PlayerController_2] 0.0
[2018.12.04-13.55.27:866][313]LogBlueprintUserMessages: [PlayerController_2] 0.0
[2018.12.04-13.55.27:883][314]LogBlueprintUserMessages: [PlayerController_2] 0.0
[2018.12.04-13.55.27:900][315]LogBlueprintUserMessages: [PlayerController_2] 0.0
[2018.12.04-13.55.27:916][316]LogBlueprintUserMessages: [PlayerController_2] 0.0
[2018.12.04-13.55.27:933][317]LogBlueprintUserMessages: [PlayerController_2] 0.0
[2018.12.04-13.55.27:950][318]LogBlueprintUserMessages: [PlayerController_2] 0.0
[2018.12.04-13.55.27:967][319]LogBlueprintUserMessages: [PlayerController_2] 0.0
[2018.12.04-13.55.27:983][320]LogBlueprintUserMessages: [PlayerController_2] 0.0
[2018.12.04-13.55.28:000][321]LogBlueprintUserMessages: [PlayerController_2] 0.0
[2018.12.04-13.55.28:016][322]LogBlueprintUserMessages: [PlayerController_2] 0.0
[2018.12.04-13.55.28:033][323]LogBlueprintUserMessages: [PlayerController_2] 0.0
[2018.12.04-13.55.28:050][324]LogBlueprintUserMessages: [PlayerController_2] 0.0
[2018.12.04-13.55.28:067][325]LogBlueprintUserMessages: [PlayerController_2] 0.0
[2018.12.04-13.55.28:083][326]LogBlueprintUserMessages: [PlayerController_2] 0.0
[2018.12.04-13.55.28:100][327]LogBlueprintUserMessages: [PlayerController_2] 0.0
[2018.12.04-13.55.28:116][328]LogBlueprintUserMessages: [PlayerController_2] 0.0
[2018.12.04-13.55.28:134][329]LogBlueprintUserMessages: [PlayerController_2] 0.0
[2018.12.04-13.55.28:150][330]LogBlueprintUserMessages: [PlayerController_2] 0.0
[2018.12.04-13.55.28:167][331]LogBlueprintUserMessages: [PlayerController_2] 0.0
[2018.12.04-13.55.28:184][332]LogBlueprintUserMessages: [PlayerController_2] 0.0
[2018.12.04-13.55.28:200][333]LogBlueprintUserMessages: [PlayerController_2] 0.0
[2018.12.04-13.55.28:217][334]LogBlueprintUserMessages: [PlayerController_2] 0.0
[2018.12.04-13.55.28:234][335]LogBlueprintUserMessages: [PlayerController_2] 0.0
[2018.12.04-13.55.28:250][336]LogBlueprintUserMessages: [PlayerController_2] 0.0
[2018.12.04-13.55.28:266][337]LogBlueprintUserMessages: [PlayerController_2] 0.0
[2018.12.04-13.55.28:284][338]LogBlueprintUserMessages: [PlayerController_2] 0.0
[2018.12.04-13.55.28:300][339]LogBlueprintUserMessages: [PlayerController_2] 0.0
[2018.12.04-13.55.28:317][340]LogBlueprintUserMessages: [PlayerController_2] 0.0
[2018.12.04-13.55.28:334][341]LogBlueprintUserMessages: [PlayerController_2] 0.0
[2018.12.04-13.55.28:350][342]LogBlueprintUserMessages: [PlayerController_2] 0.0
[2018.12.04-13.55.28:367][343]LogBlueprintUserMessages: [PlayerController_2] 0.0
[2018.12.04-13.55.28:384][344]LogBlueprintUserMessages: [PlayerController_2] 0.0
[2018.12.04-13.55.28:400][345]LogBlueprintUserMessages: [PlayerController_2] 0.0
[2018.12.04-13.55.28:417][346]LogBlueprintUserMessages: [PlayerController_2] 0.0
[2018.12.04-13.55.28:434][347]LogBlueprintUserMessages: [PlayerController_2] 0.0
[2018.12.04-13.55.28:450][348]LogBlueprintUserMessages: [PlayerController_2] 0.0
[2018.12.04-13.55.28:467][349]LogBlueprintUserMessages: [PlayerController_2] 0.0
[2018.12.04-13.55.28:483][350]LogBlueprintUserMessages: [PlayerController_2] 0.0
[2018.12.04-13.55.28:501][351]LogBlueprintUserMessages: [PlayerController_2] 0.0
[2018.12.04-13.55.28:517][352]LogBlueprintUserMessages: [PlayerController_2] 0.0
[2018.12.04-13.55.28:534][353]LogBlueprintUserMessages: [PlayerController_2] 0.0
[2018.12.04-13.55.28:551][354]LogBlueprintUserMessages: [PlayerController_2] 0.0
[2018.12.04-13.55.28:567][355]LogBlueprintUserMessages: [PlayerController_2] 0.0
[2018.12.04-13.55.28:583][356]LogBlueprintUserMessages: [PlayerController_2] 0.0
[2018.12.04-13.55.28:600][357]LogBlueprintUserMessages: [PlayerController_2] 0.0
[2018.12.04-13.55.28:617][358]LogBlueprintUserMessages: [PlayerController_2] 0.0
[2018.12.04-13.55.28:634][359]LogBlueprintUserMessages: [PlayerController_2] 0.0
[2018.12.04-13.55.28:650][360]LogBlueprintUserMessages: [PlayerController_2] 0.0
[2018.12.04-13.55.28:666][361]LogBlueprintUserMessages: [PlayerController_2] 0.0
[2018.12.04-13.55.28:683][362]LogBlueprintUserMessages: [PlayerController_2] 0.0
[2018.12.04-13.55.28:701][363]LogBlueprintUserMessages: [PlayerController_2] 0.0
[2018.12.04-13.55.28:717][364]LogBlueprintUserMessages: [PlayerController_2] 0.0
[2018.12.04-13.55.28:733][365]LogBlueprintUserMessages: [PlayerController_2] 0.0
[2018.12.04-13.55.28:750][366]LogBlueprintUserMessages: [PlayerController_2] 0.0
[2018.12.04-13.55.28:766][367]LogBlueprintUserMessages: [PlayerController_2] 0.0
[2018.12.04-13.55.28:783][368]LogBlueprintUserMessages: [PlayerController_2] 0.0
[2018.12.04-13.55.28:800][369]LogBlueprintUserMessages: [PlayerController_2] 0.0
[2018.12.04-13.55.28:817][370]LogBlueprintUserMessages: [PlayerController_2] 0.0
[2018.12.04-13.55.28:833][371]LogBlueprintUserMessages: [PlayerController_2] 0.0
[2018.12.04-13.55.28:850][372]LogBlueprintUserMessages: [PlayerController_2] 0.0
[2018.12.04-13.55.28:866][373]LogBlueprintUserMessages: [PlayerController_2] 0.0
[2018.12.04-13.55.28:883][374]LogBlueprintUserMessages: [PlayerController_2] 0.0
[2018.12.04-13.55.28:900][375]LogBlueprintUserMessages: [PlayerController_2] 0.0
[2018.12.04-13.55.28:917][376]LogBlueprintUserMessages: [PlayerController_2] 0.0
[2018.12.04-13.55.28:933][377]LogBlueprintUserMessages: [PlayerController_2] 0.0
[2018.12.04-13.55.28:951][378]LogBlueprintUserMessages: [PlayerController_2] 0.0
[2018.12.04-13.55.28:967][379]LogBlueprintUserMessages: [PlayerController_2] 0.0
[2018.12.04-13.55.28:983][380]LogBlueprintUserMessages: [PlayerController_2] 0.0
[2018.12.04-13.55.29:000][381]LogBlueprintUserMessages: [PlayerController_2] 0.0
[2018.12.04-13.55.29:017][382]LogBlueprintUserMessages: [PlayerController_2] 0.0
[2018.12.04-13.55.29:034][383]LogBlueprintUserMessages: [PlayerController_2] 0.0
[2018.12.04-13.55.29:051][384]LogBlueprintUserMessages: [PlayerController_2] 0.0
[2018.12.04-13.55.29:067][385]LogBlueprintUserMessages: [PlayerController_2] 0.0
[2018.12.04-13.55.29:083][386]LogBlueprintUserMessages: [PlayerController_2] 0.0
[2018.12.04-13.55.29:101][387]LogBlueprintUserMessages: [PlayerController_2] 0.0
[2018.12.04-13.55.29:117][388]LogBlueprintUserMessages: [PlayerController_2] 0.0
[2018.12.04-13.55.29:133][389]LogBlueprintUserMessages: [PlayerController_2] 0.0
[2018.12.04-13.55.29:150][390]LogBlueprintUserMessages: [PlayerController_2] 0.0
[2018.12.04-13.55.29:167][391]LogBlueprintUserMessages: [PlayerController_2] 0.0
[2018.12.04-13.55.29:184][392]LogBlueprintUserMessages: [PlayerController_2] 0.0
[2018.12.04-13.55.29:280][393]LogBlueprintUserMessages: [PlayerController_2] 0.0
[2018.12.04-13.55.29:295][394]LogBlueprintUserMessages: [PlayerController_2] 0.0
[2018.12.04-13.55.29:314][395]LogBlueprintUserMessages: [PlayerController_2] 0.0
[2018.12.04-13.55.29:352][396]LogBlueprintUserMessages: [PlayerController_2] 0.0
[2018.12.04-13.55.29:393][397]LogBlueprintUserMessages: [PlayerController_2] 0.0
[2018.12.04-13.55.29:431][398]LogBlueprintUserMessages: [PlayerController_2] 0.0
[2018.12.04-13.55.29:470][399]LogBlueprintUserMessages: [PlayerController_2] 0.0
[2018.12.04-13.55.29:503][400]LogBlueprintUserMessages: [PlayerController_2] 0.0
[2018.12.04-13.55.29:520][401]LogBlueprintUserMessages: [PlayerController_2] 0.0
[2018.12.04-13.55.29:536][402]LogBlueprintUserMessages: [PlayerController_2] 0.0
[2018.12.04-13.55.29:552][403]LogBlueprintUserMessages: [PlayerController_2] 0.0
[2018.12.04-13.55.29:569][404]LogBlueprintUserMessages: [PlayerController_2] 0.0
[2018.12.04-13.55.29:586][405]LogBlueprintUserMessages: [PlayerController_2] 0.0
[2018.12.04-13.55.29:602][406]LogBlueprintUserMessages: [PlayerController_2] 0.0
[2018.12.04-13.55.29:620][407]LogBlueprintUserMessages: [PlayerController_2] 0.0
[2018.12.04-13.55.29:636][408]LogBlueprintUserMessages: [PlayerController_2] 0.0
[2018.12.04-13.55.29:653][409]LogBlueprintUserMessages: [PlayerController_2] 0.0
[2018.12.04-13.55.29:670][410]LogBlueprintUserMessages: [PlayerController_2] 0.0
[2018.12.04-13.55.29:686][411]LogBlueprintUserMessages: [PlayerController_2] 0.0
[2018.12.04-13.55.29:702][412]LogBlueprintUserMessages: [PlayerController_2] 0.0
[2018.12.04-13.55.29:719][413]LogBlueprintUserMessages: [PlayerController_2] 0.0
[2018.12.04-13.55.29:736][414]LogBlueprintUserMessages: [PlayerController_2] 0.0
[2018.12.04-13.55.29:753][415]LogBlueprintUserMessages: [PlayerController_2] 0.0
[2018.12.04-13.55.29:769][416]LogBlueprintUserMessages: [PlayerController_2] 0.0
[2018.12.04-13.55.29:786][417]LogBlueprintUserMessages: [PlayerController_2] 0.0
[2018.12.04-13.55.29:802][418]LogBlueprintUserMessages: [PlayerController_2] 0.0
[2018.12.04-13.55.29:819][419]LogBlueprintUserMessages: [PlayerController_2] 0.0
[2018.12.04-13.55.29:836][420]LogBlueprintUserMessages: [PlayerController_2] 0.0
[2018.12.04-13.55.29:853][421]LogBlueprintUserMessages: [PlayerController_2] 0.0
[2018.12.04-13.55.29:870][422]LogBlueprintUserMessages: [PlayerController_2] 0.0
[2018.12.04-13.55.29:886][423]LogBlueprintUserMessages: [PlayerController_2] 0.0
[2018.12.04-13.55.29:903][424]LogBlueprintUserMessages: [PlayerController_2] 0.0
[2018.12.04-13.55.29:920][425]LogBlueprintUserMessages: [PlayerController_2] 0.0
[2018.12.04-13.55.29:936][426]LogBlueprintUserMessages: [PlayerController_2] 0.0
[2018.12.04-13.55.29:953][427]LogBlueprintUserMessages: [PlayerController_2] 0.0
[2018.12.04-13.55.29:969][428]LogBlueprintUserMessages: [PlayerController_2] 0.0
[2018.12.04-13.55.29:986][429]LogBlueprintUserMessages: [PlayerController_2] 0.0
[2018.12.04-13.55.30:002][430]LogBlueprintUserMessages: [PlayerController_2] 0.0
[2018.12.04-13.55.30:019][431]LogBlueprintUserMessages: [PlayerController_2] 0.0
[2018.12.04-13.55.30:036][432]LogBlueprintUserMessages: [PlayerController_2] 0.0
[2018.12.04-13.55.30:052][433]LogBlueprintUserMessages: [PlayerController_2] 0.0
[2018.12.04-13.55.30:069][434]LogBlueprintUserMessages: [PlayerController_2] 0.0
[2018.12.04-13.55.30:086][435]LogBlueprintUserMessages: [PlayerController_2] 0.0
[2018.12.04-13.55.30:103][436]LogBlueprintUserMessages: [PlayerController_2] 0.0
[2018.12.04-13.55.30:119][437]LogBlueprintUserMessages: [PlayerController_2] 0.0
[2018.12.04-13.55.30:136][438]LogBlueprintUserMessages: [PlayerController_2] 0.0
[2018.12.04-13.55.30:153][439]LogBlueprintUserMessages: [PlayerController_2] 0.0
[2018.12.04-13.55.30:169][440]LogBlueprintUserMessages: [PlayerController_2] 0.0
[2018.12.04-13.55.30:186][441]LogBlueprintUserMessages: [PlayerController_2] 0.0
[2018.12.04-13.55.30:203][442]LogBlueprintUserMessages: [PlayerController_2] 0.0
[2018.12.04-13.55.30:219][443]LogBlueprintUserMessages: [PlayerController_2] 0.0
[2018.12.04-13.55.30:236][444]LogBlueprintUserMessages: [PlayerController_2] 0.0
[2018.12.04-13.55.30:253][445]LogBlueprintUserMessages: [PlayerController_2] 0.0
[2018.12.04-13.55.30:269][446]LogBlueprintUserMessages: [PlayerController_2] 0.0
[2018.12.04-13.55.30:286][447]LogBlueprintUserMessages: [PlayerController_2] 0.0
[2018.12.04-13.55.30:303][448]LogBlueprintUserMessages: [PlayerController_2] 0.0
[2018.12.04-13.55.30:319][449]LogBlueprintUserMessages: [PlayerController_2] 0.0
[2018.12.04-13.55.30:336][450]LogBlueprintUserMessages: [PlayerController_2] 0.0
[2018.12.04-13.55.30:352][451]LogBlueprintUserMessages: [PlayerController_2] 0.0
[2018.12.04-13.55.30:369][452]LogBlueprintUserMessages: [PlayerController_2] 0.0
[2018.12.04-13.55.30:386][453]LogBlueprintUserMessages: [PlayerController_2] 0.0
[2018.12.04-13.55.30:403][454]LogBlueprintUserMessages: [PlayerController_2] 0.0
[2018.12.04-13.55.30:419][455]LogBlueprintUserMessages: [PlayerController_2] 0.0
[2018.12.04-13.55.30:436][456]LogBlueprintUserMessages: [PlayerController_2] 0.0
[2018.12.04-13.55.30:437][456]LogSlate: Updating window title bar state: overlay mode, drag disabled, window buttons hidden, title bar hidden
[2018.12.04-13.55.30:475][456]LogPlayLevel: Display: Shutting down PIE online subsystems
[2018.12.04-13.55.30:503][456]LogSlate: Updating window title bar state: overlay mode, drag disabled, window buttons hidden, title bar hidden
[2018.12.04-13.55.30:544][458]LogPlayLevel: Display: Destroying online subsystem :Context_6
[2018.12.04-13.55.35:007][722]LogSlate: FSceneViewport::OnFocusLost() reason 0
[2018.12.04-13.55.43:969][259]LogAssetEditorManager: Opening Asset editor for Blueprint /Game/BluePrints/PlayerBP.PlayerBP
[2018.12.04-13.55.44:228][259]LogSlate: Took 0.000151 seconds to synchronously load lazily loaded font '../../../Engine/Content/Slate/Fonts/Roboto-BoldCondensed.ttf' (158K)
[2018.12.04-13.59.53:799][505]LogSlate: Window 'PlayerBP' being destroyed
[2018.12.04-13.59.56:007][627]LogSavePackage: Moving '../../../../../../Projets/Unreal/Unreal_AsteroidsEvolution/asteroids-evolution/AsteroidsEvolution/Saved/BenjiLevel91A70C80411207D25E025CA626282134.tmp' to '../../../../../../Projets/Unreal/Unreal_AsteroidsEvolution/asteroids-evolution/AsteroidsEvolution/Content/Levels/BenjiLevel.umap'
[2018.12.04-13.59.56:055][627]LogSavePackage: Moving '../../../../../../Projets/Unreal/Unreal_AsteroidsEvolution/asteroids-evolution/AsteroidsEvolution/Saved/BenjiLevel_BuiltDataBECB454449B6D6AEA0BE1FA49D9A0AEE.tmp' to '../../../../../../Projets/Unreal/Unreal_AsteroidsEvolution/asteroids-evolution/AsteroidsEvolution/Content/Levels/BenjiLevel_BuiltData.uasset'
[2018.12.04-14.00.16:853][871]LogTemp: Repeating last play command: Selected Viewport
[2018.12.04-14.00.16:865][871]LogPlayLevel: PlayLevel: No blueprints needed recompiling
[2018.12.04-14.00.16:865][871]PIE: New page: PIE session: BenjiLevel (4 déc. 2018 16:00:16)
[2018.12.04-14.00.16:865][871]LogPlayLevel: Creating play world package: /Game/Levels/UEDPIE_0_BenjiLevel
[2018.12.04-14.00.16:867][871]LogPlayLevel: PIE: StaticDuplicateObject took: (0.001748s)
[2018.12.04-14.00.16:868][871]LogAIModule: Creating AISystem for world BenjiLevel
[2018.12.04-14.00.16:868][871]LogPlayLevel: PIE: World Init took: (0.000606s)
[2018.12.04-14.00.16:868][871]LogPlayLevel: PIE: Created PIE world by copying editor world from /Game/Levels/BenjiLevel.BenjiLevel to /Game/Levels/UEDPIE_0_BenjiLevel.BenjiLevel (0.002445s)
[2018.12.04-14.00.16:898][871]LogInit: XAudio2 using 'Headset Earphone (Razer Kraken 7.1 V2)' : 2 channels at 48 kHz using 16 bits per sample (channel mask 0x3)
[2018.12.04-14.00.16:934][871]LogInit: FAudioDevice initialized.
[2018.12.04-14.00.16:975][871]LogLoad: Game class is 'TwinStickGameMode_C'
[2018.12.04-14.00.16:977][871]LogWorld: Bringing World /Game/Levels/UEDPIE_0_BenjiLevel.BenjiLevel up for play (max tick rate 60) at 2018.12.04-15.00.16
[2018.12.04-14.00.16:977][871]LogWorld: Bringing up level for play took: 0.000717
[2018.12.04-14.00.16:988][871]LogPlayerController: Error: EnableInput can only be specified on a PlayerController for itself
[2018.12.04-14.00.16:988][871]LogSpawn: Warning: SpawnActor failed because of collision at the spawn location [X=0.000 Y=0.000 Z=0.000] for [PlayerBP_C]
[2018.12.04-14.00.16:989][871]LogWindows: Windows GetLastError: L’opération a réussi. (0)
[2018.12.04-14.00.17:894][871]LogWindows: Error: === Critical error: ===
[2018.12.04-14.00.17:894][871]LogWindows: Error: 
[2018.12.04-14.00.17:894][871]LogWindows: Error: Assertion failed: NewPlayer->PlayerState [File:D:\Build\++UE4\Sync\Engine\Source\Runtime\Engine\Private\GameSession.cpp] [Line: 235] 
[2018.12.04-14.00.17:894][871]LogWindows: Error: 
[2018.12.04-14.00.17:894][871]LogWindows: Error: 
[2018.12.04-14.00.17:894][871]LogWindows: Error: 
[2018.12.04-14.00.17:894][871]LogWindows: Error: [Callstack] 0x00007ffb8cfea388 KERNELBASE.dll!UnknownFunction []
[2018.12.04-14.00.17:894][871]LogWindows: Error: [Callstack] 0x00007ffb66836850 UE4Editor-ApplicationCore.dll!UnknownFunction []
[2018.12.04-14.00.17:894][871]LogWindows: Error: [Callstack] 0x00007ffb3f3062fc UE4Editor-Core.dll!UnknownFunction []
[2018.12.04-14.00.17:894][871]LogWindows: Error: [Callstack] 0x00007ffb3f2951db UE4Editor-Core.dll!UnknownFunction []
[2018.12.04-14.00.17:894][871]LogWindows: Error: [Callstack] 0x00007ffb0d8c6d5d UE4Editor-Engine.dll!UnknownFunction []
[2018.12.04-14.00.17:894][871]LogWindows: Error: [Callstack] 0x00007ffb0d8b720e UE4Editor-Engine.dll!UnknownFunction []
[2018.12.04-14.00.17:894][871]LogWindows: Error: [Callstack] 0x00007ffb0d8b96dc UE4Editor-Engine.dll!UnknownFunction []
[2018.12.04-14.00.17:894][871]LogWindows: Error: [Callstack] 0x00007ffb0db10f45 UE4Editor-Engine.dll!UnknownFunction []
[2018.12.04-14.00.17:894][871]LogWindows: Error: [Callstack] 0x00007ffb0db108ac UE4Editor-Engine.dll!UnknownFunction []
[2018.12.04-14.00.17:894][871]LogWindows: Error: [Callstack] 0x00007ffb0d8d1ec5 UE4Editor-Engine.dll!UnknownFunction []
[2018.12.04-14.00.17:894][871]LogWindows: Error: [Callstack] 0x00007ffb3822f989 UE4Editor-UnrealEd.dll!UnknownFunction []
[2018.12.04-14.00.17:894][871]LogWindows: Error: [Callstack] 0x00007ffb382501ac UE4Editor-UnrealEd.dll!UnknownFunction []
[2018.12.04-14.00.17:894][871]LogWindows: Error: [Callstack] 0x00007ffb3826e536 UE4Editor-UnrealEd.dll!UnknownFunction []
[2018.12.04-14.00.17:894][871]LogWindows: Error: [Callstack] 0x00007ffb37c86b41 UE4Editor-UnrealEd.dll!UnknownFunction []
[2018.12.04-14.00.17:894][871]LogWindows: Error: [Callstack] 0x00007ffb3857f666 UE4Editor-UnrealEd.dll!UnknownFunction []
[2018.12.04-14.00.17:894][871]LogWindows: Error: [Callstack] 0x00007ff6b66b5cbd UE4Editor.exe!UnknownFunction []
[2018.12.04-14.00.17:894][871]LogWindows: Error: [Callstack] 0x00007ff6b66c5b3c UE4Editor.exe!UnknownFunction []
[2018.12.04-14.00.17:894][871]LogWindows: Error: [Callstack] 0x00007ff6b66c5bba UE4Editor.exe!UnknownFunction []
[2018.12.04-14.00.17:894][871]LogWindows: Error: [Callstack] 0x00007ff6b66d3dac UE4Editor.exe!UnknownFunction []
[2018.12.04-14.00.17:894][871]LogWindows: Error: [Callstack] 0x00007ff6b66d5aaa UE4Editor.exe!UnknownFunction []
[2018.12.04-14.00.17:894][871]LogWindows: Error: [Callstack] 0x00007ffb90323034 KERNEL32.DLL!UnknownFunction []
[2018.12.04-14.00.17:894][871]LogWindows: Error: [Callstack] 0x00007ffb90ab1471 ntdll.dll!UnknownFunction []
[2018.12.04-14.00.17:894][871]LogWindows: Error: 
[2018.12.04-14.00.17:920][871]LogExit: Executing StaticShutdownAfterError
[2018.12.04-14.00.17:922][871]LogWindows: FPlatformMisc::RequestExit(1)
[2018.12.04-14.00.17:926][871]Log file closed, 12/04/18 15:00:17
